
Cadence Innovus(TM) Implementation System.
Copyright 2020 Cadence Design Systems, Inc. All rights reserved worldwide.

Version:	v20.10-p004_1, built Thu May 7 20:02:41 PDT 2020
Options:	
Date:		Mon Jan  3 17:17:41 2022
Host:		cad29 (x86_64 w/Linux 2.6.32-754.27.1.el6.x86_64) (10cores*40cpus*Intel(R) Xeon(R) CPU E5-2650 v3 @ 2.30GHz 25600KB)
OS:		CentOS release 6.10 (Final)

License:
		invs	Innovus Implementation System	20.1	checkout succeeded
		8 CPU jobs allowed with the current license(s). Use setMultiCpuUsage to set your required CPU count.
**WARN: (IMPOPT-801):	Genus executable not found in PATH. Install Genus, add the path to the genus executable in the PATH variable and rerun Innovus.
Change the soft stacksize limit to 0.2%RAM (677 mbytes). Set global soft_stack_size_limit to change the value.

**INFO:  MMMC transition support version v31-84 

<CMD> set_global _enable_mmmc_by_default_flow      $CTE::mmmc_default
<CMD> suppressMessage ENCEXT-2799
<CMD> win

--------------------------------------------------------------------------------
Exiting Innovus on Mon Jan  3 17:20:17 2022
  Total CPU time:     0:00:27
  Total real time:    0:02:38
  Peak memory (main): 561.40MB


*** Memory Usage v#1 (Current mem = 837.145M, initial mem = 274.973M) ***
*** Message Summary: 1 warning(s), 0 error(s)

--- Ending "Innovus" (totcpu=0:00:26.9, real=0:02:36, mem=837.1M) ---
