
Cadence Innovus(TM) Implementation System.
Copyright 2020 Cadence Design Systems, Inc. All rights reserved worldwide.

Version:	v20.10-p004_1, built Thu May 7 20:02:41 PDT 2020
Options:	
Date:		Tue Dec 28 20:04:03 2021
Host:		cad29 (x86_64 w/Linux 2.6.32-754.27.1.el6.x86_64) (10cores*40cpus*Intel(R) Xeon(R) CPU E5-2650 v3 @ 2.30GHz 25600KB)
OS:		CentOS release 6.10 (Final)

License:
		invs	Innovus Implementation System	20.1	checkout succeeded
		8 CPU jobs allowed with the current license(s). Use setMultiCpuUsage to set your required CPU count.
**WARN: (IMPOPT-801):	Genus executable not found in PATH. Install Genus, add the path to the genus executable in the PATH variable and rerun Innovus.
Change the soft stacksize limit to 0.2%RAM (677 mbytes). Set global soft_stack_size_limit to change the value.

**INFO:  MMMC transition support version v31-84 

<CMD> set_global _enable_mmmc_by_default_flow      $CTE::mmmc_default
<CMD> suppressMessage ENCEXT-2799
<CMD> win
<CMD> set init_gnd_net VSS
<CMD> set init_lef_file {library/lef/tsmc13fsg_8lm_cic.lef ../sram_lef/sram_256x8.vclef ../sram_lef/sram_256x8_ant.lef library/lef/antenna_8.lef}
<CMD> set init_verilog ../02_SYN/Netlist/ipdc_syn.v
<CMD> set init_mmmc_file mmmc.view
<CMD> set init_top_cell IPDC
<CMD> set init_pwr_net VDD
<CMD> init_design
#% Begin Load MMMC data ... (date=12/28 20:06:51, mem=587.0M)
#% End Load MMMC data ... (date=12/28 20:06:51, total cpu=0:00:00.0, real=0:00:00.0, peak res=587.2M, current mem=587.2M)
RC_corner

Loading LEF file library/lef/tsmc13fsg_8lm_cic.lef ...
Set DBUPerIGU to M2 pitch 920.

Loading LEF file ../sram_lef/sram_256x8.vclef ...
WARNING (LEFPARS-2007): NAMESCASESENSITIVE statement is obsolete in version 5.6 and later.
The LEF parser will ignore this statement.
To avoid this warning in the future, remove this statement from the LEF file with version 5.6 or later. See file ../sram_lef/sram_256x8.vclef at line 12.
WARNING (LEFPARS-2001): No VERSION statement found, using the default value 5.8. See file ../sram_lef/sram_256x8.vclef at line 1561.

Loading LEF file ../sram_lef/sram_256x8_ant.lef ...
**WARN: (IMPLF-58):	MACRO 'sram_256x8' has been found in the database. Its content except DENSITY and PIN ANTENNA* data, and certain properties, will be ignored.
Review the LEF files specified in the init_lef_file variable and remove redundant definitions.
Type 'man IMPLF-58' for more detail.
WARNING (LEFPARS-2001): No VERSION statement found, using the default value 5.8. See file ../sram_lef/sram_256x8_ant.lef at line 60.

Loading LEF file library/lef/antenna_8.lef ...
**WARN: (IMPLF-119):	LAYER 'METAL1' has been found in the database. Its content except ANTENNA* data will be ignored.
Review the LEF files specified in the init_lef_file variable and remove redundant definitions.
Type 'man IMPLF-119' for more detail.
**WARN: (IMPLF-119):	LAYER 'METAL2' has been found in the database. Its content except ANTENNA* data will be ignored.
Review the LEF files specified in the init_lef_file variable and remove redundant definitions.
Type 'man IMPLF-119' for more detail.
**WARN: (IMPLF-119):	LAYER 'METAL3' has been found in the database. Its content except ANTENNA* data will be ignored.
Review the LEF files specified in the init_lef_file variable and remove redundant definitions.
Type 'man IMPLF-119' for more detail.
**WARN: (IMPLF-119):	LAYER 'METAL4' has been found in the database. Its content except ANTENNA* data will be ignored.
Review the LEF files specified in the init_lef_file variable and remove redundant definitions.
Type 'man IMPLF-119' for more detail.
**WARN: (IMPLF-119):	LAYER 'METAL5' has been found in the database. Its content except ANTENNA* data will be ignored.
Review the LEF files specified in the init_lef_file variable and remove redundant definitions.
Type 'man IMPLF-119' for more detail.
**WARN: (IMPLF-119):	LAYER 'METAL6' has been found in the database. Its content except ANTENNA* data will be ignored.
Review the LEF files specified in the init_lef_file variable and remove redundant definitions.
Type 'man IMPLF-119' for more detail.
**WARN: (IMPLF-119):	LAYER 'METAL7' has been found in the database. Its content except ANTENNA* data will be ignored.
Review the LEF files specified in the init_lef_file variable and remove redundant definitions.
Type 'man IMPLF-119' for more detail.
**WARN: (IMPLF-119):	LAYER 'METAL8' has been found in the database. Its content except ANTENNA* data will be ignored.
Review the LEF files specified in the init_lef_file variable and remove redundant definitions.
Type 'man IMPLF-119' for more detail.
**WARN: (IMPLF-119):	LAYER 'VIA12' has been found in the database. Its content except ANTENNA* data will be ignored.
Review the LEF files specified in the init_lef_file variable and remove redundant definitions.
Type 'man IMPLF-119' for more detail.
**WARN: (IMPLF-119):	LAYER 'VIA23' has been found in the database. Its content except ANTENNA* data will be ignored.
Review the LEF files specified in the init_lef_file variable and remove redundant definitions.
Type 'man IMPLF-119' for more detail.
**WARN: (IMPLF-119):	LAYER 'VIA34' has been found in the database. Its content except ANTENNA* data will be ignored.
Review the LEF files specified in the init_lef_file variable and remove redundant definitions.
Type 'man IMPLF-119' for more detail.
**WARN: (IMPLF-119):	LAYER 'VIA45' has been found in the database. Its content except ANTENNA* data will be ignored.
Review the LEF files specified in the init_lef_file variable and remove redundant definitions.
Type 'man IMPLF-119' for more detail.
**WARN: (IMPLF-119):	LAYER 'VIA56' has been found in the database. Its content except ANTENNA* data will be ignored.
Review the LEF files specified in the init_lef_file variable and remove redundant definitions.
Type 'man IMPLF-119' for more detail.
**WARN: (IMPLF-119):	LAYER 'VIA67' has been found in the database. Its content except ANTENNA* data will be ignored.
Review the LEF files specified in the init_lef_file variable and remove redundant definitions.
Type 'man IMPLF-119' for more detail.
**WARN: (IMPLF-119):	LAYER 'VIA78' has been found in the database. Its content except ANTENNA* data will be ignored.
Review the LEF files specified in the init_lef_file variable and remove redundant definitions.
Type 'man IMPLF-119' for more detail.
**WARN: (IMPLF-44):	Macro 'PDC0102CDG' has no SIZE statement or a zero SIZE
statement and it is a class CORE macro so it needs a correct SIZE. There
is no SITE statement, so a useful SIZE cannot be computed, so this macro
is not loaded in the Innovus database and cannot be used in the
netlist.
**WARN: (IMPLF-44):	Macro 'PDC0204CDG' has no SIZE statement or a zero SIZE
statement and it is a class CORE macro so it needs a correct SIZE. There
is no SITE statement, so a useful SIZE cannot be computed, so this macro
is not loaded in the Innovus database and cannot be used in the
netlist.
**WARN: (IMPLF-44):	Macro 'PDC0408CDG' has no SIZE statement or a zero SIZE
statement and it is a class CORE macro so it needs a correct SIZE. There
is no SITE statement, so a useful SIZE cannot be computed, so this macro
is not loaded in the Innovus database and cannot be used in the
netlist.
**WARN: (IMPLF-44):	Macro 'PDC1216CDG' has no SIZE statement or a zero SIZE
statement and it is a class CORE macro so it needs a correct SIZE. There
is no SITE statement, so a useful SIZE cannot be computed, so this macro
is not loaded in the Innovus database and cannot be used in the
netlist.
**WARN: (IMPLF-44):	Macro 'PDS0102CDG' has no SIZE statement or a zero SIZE
statement and it is a class CORE macro so it needs a correct SIZE. There
is no SITE statement, so a useful SIZE cannot be computed, so this macro
is not loaded in the Innovus database and cannot be used in the
netlist.
**WARN: (IMPLF-44):	Macro 'PDS0204CDG' has no SIZE statement or a zero SIZE
statement and it is a class CORE macro so it needs a correct SIZE. There
is no SITE statement, so a useful SIZE cannot be computed, so this macro
is not loaded in the Innovus database and cannot be used in the
netlist.
**WARN: (IMPLF-44):	Macro 'PDS0408CDG' has no SIZE statement or a zero SIZE
statement and it is a class CORE macro so it needs a correct SIZE. There
is no SITE statement, so a useful SIZE cannot be computed, so this macro
is not loaded in the Innovus database and cannot be used in the
netlist.
**WARN: (IMPLF-44):	Macro 'PDS1216CDG' has no SIZE statement or a zero SIZE
statement and it is a class CORE macro so it needs a correct SIZE. There
is no SITE statement, so a useful SIZE cannot be computed, so this macro
is not loaded in the Innovus database and cannot be used in the
netlist.
**WARN: (IMPLF-44):	Macro 'PRC0102CDG' has no SIZE statement or a zero SIZE
statement and it is a class CORE macro so it needs a correct SIZE. There
is no SITE statement, so a useful SIZE cannot be computed, so this macro
is not loaded in the Innovus database and cannot be used in the
netlist.
**WARN: (IMPLF-44):	Macro 'PRC0204CDG' has no SIZE statement or a zero SIZE
statement and it is a class CORE macro so it needs a correct SIZE. There
is no SITE statement, so a useful SIZE cannot be computed, so this macro
is not loaded in the Innovus database and cannot be used in the
netlist.
**WARN: (IMPLF-44):	Macro 'PRC0408CDG' has no SIZE statement or a zero SIZE
statement and it is a class CORE macro so it needs a correct SIZE. There
is no SITE statement, so a useful SIZE cannot be computed, so this macro
is not loaded in the Innovus database and cannot be used in the
netlist.
**WARN: (IMPLF-44):	Macro 'PRC1216CDG' has no SIZE statement or a zero SIZE
statement and it is a class CORE macro so it needs a correct SIZE. There
is no SITE statement, so a useful SIZE cannot be computed, so this macro
is not loaded in the Innovus database and cannot be used in the
netlist.
**WARN: (IMPLF-44):	Macro 'PRS0102CDG' has no SIZE statement or a zero SIZE
statement and it is a class CORE macro so it needs a correct SIZE. There
is no SITE statement, so a useful SIZE cannot be computed, so this macro
is not loaded in the Innovus database and cannot be used in the
netlist.
**WARN: (IMPLF-44):	Macro 'PRS0204CDG' has no SIZE statement or a zero SIZE
statement and it is a class CORE macro so it needs a correct SIZE. There
is no SITE statement, so a useful SIZE cannot be computed, so this macro
is not loaded in the Innovus database and cannot be used in the
netlist.
**WARN: (IMPLF-44):	Macro 'PRS0408CDG' has no SIZE statement or a zero SIZE
statement and it is a class CORE macro so it needs a correct SIZE. There
is no SITE statement, so a useful SIZE cannot be computed, so this macro
is not loaded in the Innovus database and cannot be used in the
netlist.
**WARN: (IMPLF-44):	Macro 'PRS1216CDG' has no SIZE statement or a zero SIZE
statement and it is a class CORE macro so it needs a correct SIZE. There
is no SITE statement, so a useful SIZE cannot be computed, so this macro
is not loaded in the Innovus database and cannot be used in the
netlist.
**WARN: (IMPLF-44):	Macro 'PVDD1CDG' has no SIZE statement or a zero SIZE
statement and it is a class CORE macro so it needs a correct SIZE. There
is no SITE statement, so a useful SIZE cannot be computed, so this macro
is not loaded in the Innovus database and cannot be used in the
netlist.
**WARN: (IMPLF-44):	Macro 'PVSS1CDG' has no SIZE statement or a zero SIZE
statement and it is a class CORE macro so it needs a correct SIZE. There
is no SITE statement, so a useful SIZE cannot be computed, so this macro
is not loaded in the Innovus database and cannot be used in the
netlist.
**WARN: (IMPLF-44):	Macro 'PVSS3CDG' has no SIZE statement or a zero SIZE
statement and it is a class CORE macro so it needs a correct SIZE. There
is no SITE statement, so a useful SIZE cannot be computed, so this macro
is not loaded in the Innovus database and cannot be used in the
netlist.
**WARN: (IMPLF-44):	Macro 'PXOE1CDG' has no SIZE statement or a zero SIZE
statement and it is a class CORE macro so it needs a correct SIZE. There
is no SITE statement, so a useful SIZE cannot be computed, so this macro
is not loaded in the Innovus database and cannot be used in the
netlist.
**WARN: (EMS-27):	Message (IMPLF-44) has exceeded the current message display limit of 20.
To increase the message display limit, refer to the product command reference manual.
WARNING (LEFPARS-2001): No VERSION statement found, using the default value 5.8. See file library/lef/antenna_8.lef at line 606.
**WARN: (IMPLF-61):	1 duplicated MACRO definitions have been found in the LEF file(s). Their content except DENSITY and PIN ANTENNA* data, and certain properties, have been ignored.
Review the LEF files specified in the init_lef_file variable and remove redundant definitions.
Type 'man IMPLF-61' for more detail.
**WARN: (IMPLF-201):	Pin 'Q[0]' in macro 'sram_256x8' has no ANTENNADIFFAREA value defined. The library data is incomplete and some process antenna rules will not be checked correctly.
Type 'man IMPLF-201' for more detail.
**WARN: (IMPLF-201):	Pin 'Q[1]' in macro 'sram_256x8' has no ANTENNADIFFAREA value defined. The library data is incomplete and some process antenna rules will not be checked correctly.
Type 'man IMPLF-201' for more detail.
**WARN: (IMPLF-201):	Pin 'Q[2]' in macro 'sram_256x8' has no ANTENNADIFFAREA value defined. The library data is incomplete and some process antenna rules will not be checked correctly.
Type 'man IMPLF-201' for more detail.
**WARN: (IMPLF-201):	Pin 'Q[3]' in macro 'sram_256x8' has no ANTENNADIFFAREA value defined. The library data is incomplete and some process antenna rules will not be checked correctly.
Type 'man IMPLF-201' for more detail.
**WARN: (IMPLF-201):	Pin 'Q[4]' in macro 'sram_256x8' has no ANTENNADIFFAREA value defined. The library data is incomplete and some process antenna rules will not be checked correctly.
Type 'man IMPLF-201' for more detail.
**WARN: (IMPLF-201):	Pin 'Q[5]' in macro 'sram_256x8' has no ANTENNADIFFAREA value defined. The library data is incomplete and some process antenna rules will not be checked correctly.
Type 'man IMPLF-201' for more detail.
**WARN: (IMPLF-201):	Pin 'Q[6]' in macro 'sram_256x8' has no ANTENNADIFFAREA value defined. The library data is incomplete and some process antenna rules will not be checked correctly.
Type 'man IMPLF-201' for more detail.
**WARN: (IMPLF-201):	Pin 'Q[7]' in macro 'sram_256x8' has no ANTENNADIFFAREA value defined. The library data is incomplete and some process antenna rules will not be checked correctly.
Type 'man IMPLF-201' for more detail.
**WARN: (IMPLF-200):	Pin 'A' in macro 'ANTENNA' has no ANTENNAGATEAREA value defined. The library data is incomplete and some process antenna rules will not be checked correctly.
Type 'man IMPLF-200' for more detail.

viaInitial starts at Tue Dec 28 20:06:51 2021
**WARN: (IMPPP-557):	A single-layer VIARULE GENERATE for turn-vias is obsolete and is being ignored. Remove this statement from the technology file: VIARULE TURNM1 GENERATE.
Type 'man IMPPP-557' for more detail.
**WARN: (IMPPP-557):	A single-layer VIARULE GENERATE for turn-vias is obsolete and is being ignored. Remove this statement from the technology file: VIARULE TURNM2 GENERATE.
Type 'man IMPPP-557' for more detail.
**WARN: (IMPPP-557):	A single-layer VIARULE GENERATE for turn-vias is obsolete and is being ignored. Remove this statement from the technology file: VIARULE TURNM3 GENERATE.
Type 'man IMPPP-557' for more detail.
**WARN: (IMPPP-557):	A single-layer VIARULE GENERATE for turn-vias is obsolete and is being ignored. Remove this statement from the technology file: VIARULE TURNM4 GENERATE.
Type 'man IMPPP-557' for more detail.
**WARN: (IMPPP-557):	A single-layer VIARULE GENERATE for turn-vias is obsolete and is being ignored. Remove this statement from the technology file: VIARULE TURNM5 GENERATE.
Type 'man IMPPP-557' for more detail.
**WARN: (IMPPP-557):	A single-layer VIARULE GENERATE for turn-vias is obsolete and is being ignored. Remove this statement from the technology file: VIARULE TURNM6 GENERATE.
Type 'man IMPPP-557' for more detail.
**WARN: (IMPPP-557):	A single-layer VIARULE GENERATE for turn-vias is obsolete and is being ignored. Remove this statement from the technology file: VIARULE TURNM7 GENERATE.
Type 'man IMPPP-557' for more detail.
**WARN: (IMPPP-557):	A single-layer VIARULE GENERATE for turn-vias is obsolete and is being ignored. Remove this statement from the technology file: VIARULE TURNM8 GENERATE.
Type 'man IMPPP-557' for more detail.
viaInitial ends at Tue Dec 28 20:06:51 2021

##  Check design process and node:  
##  Both design process and tech node are not set.

Loading view definition file from mmmc.view
Reading lib_max timing library '/home/raid7_1/userd/d10013/CVSD/hw5/APR/library/lib/slow.lib' ...
**WARN: (TECHLIB-302):	No function defined for cell 'HOLDX1'. The cell will only be used for analysis. (File /home/raid7_1/userd/d10013/CVSD/hw5/APR/library/lib/slow.lib)
Read 527 cells in library 'slow' 
Reading lib_max timing library '/home/raid7_1/userd/d10013/CVSD/hw5/sram_256x8/sram_256x8_slow_syn.lib' ...
Read 1 cells in library 'sram_256x8' 
*** End library_loading (cpu=0.01min, real=0.02min, mem=15.5M, fe_cpu=0.60min, fe_real=2.82min, fe_mem=890.4M) ***
#% Begin Load netlist data ... (date=12/28 20:06:52, mem=605.6M)
*** Begin netlist parsing (mem=890.4M) ***
**WARN: (IMPVL-159):	Pin 'VSS' of cell 'XOR3XL' is defined in LEF but not in the timing library.
Type 'man IMPVL-159' for more detail.
**WARN: (IMPVL-159):	Pin 'VDD' of cell 'XOR3XL' is defined in LEF but not in the timing library.
Type 'man IMPVL-159' for more detail.
**WARN: (IMPVL-159):	Pin 'VSS' of cell 'XOR3X4' is defined in LEF but not in the timing library.
Type 'man IMPVL-159' for more detail.
**WARN: (IMPVL-159):	Pin 'VDD' of cell 'XOR3X4' is defined in LEF but not in the timing library.
Type 'man IMPVL-159' for more detail.
**WARN: (IMPVL-159):	Pin 'VSS' of cell 'XOR3X2' is defined in LEF but not in the timing library.
Type 'man IMPVL-159' for more detail.
**WARN: (IMPVL-159):	Pin 'VDD' of cell 'XOR3X2' is defined in LEF but not in the timing library.
Type 'man IMPVL-159' for more detail.
**WARN: (IMPVL-159):	Pin 'VSS' of cell 'XOR3X1' is defined in LEF but not in the timing library.
Type 'man IMPVL-159' for more detail.
**WARN: (IMPVL-159):	Pin 'VDD' of cell 'XOR3X1' is defined in LEF but not in the timing library.
Type 'man IMPVL-159' for more detail.
**WARN: (IMPVL-159):	Pin 'VSS' of cell 'XOR2XL' is defined in LEF but not in the timing library.
Type 'man IMPVL-159' for more detail.
**WARN: (IMPVL-159):	Pin 'VDD' of cell 'XOR2XL' is defined in LEF but not in the timing library.
Type 'man IMPVL-159' for more detail.
**WARN: (IMPVL-159):	Pin 'VSS' of cell 'XOR2X4' is defined in LEF but not in the timing library.
Type 'man IMPVL-159' for more detail.
**WARN: (IMPVL-159):	Pin 'VDD' of cell 'XOR2X4' is defined in LEF but not in the timing library.
Type 'man IMPVL-159' for more detail.
**WARN: (IMPVL-159):	Pin 'VSS' of cell 'XOR2X2' is defined in LEF but not in the timing library.
Type 'man IMPVL-159' for more detail.
**WARN: (IMPVL-159):	Pin 'VDD' of cell 'XOR2X2' is defined in LEF but not in the timing library.
Type 'man IMPVL-159' for more detail.
**WARN: (IMPVL-159):	Pin 'VSS' of cell 'XOR2X1' is defined in LEF but not in the timing library.
Type 'man IMPVL-159' for more detail.
**WARN: (IMPVL-159):	Pin 'VDD' of cell 'XOR2X1' is defined in LEF but not in the timing library.
Type 'man IMPVL-159' for more detail.
**WARN: (IMPVL-159):	Pin 'VSS' of cell 'XNOR3XL' is defined in LEF but not in the timing library.
Type 'man IMPVL-159' for more detail.
**WARN: (IMPVL-159):	Pin 'VDD' of cell 'XNOR3XL' is defined in LEF but not in the timing library.
Type 'man IMPVL-159' for more detail.
**WARN: (IMPVL-159):	Pin 'VSS' of cell 'XNOR3X4' is defined in LEF but not in the timing library.
Type 'man IMPVL-159' for more detail.
**WARN: (IMPVL-159):	Pin 'VDD' of cell 'XNOR3X4' is defined in LEF but not in the timing library.
Type 'man IMPVL-159' for more detail.
**WARN: (EMS-27):	Message (IMPVL-159) has exceeded the current message display limit of 20.
To increase the message display limit, refer to the product command reference manual.
Created 528 new cells from 2 timing libraries.
Reading netlist ...
Backslashed names will retain backslash and a trailing blank character.
Reading verilog netlist '../02_SYN/Netlist/ipdc_syn.v'

*** Memory Usage v#1 (Current mem = 890.391M, initial mem = 274.973M) ***
*** End netlist parsing (cpu=0:00:00.0, real=0:00:00.0, mem=890.4M) ***
#% End Load netlist data ... (date=12/28 20:06:52, total cpu=0:00:00.0, real=0:00:00.0, peak res=613.2M, current mem=613.2M)
**ERROR: (IMPSYC-300):	Cell IPDC not found.
**ERROR: (IMPVL-904):	Can't set top cell to "IPDC" because it does not exist.  Exiting!

*** Memory Usage v#1 (Current mem = 890.391M, initial mem = 274.973M) ***
*** Message Summary: 1113 warning(s), 3 error(s)

--- Ending "Innovus" (totcpu=0:00:42.9, real=0:03:13, mem=890.4M) ---
