ncsim 15.20-s084
Linux 2.6.32-754.27.1.el6.x86_64 #1 SMP Tue Jan 28 14:11:45 UTC 2020 x86_64
CPU cores: 40
Limit information:
======================================
cputime			unlimited
filesize		unlimited
datasize		unlimited
stacksize		10240 kbytes
coredumpsize	0 kbytes
memoryuse		unlimited
vmemoryuse		unlimited
descriptors		4096
memorylocked	64 kbytes
maxproc			1024
======================================
(Special)Runtime environment variables:

Runtime environment variables:
USER=d10013
LOGNAME=d10013
HOME=/home/raid7_1/userd/d10013
PATH=/usr/cad/spring_soft/laker/cur/bin:/usr/cad/innovus/cur/tools/celtic/bin:/usr/cad/innovus/cur/tools/plato/bin:/usr/cad/innovus/cur/tools/dfII/bin:/usr/cad/innovus/cur/tools/bin:/usr/cad/innovus/cur//tools/tlfUtil/bin:/usr/cad/synopsys/spyglass/cur/SPYGLASS_HOME/bin:/usr/bin/X11:/usr/cad/synopsys/coreConsultant/cur/bin:/usr/cad/synopsys/synthesis/cur/amd64/syn/bin:/usr/cad/synopsys/lc/cur/bin:/usr/mentor/calibre/cur/bin:/usr/mentor/calibre/cur/bin:/usr/cad/synopsys/customexplorer/cur/bin:/usr/cad/cadence/SPECTRE/cur/tools/dfII/bin:/usr/cad/cadence/SPECTRE/cur/tools/bin:/usr/cad/cadence/STRATUS/cur/tools/bin:/usr/cad/cadence/JASPER/cur/bin:/usr/cad/cadence/EDI/cur/tools/celtic/bin:/usr/cad/cadence/EDI/cur/tools/plato/bin:/usr/cad/cadence/EDI/cur/tools/dfII/bin:/usr/cad/cadence/EDI/cur/tools/fe/bin:/usr/cad/cadence/EDI/cur/tools/cdsdoc/bin:/usr/cad/cadence/EDI/cur/tools/bin:/usr/cad/cadence/EDI/cur//tools/tlfUtil/bin:/usr/cad/cadence/RC/cur/tools/bin:/usr/cad/cadence/MMSIM/cur/tools/dfII/bin:/usr/cad/cadence/MMSIM/cur/tools/bin:/usr/cad/cadence/NEOCIRCUIT/cur/tools/NeoCircuit/bin:bin.linux:/usr/cad/cadence/SPB/cur/tools/specctra/bin:/usr/cad/cadence/SPB/cur/tools/pcb/bin:/usr/cad/cadence/SPB/cur/tools/dfII/bin:/usr/cad/cadence/SPB/cur/tools/bin:/usr/cad/cadence/INCISIV/cur/tools/bin:/usr/cad/cadence/INCISIV/cur/tools/vtools/vfault/bin:/usr/cad/cadence/INCISIV/cur/tools/dfII/bin:/usr/cad/cadence/IC/cur/tools/dfII/bin:/usr/cad/cadence/IC/cur/tools/dracula/bin:/usr/cad/cadence/IC/cur/tools/bin:/usr/cad/cadence/EXT/cur/tools/bin:/usr/cad/cadence/ETS/cur/tools/bin:/usr/cad/cadence/CONFRML/cur/./bin:/usr/cad/cadence/CONFRML/cur/tools/bin:/usr/cad/cadence/CCD/cur/tools/bin:/usr/cad/cadence/ASSURA/cur/tools/assura/bin:/usr/cad/cadence/ASSURA/cur/tools/dsm/bin:/usr/cad/cadence/ASSURA/cur/tools/bin:/usr/cad/cadence/ASSURA/cur/tools/dfII/bin:/usr/lib64/qt-3.3/bin:/usr/local/bin:/bin:/usr/bin:/home/raid7_4/raid1_1/linux/novas/verdi/cur/bin
MAIL=/var/spool/mail/d10013
SHELL=/bin/tcsh
SSH_CLIENT=140.112.48.64 11645 22
SSH_CONNECTION=140.112.48.64 11645 140.112.20.72 22
SSH_TTY=/dev/pts/44
TERM=xterm
DISPLAY=localhost:44.0
SELINUX_ROLE_REQUESTED=
SELINUX_LEVEL_REQUESTED=
SELINUX_USE_CURRENT_RANGE=
HOSTTYPE=x86_64-linux
VENDOR=unknown
OSTYPE=linux
MACHTYPE=x86_64
SHLVL=1
PWD=/home/raid7_1/userd/d10013/hw1/1101_hw1
GROUP=user
HOST=cad29
REMOTEHOST=edasun3.ee.ntu.edu.tw
HOSTNAME=cad29
LS_COLORS=rs=0:di=01;34:ln=01;36:mh=00:pi=40;33:so=01;35:do=01;35:bd=40;33;01:cd=40;33;01:or=40;31;01:mi=01;05;37;41:su=37;41:sg=30;43:ca=30;41:tw=30;42:ow=34;42:st=37;44:ex=01;32:*.tar=01;31:*.tgz=01;31:*.arj=01;31:*.taz=01;31:*.lzh=01;31:*.lzma=01;31:*.tlz=01;31:*.txz=01;31:*.zip=01;31:*.z=01;31:*.Z=01;31:*.dz=01;31:*.gz=01;31:*.lz=01;31:*.xz=01;31:*.bz2=01;31:*.tbz=01;31:*.tbz2=01;31:*.bz=01;31:*.tz=01;31:*.deb=01;31:*.rpm=01;31:*.jar=01;31:*.rar=01;31:*.ace=01;31:*.zoo=01;31:*.cpio=01;31:*.7z=01;31:*.rz=01;31:*.jpg=01;35:*.jpeg=01;35:*.gif=01;35:*.bmp=01;35:*.pbm=01;35:*.pgm=01;35:*.ppm=01;35:*.tga=01;35:*.xbm=01;35:*.xpm=01;35:*.tif=01;35:*.tiff=01;35:*.png=01;35:*.svg=01;35:*.svgz=01;35:*.mng=01;35:*.pcx=01;35:*.mov=01;35:*.mpg=01;35:*.mpeg=01;35:*.m2v=01;35:*.mkv=01;35:*.ogm=01;35:*.mp4=01;35:*.m4v=01;35:*.mp4v=01;35:*.vob=01;35:*.qt=01;35:*.nuv=01;35:*.wmv=01;35:*.asf=01;35:*.rm=01;35:*.rmvb=01;35:*.flc=01;35:*.avi=01;35:*.fli=01;35:*.flv=01;35:*.gl=01;35:*.dl=01;35:*.xcf=01;35:*.xwd=01;35:*.yuv=01;35:*.cgm=01;35:*.emf=01;35:*.axv=01;35:*.anx=01;35:*.ogv=01;35:*.ogx=01;35:*.aac=01;36:*.au=01;36:*.flac=01;36:*.mid=01;36:*.midi=01;36:*.mka=01;36:*.mp3=01;36:*.mpc=01;36:*.ogg=01;36:*.ra=01;36:*.wav=01;36:*.axa=01;36:*.oga=01;36:*.spx=01;36:*.xspf=01;36:
CVS_RSH=ssh
G_BROKEN_FILENAMES=1
SSH_ASKPASS=/usr/libexec/openssh/gnome-ssh-askpass
KDEDIRS=/usr
KDE_IS_PRELINKED=1
LANG=en_US.UTF-8
LESSOPEN=||/usr/bin/lesspipe.sh %s
QTDIR=/usr/lib64/qt-3.3
QTINC=/usr/lib64/qt-3.3/include
QTLIB=/usr/lib64/qt-3.3/lib
ASSURAHOME=/usr/cad/cadence/ASSURA/cur
LD_LIBRARY_PATH=:/usr/cad/innovus/cur//tools/tlfUtil/lib:/home/raid7_4/raid1_1/linux/novas/verdi/cur/share/PLI/IUS/LINUX/
LM_LICENSE_FILE=5280@lscic:5280@lsncu:5280@lsntu:26585@lscic:1717@lsntu:26585@lsntu:5280@lshc
CDS_LIC_FILE=/usr/cad/cadence/IC/cur/share/license/license.dat
VERPLEX_HOME=/usr/cad/cadence/CONFRML/cur
OAHOME=/usr/cad/cadence/oa_v22.04.073
OA_HOME=/usr/cad/innovus/cur/oa
CDS_Netlisting_Mode=Analog
NEOCKTHOME=/usr/cad/cadence/NEOCIRCUIT/cur/tools/NeoCircuit
ENCOUNTER=/usr/cad/innovus/cur/tools/fe
MGC_HOME=/usr/mentor/calibre/cur
MGC_TMPDIR=/tmp
MGC_LOCATION_MAP=NO_MAP
SYNTHESIS=/usr/cad/synopsys/synthesis/cur
SYN_MAN_DIR=/usr/cad/synopsys/synthesis/cur/doc/syn/man
MANPATH=/usr/cad/synopsys/synthesis/cur/doc/syn/man
SG_HTML_BROWSER=/usr/bin/mozilla
EDITOR=/usr/bin/vim
_IRUNROOT_=/usr/cad/cadence/INCISIV/cur/tools
CDS_ARCH=lnx86
NCRUNMODE=ncverilog:./INCA_libs/irun.lnx86.15.20.nc
IRUNBATCH=FALSE
IMPERAS_PORT_FILE=.vsp_ovp_gdb_port
TCL_LIBRARY=/usr/cad/cadence/INCISIV/cur/tools/inca/files/tcl/library
Runtime command line arguments:
argv[0]=ncverilog
argv[1]=testbench.v
argv[2]=alu.v
argv[3]=+define+I1
argv[4]=+access+rw
84 profile - 100
          CPU/Mem usage: 0.100 sys,  1.310 user,  70.43M sys,  0.00M vm
85 VC callback profile - scalar:0 vector:0
86 Mon Oct 25 23:29:27 2021
87 pliAppInit
88 FSDB_GATE is disabled.
89 Enable Parallel Dumping.
90 pliAppMiscSet: New Sim Round
91 pliEntryInit
92 LIBSSCORE=found /home/raid7_4/raid1_1/linux/novas/verdi/cur/share/PLI/IUS/LINUX/libsscore_ius152.so through $LD_LIBRARY_PATH setting.
93 argv[0]: tb.fsdb
94 argv[0]: 0
95 argv[1]: (handle)0xc48c3d0 tb
96 argv[2]: +mda
97 FSDB Dumper for IUS, Release Verdi_R-2020.12, Linux, 11/19/2020
98 (C) 1996 - 2020 by Synopsys, Inc.
99 sps_call_fsdbDumpfile at 0 : /home/raid7_1/userd/d10013/hw1/1101_hw1/testbench.v(102)
100 argv[0]: tb.fsdb
101 *Verdi* FSDB WARNING: The FSDB file already exists. Overwriting the FSDB file may crash the programs that are using this file.
102 *Verdi* : Create FSDB file 'tb.fsdb'
103 sps_call_fsdbDumpvars at 0 : /home/raid7_1/userd/d10013/hw1/1101_hw1/testbench.v(103)
104 argv[0]: 0
105 argv[1]: (handle)0xc48c3d0 tb
106 argv[2]: +mda
107 *Verdi* : Begin traversing the scope (tb), layer (0).
108 *Verdi* : Enable +mda dumping.
109 *Verdi* : End of traversing.
110 fsdbDumpvars traverse var: profile - 
          CPU/Mem usage: 0.110 sys,  1.320 user,  152.87M sys,  0.00M vm
                   incr: 0.000 sys,  0.010 user,  3.65M sys,  0.00M vm
                   accu: 0.000 sys,  0.010 user,  3.65M sys,  0.00M vm
              accu incr: 0.000 sys,  0.010 user,  3.65M sys,  0.00M vm

          Count usage: 80 var,  77 idcode,  77 callback
                 incr: 80 var,  77 idcode,  77 callback
                 accu: 80 var,  77 idcode,  77 callback
            accu incr: 80 var,  77 idcode,  77 callback
111 VC callback profile - scalar:0 vector:0
112 Mon Oct 25 23:29:27 2021
113 fsdbDumpvars: profile - 
          CPU/Mem usage: 0.110 sys,  1.320 user,  153.92M sys,  0.00M vm
                   incr: 0.000 sys,  0.000 user,  1.05M sys,  0.00M vm
                   accu: 0.000 sys,  0.010 user,  4.70M sys,  0.00M vm
              accu incr: 0.000 sys,  0.000 user,  1.05M sys,  0.00M vm

          Count usage: 80 var,  77 idcode,  77 callback
                 incr: 0 var,  0 idcode,  0 callback
                 accu: 80 var,  77 idcode,  77 callback
            accu incr: 0 var,  0 idcode,  0 callback
114 VC callback profile - scalar:14 vector:63
115 Mon Oct 25 23:29:27 2021
116 End of simulation at 360000
117 VC callback profile - scalar:273 vector:349
118 Mon Oct 25 23:29:27 2021
119 Begin FSDB profile info:
120 FSDB Writer : bc1(273) bcn(349) mtf/stf(0/0)
FSDB Writer elapsed time : flush(0.003393) io wait(0.000000) theadpool wait(0.000000)
FSDB Writer cpu time : MT Compression : 0
121 End FSDB profile info
122 Parallel profile    -  Flush:3 Expand:0 ProduceWait:0 ConsumerWait:0 BlockUsed:1
123                        ProduceTime:1.438498381 ConsumerTime:0.000000000 Buffer:64MB
124 SimExit
125 Sim process exit
