ncverilog: 15.20-s084: (c) Copyright 1995-2020 Cadence Design Systems, Inc.
TOOL:	ncverilog	15.20-s084: Started on Dec 29, 2021 at 00:05:16 CST
ncverilog
	-f rtl_05.f
		../00_TESTBED/testbed.v
		/home/raid7_2/course/cvsd/CBDK_IC_Contest_v2.5/Verilog/tsmc13_neg.v
		../sram_256x8/sram_256x8.v
		./ipdc_pr.v
	+ncmaxdelays
	+access+r
	+define+SDF+tb3
file: ../00_TESTBED/testbed.v
	module worklib.testbed:v
		errors: 0, warnings: 0
		Caching library 'worklib' ....... Done
	Elaborating the design hierarchy:
   DFFRX1 img_origin_r_reg_0_ (.D(N399),
                            |
ncelab: *W,CUVWSP (./ipdc_pr.v,1770|28): 1 output port was not connected:
ncelab: (/home/raid7_2/course/cvsd/CBDK_IC_Contest_v2.5/Verilog/tsmc13_neg.v,18307): QN

   DFFRX1 img_origin_r_reg_3_ (.D(N402),
                            |
ncelab: *W,CUVWSP (./ipdc_pr.v,1799|28): 1 output port was not connected:
ncelab: (/home/raid7_2/course/cvsd/CBDK_IC_Contest_v2.5/Verilog/tsmc13_neg.v,18307): QN

   DFFRX1 img_origin_r_reg_4_ (.D(N403),
                            |
ncelab: *W,CUVWSP (./ipdc_pr.v,1803|28): 1 output port was not connected:
ncelab: (/home/raid7_2/course/cvsd/CBDK_IC_Contest_v2.5/Verilog/tsmc13_neg.v,18307): QN

   DFFRX1 img_origin_r_reg_6_ (.D(N405),
                            |
ncelab: *W,CUVWSP (./ipdc_pr.v,1812|28): 1 output port was not connected:
ncelab: (/home/raid7_2/course/cvsd/CBDK_IC_Contest_v2.5/Verilog/tsmc13_neg.v,18307): QN

   DFFRX1 counter_r_reg_6_ (.D(n771),
                         |
ncelab: *W,CUVWSP (./ipdc_pr.v,1826|25): 1 output port was not connected:
ncelab: (/home/raid7_2/course/cvsd/CBDK_IC_Contest_v2.5/Verilog/tsmc13_neg.v,18307): QN

   DFFRX1 out_data_r_reg_0_ (.D(out_data[0]),
                          |
ncelab: *W,CUVWSP (./ipdc_pr.v,1835|26): 1 output port was not connected:
ncelab: (/home/raid7_2/course/cvsd/CBDK_IC_Contest_v2.5/Verilog/tsmc13_neg.v,18307): QN

   DFFRX1 out_data_r_reg_1_ (.D(out_data[1]),
                          |
ncelab: *W,CUVWSP (./ipdc_pr.v,1839|26): 1 output port was not connected:
ncelab: (/home/raid7_2/course/cvsd/CBDK_IC_Contest_v2.5/Verilog/tsmc13_neg.v,18307): QN

   DFFRX1 out_data_r_reg_2_ (.D(out_data[2]),
                          |
ncelab: *W,CUVWSP (./ipdc_pr.v,1843|26): 1 output port was not connected:
ncelab: (/home/raid7_2/course/cvsd/CBDK_IC_Contest_v2.5/Verilog/tsmc13_neg.v,18307): QN

   DFFRX1 out_data_r_reg_3_ (.D(out_data[3]),
                          |
ncelab: *W,CUVWSP (./ipdc_pr.v,1847|26): 1 output port was not connected:
ncelab: (/home/raid7_2/course/cvsd/CBDK_IC_Contest_v2.5/Verilog/tsmc13_neg.v,18307): QN

   DFFRX1 out_data_r_reg_4_ (.D(out_data[4]),
                          |
ncelab: *W,CUVWSP (./ipdc_pr.v,1851|26): 1 output port was not connected:
ncelab: (/home/raid7_2/course/cvsd/CBDK_IC_Contest_v2.5/Verilog/tsmc13_neg.v,18307): QN

   DFFRX1 out_data_r_reg_6_ (.D(out_data[6]),
                          |
ncelab: *W,CUVWSP (./ipdc_pr.v,1855|26): 1 output port was not connected:
ncelab: (/home/raid7_2/course/cvsd/CBDK_IC_Contest_v2.5/Verilog/tsmc13_neg.v,18307): QN

   DFFRX1 out_data_r_reg_8_ (.D(out_data[8]),
                          |
ncelab: *W,CUVWSP (./ipdc_pr.v,1859|26): 1 output port was not connected:
ncelab: (/home/raid7_2/course/cvsd/CBDK_IC_Contest_v2.5/Verilog/tsmc13_neg.v,18307): QN

   DFFRX1 out_data_r_reg_9_ (.D(out_data[9]),
                          |
ncelab: *W,CUVWSP (./ipdc_pr.v,1863|26): 1 output port was not connected:
ncelab: (/home/raid7_2/course/cvsd/CBDK_IC_Contest_v2.5/Verilog/tsmc13_neg.v,18307): QN

   DFFRX1 out_data_r_reg_10_ (.D(out_data[10]),
                           |
ncelab: *W,CUVWSP (./ipdc_pr.v,1867|27): 1 output port was not connected:
ncelab: (/home/raid7_2/course/cvsd/CBDK_IC_Contest_v2.5/Verilog/tsmc13_neg.v,18307): QN

   DFFRX1 out_data_r_reg_11_ (.D(out_data[11]),
                           |
ncelab: *W,CUVWSP (./ipdc_pr.v,1871|27): 1 output port was not connected:
ncelab: (/home/raid7_2/course/cvsd/CBDK_IC_Contest_v2.5/Verilog/tsmc13_neg.v,18307): QN

   DFFRX1 out_data_r_reg_12_ (.D(out_data[12]),
                           |
ncelab: *W,CUVWSP (./ipdc_pr.v,1875|27): 1 output port was not connected:
ncelab: (/home/raid7_2/course/cvsd/CBDK_IC_Contest_v2.5/Verilog/tsmc13_neg.v,18307): QN

   DFFRX1 out_data_r_reg_13_ (.D(out_data[13]),
                           |
ncelab: *W,CUVWSP (./ipdc_pr.v,1879|27): 1 output port was not connected:
ncelab: (/home/raid7_2/course/cvsd/CBDK_IC_Contest_v2.5/Verilog/tsmc13_neg.v,18307): QN

   DFFRX1 out_data_r_reg_14_ (.D(out_data[14]),
                           |
ncelab: *W,CUVWSP (./ipdc_pr.v,1883|27): 1 output port was not connected:
ncelab: (/home/raid7_2/course/cvsd/CBDK_IC_Contest_v2.5/Verilog/tsmc13_neg.v,18307): QN

   DFFRX1 out_data_r_reg_15_ (.D(out_data[15]),
                           |
ncelab: *W,CUVWSP (./ipdc_pr.v,1887|27): 1 output port was not connected:
ncelab: (/home/raid7_2/course/cvsd/CBDK_IC_Contest_v2.5/Verilog/tsmc13_neg.v,18307): QN

   DFFRX1 out_data_r_reg_16_ (.D(out_data[16]),
                           |
ncelab: *W,CUVWSP (./ipdc_pr.v,1891|27): 1 output port was not connected:
ncelab: (/home/raid7_2/course/cvsd/CBDK_IC_Contest_v2.5/Verilog/tsmc13_neg.v,18307): QN

   DFFRX1 out_data_r_reg_17_ (.D(out_data[17]),
                           |
ncelab: *W,CUVWSP (./ipdc_pr.v,1895|27): 1 output port was not connected:
ncelab: (/home/raid7_2/course/cvsd/CBDK_IC_Contest_v2.5/Verilog/tsmc13_neg.v,18307): QN

   DFFRX1 out_data_r_reg_18_ (.D(out_data[18]),
                           |
ncelab: *W,CUVWSP (./ipdc_pr.v,1899|27): 1 output port was not connected:
ncelab: (/home/raid7_2/course/cvsd/CBDK_IC_Contest_v2.5/Verilog/tsmc13_neg.v,18307): QN

   DFFRX1 out_data_r_reg_19_ (.D(out_data[19]),
                           |
ncelab: *W,CUVWSP (./ipdc_pr.v,1903|27): 1 output port was not connected:
ncelab: (/home/raid7_2/course/cvsd/CBDK_IC_Contest_v2.5/Verilog/tsmc13_neg.v,18307): QN

   DFFRX1 out_data_r_reg_20_ (.D(out_data[20]),
                           |
ncelab: *W,CUVWSP (./ipdc_pr.v,1907|27): 1 output port was not connected:
ncelab: (/home/raid7_2/course/cvsd/CBDK_IC_Contest_v2.5/Verilog/tsmc13_neg.v,18307): QN

   DFFRX1 out_data_r_reg_21_ (.D(out_data[21]),
                           |
ncelab: *W,CUVWSP (./ipdc_pr.v,1911|27): 1 output port was not connected:
ncelab: (/home/raid7_2/course/cvsd/CBDK_IC_Contest_v2.5/Verilog/tsmc13_neg.v,18307): QN

   DFFRX1 out_data_r_reg_22_ (.D(out_data[22]),
                           |
ncelab: *W,CUVWSP (./ipdc_pr.v,1915|27): 1 output port was not connected:
ncelab: (/home/raid7_2/course/cvsd/CBDK_IC_Contest_v2.5/Verilog/tsmc13_neg.v,18307): QN

   DFFRX1 out_data_r_reg_23_ (.D(out_data[23]),
                           |
ncelab: *W,CUVWSP (./ipdc_pr.v,1919|27): 1 output port was not connected:
ncelab: (/home/raid7_2/course/cvsd/CBDK_IC_Contest_v2.5/Verilog/tsmc13_neg.v,18307): QN

   DFFRX1 census_b_reg_0_ (.D(N464),
                        |
ncelab: *W,CUVWSP (./ipdc_pr.v,1928|24): 1 output port was not connected:
ncelab: (/home/raid7_2/course/cvsd/CBDK_IC_Contest_v2.5/Verilog/tsmc13_neg.v,18307): QN

   DFFRX1 census_b_reg_1_ (.D(N465),
                        |
ncelab: *W,CUVWSP (./ipdc_pr.v,1932|24): 1 output port was not connected:
ncelab: (/home/raid7_2/course/cvsd/CBDK_IC_Contest_v2.5/Verilog/tsmc13_neg.v,18307): QN

   DFFRX1 census_b_reg_2_ (.D(N466),
                        |
ncelab: *W,CUVWSP (./ipdc_pr.v,1936|24): 1 output port was not connected:
ncelab: (/home/raid7_2/course/cvsd/CBDK_IC_Contest_v2.5/Verilog/tsmc13_neg.v,18307): QN

   DFFRX1 census_b_reg_3_ (.D(N467),
                        |
ncelab: *W,CUVWSP (./ipdc_pr.v,1940|24): 1 output port was not connected:
ncelab: (/home/raid7_2/course/cvsd/CBDK_IC_Contest_v2.5/Verilog/tsmc13_neg.v,18307): QN

   DFFRX1 census_b_reg_4_ (.D(N468),
                        |
ncelab: *W,CUVWSP (./ipdc_pr.v,1944|24): 1 output port was not connected:
ncelab: (/home/raid7_2/course/cvsd/CBDK_IC_Contest_v2.5/Verilog/tsmc13_neg.v,18307): QN

   DFFRX1 census_b_reg_5_ (.D(N469),
                        |
ncelab: *W,CUVWSP (./ipdc_pr.v,1948|24): 1 output port was not connected:
ncelab: (/home/raid7_2/course/cvsd/CBDK_IC_Contest_v2.5/Verilog/tsmc13_neg.v,18307): QN

   DFFRX1 census_b_reg_6_ (.D(N470),
                        |
ncelab: *W,CUVWSP (./ipdc_pr.v,1952|24): 1 output port was not connected:
ncelab: (/home/raid7_2/course/cvsd/CBDK_IC_Contest_v2.5/Verilog/tsmc13_neg.v,18307): QN

   DFFRX1 census_b_reg_7_ (.D(N471),
                        |
ncelab: *W,CUVWSP (./ipdc_pr.v,1956|24): 1 output port was not connected:
ncelab: (/home/raid7_2/course/cvsd/CBDK_IC_Contest_v2.5/Verilog/tsmc13_neg.v,18307): QN

   DFFRX1 census_g_reg_0_ (.D(N456),
                        |
ncelab: *W,CUVWSP (./ipdc_pr.v,1960|24): 1 output port was not connected:
ncelab: (/home/raid7_2/course/cvsd/CBDK_IC_Contest_v2.5/Verilog/tsmc13_neg.v,18307): QN

   DFFRX1 census_g_reg_1_ (.D(N457),
                        |
ncelab: *W,CUVWSP (./ipdc_pr.v,1964|24): 1 output port was not connected:
ncelab: (/home/raid7_2/course/cvsd/CBDK_IC_Contest_v2.5/Verilog/tsmc13_neg.v,18307): QN

   DFFRX1 census_g_reg_2_ (.D(N458),
                        |
ncelab: *W,CUVWSP (./ipdc_pr.v,1968|24): 1 output port was not connected:
ncelab: (/home/raid7_2/course/cvsd/CBDK_IC_Contest_v2.5/Verilog/tsmc13_neg.v,18307): QN

   DFFRX1 census_g_reg_3_ (.D(N459),
                        |
ncelab: *W,CUVWSP (./ipdc_pr.v,1972|24): 1 output port was not connected:
ncelab: (/home/raid7_2/course/cvsd/CBDK_IC_Contest_v2.5/Verilog/tsmc13_neg.v,18307): QN

   DFFRX1 census_g_reg_4_ (.D(N460),
                        |
ncelab: *W,CUVWSP (./ipdc_pr.v,1976|24): 1 output port was not connected:
ncelab: (/home/raid7_2/course/cvsd/CBDK_IC_Contest_v2.5/Verilog/tsmc13_neg.v,18307): QN

   DFFRX1 census_g_reg_5_ (.D(N461),
                        |
ncelab: *W,CUVWSP (./ipdc_pr.v,1980|24): 1 output port was not connected:
ncelab: (/home/raid7_2/course/cvsd/CBDK_IC_Contest_v2.5/Verilog/tsmc13_neg.v,18307): QN

   DFFRX1 census_g_reg_6_ (.D(N462),
                        |
ncelab: *W,CUVWSP (./ipdc_pr.v,1984|24): 1 output port was not connected:
ncelab: (/home/raid7_2/course/cvsd/CBDK_IC_Contest_v2.5/Verilog/tsmc13_neg.v,18307): QN

   DFFRX1 census_g_reg_7_ (.D(N463),
                        |
ncelab: *W,CUVWSP (./ipdc_pr.v,1988|24): 1 output port was not connected:
ncelab: (/home/raid7_2/course/cvsd/CBDK_IC_Contest_v2.5/Verilog/tsmc13_neg.v,18307): QN

   DFFRX1 census_r_reg_0_ (.D(N448),
                        |
ncelab: *W,CUVWSP (./ipdc_pr.v,1992|24): 1 output port was not connected:
ncelab: (/home/raid7_2/course/cvsd/CBDK_IC_Contest_v2.5/Verilog/tsmc13_neg.v,18307): QN

   DFFRX1 census_r_reg_1_ (.D(N449),
                        |
ncelab: *W,CUVWSP (./ipdc_pr.v,1996|24): 1 output port was not connected:
ncelab: (/home/raid7_2/course/cvsd/CBDK_IC_Contest_v2.5/Verilog/tsmc13_neg.v,18307): QN

   DFFRX1 census_r_reg_2_ (.D(N450),
                        |
ncelab: *W,CUVWSP (./ipdc_pr.v,2000|24): 1 output port was not connected:
ncelab: (/home/raid7_2/course/cvsd/CBDK_IC_Contest_v2.5/Verilog/tsmc13_neg.v,18307): QN

   DFFRX1 census_r_reg_3_ (.D(N451),
                        |
ncelab: *W,CUVWSP (./ipdc_pr.v,2004|24): 1 output port was not connected:
ncelab: (/home/raid7_2/course/cvsd/CBDK_IC_Contest_v2.5/Verilog/tsmc13_neg.v,18307): QN

   DFFRX1 census_r_reg_4_ (.D(N452),
                        |
ncelab: *W,CUVWSP (./ipdc_pr.v,2008|24): 1 output port was not connected:
ncelab: (/home/raid7_2/course/cvsd/CBDK_IC_Contest_v2.5/Verilog/tsmc13_neg.v,18307): QN

   DFFRX1 census_r_reg_5_ (.D(N453),
                        |
ncelab: *W,CUVWSP (./ipdc_pr.v,2012|24): 1 output port was not connected:
ncelab: (/home/raid7_2/course/cvsd/CBDK_IC_Contest_v2.5/Verilog/tsmc13_neg.v,18307): QN

   DFFRX1 census_r_reg_6_ (.D(N454),
                        |
ncelab: *W,CUVWSP (./ipdc_pr.v,2016|24): 1 output port was not connected:
ncelab: (/home/raid7_2/course/cvsd/CBDK_IC_Contest_v2.5/Verilog/tsmc13_neg.v,18307): QN

   DFFRX1 census_r_reg_7_ (.D(N455),
                        |
ncelab: *W,CUVWSP (./ipdc_pr.v,2020|24): 1 output port was not connected:
ncelab: (/home/raid7_2/course/cvsd/CBDK_IC_Contest_v2.5/Verilog/tsmc13_neg.v,18307): QN

   DFFRX1 valid_r_reg (.D(valid_w),
                    |
ncelab: *W,CUVWSP (./ipdc_pr.v,2024|20): 1 output port was not connected:
ncelab: (/home/raid7_2/course/cvsd/CBDK_IC_Contest_v2.5/Verilog/tsmc13_neg.v,18307): QN

   DFFRX1 m_reg_r_reg_1__5_ (.D(N628),
                          |
ncelab: *W,CUVWSP (./ipdc_pr.v,2068|26): 1 output port was not connected:
ncelab: (/home/raid7_2/course/cvsd/CBDK_IC_Contest_v2.5/Verilog/tsmc13_neg.v,18307): Q

   DFFRX1 m_reg_g_reg_1__5_ (.D(N736),
                          |
ncelab: *W,CUVWSP (./ipdc_pr.v,2247|26): 1 output port was not connected:
ncelab: (/home/raid7_2/course/cvsd/CBDK_IC_Contest_v2.5/Verilog/tsmc13_neg.v,18307): Q

   DFFRX1 valid_rr_reg (.D(valid_r),
                     |
ncelab: *W,CUVWSP (./ipdc_pr.v,2341|21): 1 output port was not connected:
ncelab: (/home/raid7_2/course/cvsd/CBDK_IC_Contest_v2.5/Verilog/tsmc13_neg.v,18307): QN

   DFFRX1 ftr_zero_pad_r_reg (.D(ftr_zero_pad_w),
                           |
ncelab: *W,CUVWSP (./ipdc_pr.v,2640|27): 1 output port was not connected:
ncelab: (/home/raid7_2/course/cvsd/CBDK_IC_Contest_v2.5/Verilog/tsmc13_neg.v,18307): Q

   DFFRX1 img_origin_r_reg_7_ (.D(N406),
                            |
ncelab: *W,CUVWSP (./ipdc_pr.v,2644|28): 1 output port was not connected:
ncelab: (/home/raid7_2/course/cvsd/CBDK_IC_Contest_v2.5/Verilog/tsmc13_neg.v,18307): QN

   DFFRX1 counter_r_reg_5_ (.D(n772),
                         |
ncelab: *W,CUVWSP (./ipdc_pr.v,2653|25): 1 output port was not connected:
ncelab: (/home/raid7_2/course/cvsd/CBDK_IC_Contest_v2.5/Verilog/tsmc13_neg.v,18307): QN

   DFFRX1 m_reg_b_reg_1__5_ (.D(N844),
                          |
ncelab: *W,CUVWSP (./ipdc_pr.v,2662|26): 1 output port was not connected:
ncelab: (/home/raid7_2/course/cvsd/CBDK_IC_Contest_v2.5/Verilog/tsmc13_neg.v,18307): Q

   DFFRX1 out_data_r_reg_5_ (.D(out_data[5]),
                          |
ncelab: *W,CUVWSP (./ipdc_pr.v,2681|26): 1 output port was not connected:
ncelab: (/home/raid7_2/course/cvsd/CBDK_IC_Contest_v2.5/Verilog/tsmc13_neg.v,18307): QN

   DFFRX1 out_data_r_reg_7_ (.D(out_data[7]),
                          |
ncelab: *W,CUVWSP (./ipdc_pr.v,2685|26): 1 output port was not connected:
ncelab: (/home/raid7_2/course/cvsd/CBDK_IC_Contest_v2.5/Verilog/tsmc13_neg.v,18307): QN

   DFFRX1 img_origin_r_reg_2_ (.D(N401),
                            |
ncelab: *W,CUVWSP (./ipdc_pr.v,2694|28): 1 output port was not connected:
ncelab: (/home/raid7_2/course/cvsd/CBDK_IC_Contest_v2.5/Verilog/tsmc13_neg.v,18307): QN

   DFFRX1 img_origin_r_reg_1_ (.D(N400),
                            |
ncelab: *W,CUVWSP (./ipdc_pr.v,7758|28): 1 output port was not connected:
ncelab: (/home/raid7_2/course/cvsd/CBDK_IC_Contest_v2.5/Verilog/tsmc13_neg.v,18307): QN

	Reading SDF file from location "ipdc_pr.sdf"
	Annotating SDF timing data:
		Compiled SDF file:     ipdc_pr.sdf.X
		Log file:              
		Backannotation scope:  testbed.u_ipdc
		Configuration file:    
		MTM control:           
		Scale factors:         
		Scale type:            
ncelab: *W,SDFNET: Unable to annotate to non-existent timing check (RECOVERY RN (posedge CK) (0.255)) of instance testbed.u_ipdc.img_origin_r_reg_0_ of module DFFRX1 <./ipdc_pr.sdf, line 4778>.
ncelab: *W,SDFNET: Unable to annotate to non-existent timing check (RECOVERY RN (posedge CK) (0.197)) of instance testbed.u_ipdc.img_size_r_reg_3_ of module DFFRX2 <./ipdc_pr.sdf, line 4800>.
ncelab: *W,SDFNET: Unable to annotate to non-existent timing check (RECOVERY RN (posedge CK) (0.258)) of instance testbed.u_ipdc.cstate_reg_0_ of module DFFRX1 <./ipdc_pr.sdf, line 4822>.
ncelab: *W,SDFNET: Unable to annotate to non-existent timing check (RECOVERY RN (posedge CK) (0.201)) of instance testbed.u_ipdc.img_size_r_reg_2_ of module DFFRX2 <./ipdc_pr.sdf, line 4844>.
ncelab: *W,SDFNET: Unable to annotate to non-existent timing check (RECOVERY RN (posedge CK) (0.255)) of instance testbed.u_ipdc.img_size_r_reg_1_ of module DFFRX1 <./ipdc_pr.sdf, line 4866>.
ncelab: *W,SDFNET: Unable to annotate to non-existent timing check (RECOVERY RN (posedge CK) (0.255)) of instance testbed.u_ipdc.img_size_r_reg_0_ of module DFFRX1 <./ipdc_pr.sdf, line 4888>.
ncelab: *W,SDFNET: Unable to annotate to non-existent timing check (RECOVERY RN (posedge CK) (0.255)) of instance testbed.u_ipdc.img_origin_r_reg_3_ of module DFFRX1 <./ipdc_pr.sdf, line 4910>.
ncelab: *W,SDFNET: Unable to annotate to non-existent timing check (RECOVERY RN (posedge CK) (0.255)) of instance testbed.u_ipdc.img_origin_r_reg_4_ of module DFFRX1 <./ipdc_pr.sdf, line 4932>.
ncelab: *W,SDFNET: Unable to annotate to non-existent timing check (RECOVERY RN (posedge CK) (0.255)) of instance testbed.u_ipdc.img_origin_r_reg_5_ of module DFFRX1 <./ipdc_pr.sdf, line 4954>.
ncelab: *W,SDFNET: Unable to annotate to non-existent timing check (RECOVERY RN (posedge CK) (0.255)) of instance testbed.u_ipdc.img_origin_r_reg_6_ of module DFFRX1 <./ipdc_pr.sdf, line 4976>.
ncelab: *W,SDFNET: Unable to annotate to non-existent timing check (RECOVERY RN (posedge CK) (0.257)) of instance testbed.u_ipdc.counter_r_reg_2_ of module DFFRX1 <./ipdc_pr.sdf, line 4998>.
ncelab: *W,SDFNET: Unable to annotate to non-existent timing check (RECOVERY RN (posedge CK) (0.257)) of instance testbed.u_ipdc.counter_r_reg_4_ of module DFFRX1 <./ipdc_pr.sdf, line 5020>.
ncelab: *W,SDFNET: Unable to annotate to non-existent timing check (RECOVERY RN (posedge CK) (0.257)) of instance testbed.u_ipdc.counter_r_reg_6_ of module DFFRX1 <./ipdc_pr.sdf, line 5042>.
ncelab: *W,SDFNET: Unable to annotate to non-existent timing check (RECOVERY RN (posedge CK) (0.257)) of instance testbed.u_ipdc.counter_r_reg_7_ of module DFFRX1 <./ipdc_pr.sdf, line 5064>.
ncelab: *W,SDFNET: Unable to annotate to non-existent timing check (RECOVERY RN (posedge CK) (0.261)) of instance testbed.u_ipdc.out_data_r_reg_0_ of module DFFRX1 <./ipdc_pr.sdf, line 5086>.
ncelab: *W,SDFNET: Unable to annotate to non-existent timing check (RECOVERY RN (posedge CK) (0.261)) of instance testbed.u_ipdc.out_data_r_reg_1_ of module DFFRX1 <./ipdc_pr.sdf, line 5108>.
ncelab: *W,SDFNET: Unable to annotate to non-existent timing check (RECOVERY RN (posedge CK) (0.257)) of instance testbed.u_ipdc.out_data_r_reg_2_ of module DFFRX1 <./ipdc_pr.sdf, line 5130>.
ncelab: *W,SDFNET: Unable to annotate to non-existent timing check (RECOVERY RN (posedge CK) (0.261)) of instance testbed.u_ipdc.out_data_r_reg_3_ of module DFFRX1 <./ipdc_pr.sdf, line 5152>.
ncelab: *W,SDFNET: Unable to annotate to non-existent timing check (RECOVERY RN (posedge CK) (0.257)) of instance testbed.u_ipdc.out_data_r_reg_4_ of module DFFRX1 <./ipdc_pr.sdf, line 5174>.
ncelab: *W,SDFNET: Unable to annotate to non-existent timing check (RECOVERY RN (posedge CK) (0.257)) of instance testbed.u_ipdc.out_data_r_reg_6_ of module DFFRX1 <./ipdc_pr.sdf, line 5196>.
ncelab: *W,SDFNET: Unable to annotate to non-existent timing check (RECOVERY RN (posedge CK) (0.211)) of instance testbed.u_ipdc.out_data_r_reg_8_ of module DFFRX1 <./ipdc_pr.sdf, line 5218>.
ncelab: *W,SDFNET: Unable to annotate to non-existent timing check (RECOVERY RN (posedge CK) (0.211)) of instance testbed.u_ipdc.out_data_r_reg_9_ of module DFFRX1 <./ipdc_pr.sdf, line 5240>.
ncelab: *W,SDFNET: Unable to annotate to non-existent timing check (RECOVERY RN (posedge CK) (0.208)) of instance testbed.u_ipdc.out_data_r_reg_10_ of module DFFRX1 <./ipdc_pr.sdf, line 5262>.
ncelab: *W,SDFNET: Unable to annotate to non-existent timing check (RECOVERY RN (posedge CK) (0.211)) of instance testbed.u_ipdc.out_data_r_reg_11_ of module DFFRX1 <./ipdc_pr.sdf, line 5284>.
ncelab: *W,SDFNET: Unable to annotate to non-existent timing check (RECOVERY RN (posedge CK) (0.208)) of instance testbed.u_ipdc.out_data_r_reg_12_ of module DFFRX1 <./ipdc_pr.sdf, line 5306>.
ncelab: *W,SDFNET: Unable to annotate to non-existent timing check (RECOVERY RN (posedge CK) (0.208)) of instance testbed.u_ipdc.out_data_r_reg_13_ of module DFFRX1 <./ipdc_pr.sdf, line 5328>.
ncelab: *W,SDFNET: Unable to annotate to non-existent timing check (RECOVERY RN (posedge CK) (0.257)) of instance testbed.u_ipdc.out_data_r_reg_14_ of module DFFRX1 <./ipdc_pr.sdf, line 5350>.
ncelab: *W,SDFNET: Unable to annotate to non-existent timing check (RECOVERY RN (posedge CK) (0.257)) of instance testbed.u_ipdc.out_data_r_reg_15_ of module DFFRX1 <./ipdc_pr.sdf, line 5372>.
ncelab: *W,SDFNET: Unable to annotate to non-existent timing check (RECOVERY RN (posedge CK) (0.257)) of instance testbed.u_ipdc.out_data_r_reg_16_ of module DFFRX1 <./ipdc_pr.sdf, line 5394>.
ncelab: *W,SDFNET: Unable to annotate to non-existent timing check (RECOVERY RN (posedge CK) (0.257)) of instance testbed.u_ipdc.out_data_r_reg_17_ of module DFFRX1 <./ipdc_pr.sdf, line 5416>.
ncelab: *W,SDFNET: Unable to annotate to non-existent timing check (RECOVERY RN (posedge CK) (0.257)) of instance testbed.u_ipdc.out_data_r_reg_18_ of module DFFRX1 <./ipdc_pr.sdf, line 5438>.
ncelab: *W,SDFNET: Unable to annotate to non-existent timing check (RECOVERY RN (posedge CK) (0.257)) of instance testbed.u_ipdc.out_data_r_reg_19_ of module DFFRX1 <./ipdc_pr.sdf, line 5460>.
ncelab: *W,SDFNET: Unable to annotate to non-existent timing check (RECOVERY RN (posedge CK) (0.257)) of instance testbed.u_ipdc.out_data_r_reg_20_ of module DFFRX1 <./ipdc_pr.sdf, line 5482>.
ncelab: *W,SDFNET: Unable to annotate to non-existent timing check (RECOVERY RN (posedge CK) (0.252)) of instance testbed.u_ipdc.out_data_r_reg_21_ of module DFFRX1 <./ipdc_pr.sdf, line 5504>.
ncelab: *W,SDFNET: Unable to annotate to non-existent timing check (RECOVERY RN (posedge CK) (0.252)) of instance testbed.u_ipdc.out_data_r_reg_22_ of module DFFRX1 <./ipdc_pr.sdf, line 5526>.
ncelab: *W,SDFNET: Unable to annotate to non-existent timing check (RECOVERY RN (posedge CK) (0.257)) of instance testbed.u_ipdc.out_data_r_reg_23_ of module DFFRX1 <./ipdc_pr.sdf, line 5548>.
ncelab: *W,SDFNET: Unable to annotate to non-existent timing check (RECOVERY RN (posedge CK) (0.261)) of instance testbed.u_ipdc.counter_r_reg_8_ of module DFFRX1 <./ipdc_pr.sdf, line 5570>.
ncelab: *W,SDFNET: Unable to annotate to non-existent timing check (RECOVERY RN (posedge CK) (0.254)) of instance testbed.u_ipdc.census_b_reg_0_ of module DFFRX1 <./ipdc_pr.sdf, line 5592>.
ncelab: *W,SDFNET: Unable to annotate to non-existent timing check (RECOVERY RN (posedge CK) (0.254)) of instance testbed.u_ipdc.census_b_reg_1_ of module DFFRX1 <./ipdc_pr.sdf, line 5614>.
ncelab: *W,SDFNET: Unable to annotate to non-existent timing check (RECOVERY RN (posedge CK) (0.254)) of instance testbed.u_ipdc.census_b_reg_2_ of module DFFRX1 <./ipdc_pr.sdf, line 5636>.
ncelab: *W,SDFNET: Unable to annotate to non-existent timing check (RECOVERY RN (posedge CK) (0.257)) of instance testbed.u_ipdc.census_b_reg_3_ of module DFFRX1 <./ipdc_pr.sdf, line 5658>.
ncelab: *W,SDFNET: Unable to annotate to non-existent timing check (RECOVERY RN (posedge CK) (0.254)) of instance testbed.u_ipdc.census_b_reg_4_ of module DFFRX1 <./ipdc_pr.sdf, line 5680>.
ncelab: *W,SDFNET: Unable to annotate to non-existent timing check (RECOVERY RN (posedge CK) (0.257)) of instance testbed.u_ipdc.census_b_reg_5_ of module DFFRX1 <./ipdc_pr.sdf, line 5702>.
ncelab: *W,SDFNET: Unable to annotate to non-existent timing check (RECOVERY RN (posedge CK) (0.257)) of instance testbed.u_ipdc.census_b_reg_6_ of module DFFRX1 <./ipdc_pr.sdf, line 5724>.
ncelab: *W,SDFNET: Unable to annotate to non-existent timing check (RECOVERY RN (posedge CK) (0.254)) of instance testbed.u_ipdc.census_b_reg_7_ of module DFFRX1 <./ipdc_pr.sdf, line 5746>.
ncelab: *W,SDFNET: Unable to annotate to non-existent timing check (RECOVERY RN (posedge CK) (0.255)) of instance testbed.u_ipdc.census_g_reg_0_ of module DFFRX1 <./ipdc_pr.sdf, line 5768>.
ncelab: *W,SDFNET: Unable to annotate to non-existent timing check (RECOVERY RN (posedge CK) (0.255)) of instance testbed.u_ipdc.census_g_reg_1_ of module DFFRX1 <./ipdc_pr.sdf, line 5790>.
ncelab: *W,SDFNET: Unable to annotate to non-existent timing check (RECOVERY RN (posedge CK) (0.255)) of instance testbed.u_ipdc.census_g_reg_2_ of module DFFRX1 <./ipdc_pr.sdf, line 5812>.
ncelab: *W,SDFNET: Unable to annotate to non-existent timing check (RECOVERY RN (posedge CK) (0.255)) of instance testbed.u_ipdc.census_g_reg_3_ of module DFFRX1 <./ipdc_pr.sdf, line 5834>.
ncelab: *W,SDFNET: Unable to annotate to non-existent timing check (RECOVERY RN (posedge CK) (0.257)) of instance testbed.u_ipdc.census_g_reg_4_ of module DFFRX1 <./ipdc_pr.sdf, line 5856>.
ncelab: *W,SDFNET: Unable to annotate to non-existent timing check (RECOVERY RN (posedge CK) (0.255)) of instance testbed.u_ipdc.census_g_reg_5_ of module DFFRX1 <./ipdc_pr.sdf, line 5878>.
ncelab: *W,SDFNET: Unable to annotate to non-existent timing check (RECOVERY RN (posedge CK) (0.257)) of instance testbed.u_ipdc.census_g_reg_6_ of module DFFRX1 <./ipdc_pr.sdf, line 5900>.
ncelab: *W,SDFNET: Unable to annotate to non-existent timing check (RECOVERY RN (posedge CK) (0.257)) of instance testbed.u_ipdc.census_g_reg_7_ of module DFFRX1 <./ipdc_pr.sdf, line 5922>.
ncelab: *W,SDFNET: Unable to annotate to non-existent timing check (RECOVERY RN (posedge CK) (0.252)) of instance testbed.u_ipdc.census_r_reg_0_ of module DFFRX1 <./ipdc_pr.sdf, line 5944>.
ncelab: *W,SDFNET: Unable to annotate to non-existent timing check (RECOVERY RN (posedge CK) (0.252)) of instance testbed.u_ipdc.census_r_reg_1_ of module DFFRX1 <./ipdc_pr.sdf, line 5966>.
ncelab: *W,SDFNET: Unable to annotate to non-existent timing check (RECOVERY RN (posedge CK) (0.252)) of instance testbed.u_ipdc.census_r_reg_2_ of module DFFRX1 <./ipdc_pr.sdf, line 5988>.
ncelab: *W,SDFNET: Unable to annotate to non-existent timing check (RECOVERY RN (posedge CK) (0.257)) of instance testbed.u_ipdc.census_r_reg_3_ of module DFFRX1 <./ipdc_pr.sdf, line 6010>.
ncelab: *W,SDFNET: Unable to annotate to non-existent timing check (RECOVERY RN (posedge CK) (0.255)) of instance testbed.u_ipdc.census_r_reg_4_ of module DFFRX1 <./ipdc_pr.sdf, line 6032>.
ncelab: *W,SDFNET: Unable to annotate to non-existent timing check (RECOVERY RN (posedge CK) (0.259)) of instance testbed.u_ipdc.census_r_reg_5_ of module DFFRX1 <./ipdc_pr.sdf, line 6054>.
ncelab: *W,SDFNET: Unable to annotate to non-existent timing check (RECOVERY RN (posedge CK) (0.257)) of instance testbed.u_ipdc.census_r_reg_6_ of module DFFRX1 <./ipdc_pr.sdf, line 6076>.
ncelab: *W,SDFNET: Unable to annotate to non-existent timing check (RECOVERY RN (posedge CK) (0.257)) of instance testbed.u_ipdc.census_r_reg_7_ of module DFFRX1 <./ipdc_pr.sdf, line 6098>.
ncelab: *W,SDFNET: Unable to annotate to non-existent timing check (RECOVERY RN (posedge CK) (0.255)) of instance testbed.u_ipdc.valid_r_reg of module DFFRX1 <./ipdc_pr.sdf, line 6120>.
ncelab: *W,SDFNET: Unable to annotate to non-existent timing check (RECOVERY RN (posedge CK) (0.252)) of instance testbed.u_ipdc.m_reg_r_reg_4__7_ of module DFFRX1 <./ipdc_pr.sdf, line 6142>.
ncelab: *W,SDFNET: Unable to annotate to non-existent timing check (RECOVERY RN (posedge CK) (0.252)) of instance testbed.u_ipdc.m_reg_r_reg_2__7_ of module DFFRX1 <./ipdc_pr.sdf, line 6164>.
ncelab: *W,SDFNET: Unable to annotate to non-existent timing check (RECOVERY RN (posedge CK) (0.257)) of instance testbed.u_ipdc.m_reg_r_reg_1__7_ of module DFFRX1 <./ipdc_pr.sdf, line 6186>.
ncelab: *W,SDFNET: Unable to annotate to non-existent timing check (RECOVERY RN (posedge CK) (0.252)) of instance testbed.u_ipdc.m_reg_r_reg_4__6_ of module DFFRX1 <./ipdc_pr.sdf, line 6208>.
ncelab: *W,SDFNET: Unable to annotate to non-existent timing check (RECOVERY RN (posedge CK) (0.252)) of instance testbed.u_ipdc.m_reg_r_reg_2__6_ of module DFFRX1 <./ipdc_pr.sdf, line 6230>.
ncelab: *W,SDFNET: Unable to annotate to non-existent timing check (RECOVERY RN (posedge CK) (0.257)) of instance testbed.u_ipdc.m_reg_r_reg_1__6_ of module DFFRX1 <./ipdc_pr.sdf, line 6252>.
ncelab: *W,SDFNET: Unable to annotate to non-existent timing check (RECOVERY RN (posedge CK) (0.252)) of instance testbed.u_ipdc.m_reg_r_reg_4__5_ of module DFFRX1 <./ipdc_pr.sdf, line 6274>.
ncelab: *W,SDFNET: Unable to annotate to non-existent timing check (RECOVERY RN (posedge CK) (0.252)) of instance testbed.u_ipdc.m_reg_r_reg_2__5_ of module DFFRX1 <./ipdc_pr.sdf, line 6296>.
ncelab: *W,SDFNET: Unable to annotate to non-existent timing check (RECOVERY RN (posedge CK) (0.257)) of instance testbed.u_ipdc.m_reg_r_reg_1__5_ of module DFFRX1 <./ipdc_pr.sdf, line 6318>.
ncelab: *W,SDFNET: Unable to annotate to non-existent timing check (RECOVERY RN (posedge CK) (0.252)) of instance testbed.u_ipdc.m_reg_r_reg_4__4_ of module DFFRX1 <./ipdc_pr.sdf, line 6340>.
ncelab: *W,SDFNET: Unable to annotate to non-existent timing check (RECOVERY RN (posedge CK) (0.252)) of instance testbed.u_ipdc.m_reg_r_reg_2__4_ of module DFFRX1 <./ipdc_pr.sdf, line 6362>.
ncelab: *W,SDFNET: Unable to annotate to non-existent timing check (RECOVERY RN (posedge CK) (0.257)) of instance testbed.u_ipdc.m_reg_r_reg_1__4_ of module DFFRX1 <./ipdc_pr.sdf, line 6384>.
ncelab: *W,SDFNET: Unable to annotate to non-existent timing check (RECOVERY RN (posedge CK) (0.252)) of instance testbed.u_ipdc.m_reg_r_reg_4__3_ of module DFFRX1 <./ipdc_pr.sdf, line 6406>.
ncelab: *W,SDFNET: Unable to annotate to non-existent timing check (RECOVERY RN (posedge CK) (0.257)) of instance testbed.u_ipdc.m_reg_r_reg_2__3_ of module DFFRX1 <./ipdc_pr.sdf, line 6428>.
ncelab: *W,SDFNET: Unable to annotate to non-existent timing check (RECOVERY RN (posedge CK) (0.257)) of instance testbed.u_ipdc.m_reg_r_reg_1__3_ of module DFFRX1 <./ipdc_pr.sdf, line 6450>.
ncelab: *W,SDFNET: Unable to annotate to non-existent timing check (RECOVERY RN (posedge CK) (0.252)) of instance testbed.u_ipdc.m_reg_r_reg_4__2_ of module DFFRX1 <./ipdc_pr.sdf, line 6472>.
ncelab: *W,SDFNET: Unable to annotate to non-existent timing check (RECOVERY RN (posedge CK) (0.257)) of instance testbed.u_ipdc.m_reg_r_reg_2__2_ of module DFFRX1 <./ipdc_pr.sdf, line 6494>.
ncelab: *W,SDFNET: Unable to annotate to non-existent timing check (RECOVERY RN (posedge CK) (0.257)) of instance testbed.u_ipdc.m_reg_r_reg_1__2_ of module DFFRX1 <./ipdc_pr.sdf, line 6516>.
ncelab: *W,SDFNET: Unable to annotate to non-existent timing check (RECOVERY RN (posedge CK) (0.252)) of instance testbed.u_ipdc.m_reg_r_reg_4__1_ of module DFFRX1 <./ipdc_pr.sdf, line 6538>.
ncelab: *W,SDFNET: Unable to annotate to non-existent timing check (RECOVERY RN (posedge CK) (0.257)) of instance testbed.u_ipdc.m_reg_r_reg_2__1_ of module DFFRX1 <./ipdc_pr.sdf, line 6560>.
ncelab: *W,SDFNET: Unable to annotate to non-existent timing check (RECOVERY RN (posedge CK) (0.257)) of instance testbed.u_ipdc.m_reg_r_reg_1__1_ of module DFFRX1 <./ipdc_pr.sdf, line 6582>.
ncelab: *W,SDFNET: Unable to annotate to non-existent timing check (RECOVERY RN (posedge CK) (0.252)) of instance testbed.u_ipdc.m_reg_r_reg_4__0_ of module DFFRX1 <./ipdc_pr.sdf, line 6604>.
ncelab: *W,SDFNET: Unable to annotate to non-existent timing check (RECOVERY RN (posedge CK) (0.257)) of instance testbed.u_ipdc.m_reg_r_reg_2__0_ of module DFFRX1 <./ipdc_pr.sdf, line 6626>.
ncelab: *W,SDFNET: Unable to annotate to non-existent timing check (RECOVERY RN (posedge CK) (0.257)) of instance testbed.u_ipdc.m_reg_r_reg_1__0_ of module DFFRX1 <./ipdc_pr.sdf, line 6648>.
ncelab: *W,SDFNET: Unable to annotate to non-existent timing check (RECOVERY RN (posedge CK) (0.255)) of instance testbed.u_ipdc.m_reg_g_reg_4__7_ of module DFFRX1 <./ipdc_pr.sdf, line 6670>.
ncelab: *W,SDFNET: Unable to annotate to non-existent timing check (RECOVERY RN (posedge CK) (0.258)) of instance testbed.u_ipdc.m_reg_g_reg_4__6_ of module DFFRX1 <./ipdc_pr.sdf, line 6692>.
ncelab: *W,SDFNET: Unable to annotate to non-existent timing check (RECOVERY RN (posedge CK) (0.255)) of instance testbed.u_ipdc.m_reg_g_reg_3__6_ of module DFFRX1 <./ipdc_pr.sdf, line 6714>.
ncelab: *W,SDFNET: Unable to annotate to non-existent timing check (RECOVERY RN (posedge CK) (0.258)) of instance testbed.u_ipdc.m_reg_g_reg_4__5_ of module DFFRX1 <./ipdc_pr.sdf, line 6736>.
ncelab: *W,SDFNET: Unable to annotate to non-existent timing check (RECOVERY RN (posedge CK) (0.258)) of instance testbed.u_ipdc.m_reg_g_reg_4__4_ of module DFFRX1 <./ipdc_pr.sdf, line 6758>.
ncelab: *W,SDFNET: Unable to annotate to non-existent timing check (RECOVERY RN (posedge CK) (0.258)) of instance testbed.u_ipdc.m_reg_g_reg_4__3_ of module DFFRX1 <./ipdc_pr.sdf, line 6780>.
ncelab: *W,SDFNET: Unable to annotate to non-existent timing check (RECOVERY RN (posedge CK) (0.258)) of instance testbed.u_ipdc.m_reg_g_reg_4__2_ of module DFFRX1 <./ipdc_pr.sdf, line 6802>.
ncelab: *W,SDFNET: Unable to annotate to non-existent timing check (RECOVERY RN (posedge CK) (0.258)) of instance testbed.u_ipdc.m_reg_g_reg_4__1_ of module DFFRX1 <./ipdc_pr.sdf, line 6824>.
ncelab: *W,SDFNET: Unable to annotate to non-existent timing check (RECOVERY RN (posedge CK) (0.258)) of instance testbed.u_ipdc.m_reg_g_reg_4__0_ of module DFFRX1 <./ipdc_pr.sdf, line 6846>.
ncelab: *W,SDFNET: Unable to annotate to non-existent timing check (RECOVERY RN (posedge CK) (0.211)) of instance testbed.u_ipdc.m_reg_g_reg_3__0_ of module DFFRX1 <./ipdc_pr.sdf, line 6868>.
ncelab: *W,SDFNET: Unable to annotate to non-existent timing check (RECOVERY RN (posedge CK) (0.254)) of instance testbed.u_ipdc.m_reg_b_reg_4__7_ of module DFFRX1 <./ipdc_pr.sdf, line 6890>.
ncelab: *W,SDFNET: Unable to annotate to non-existent timing check (RECOVERY RN (posedge CK) (0.254)) of instance testbed.u_ipdc.m_reg_b_reg_4__6_ of module DFFRX1 <./ipdc_pr.sdf, line 6912>.
ncelab: *W,SDFNET: Unable to annotate to non-existent timing check (RECOVERY RN (posedge CK) (0.254)) of instance testbed.u_ipdc.m_reg_b_reg_4__5_ of module DFFRX1 <./ipdc_pr.sdf, line 6934>.
ncelab: *W,SDFNET: Unable to annotate to non-existent timing check (RECOVERY RN (posedge CK) (0.254)) of instance testbed.u_ipdc.m_reg_b_reg_4__4_ of module DFFRX1 <./ipdc_pr.sdf, line 6956>.
ncelab: *W,SDFNET: Unable to annotate to non-existent timing check (RECOVERY RN (posedge CK) (0.254)) of instance testbed.u_ipdc.m_reg_b_reg_4__3_ of module DFFRX1 <./ipdc_pr.sdf, line 6978>.
ncelab: *W,SDFNET: Unable to annotate to non-existent timing check (RECOVERY RN (posedge CK) (0.254)) of instance testbed.u_ipdc.m_reg_b_reg_4__2_ of module DFFRX1 <./ipdc_pr.sdf, line 7000>.
ncelab: *W,SDFNET: Unable to annotate to non-existent timing check (RECOVERY RN (posedge CK) (0.259)) of instance testbed.u_ipdc.m_reg_b_reg_4__1_ of module DFFRX1 <./ipdc_pr.sdf, line 7022>.
ncelab: *W,SDFNET: Unable to annotate to non-existent timing check (RECOVERY RN (posedge CK) (0.259)) of instance testbed.u_ipdc.m_reg_b_reg_4__0_ of module DFFRX1 <./ipdc_pr.sdf, line 7044>.
ncelab: *W,SDFNET: Unable to annotate to non-existent timing check (RECOVERY SN (posedge CK) (0)) of instance testbed.u_ipdc.cstate_reg_1_ of module DFFSX2 <./ipdc_pr.sdf, line 7066>.
ncelab: *W,SDFNET: Unable to annotate to non-existent timing check (RECOVERY RN (posedge CK) (0.259)) of instance testbed.u_ipdc.m_reg_g_reg_1__6_ of module DFFRX1 <./ipdc_pr.sdf, line 7088>.
ncelab: *W,SDFNET: Unable to annotate to non-existent timing check (RECOVERY RN (posedge CK) (0.259)) of instance testbed.u_ipdc.m_reg_g_reg_1__5_ of module DFFRX1 <./ipdc_pr.sdf, line 7110>.
ncelab: *W,SDFNET: Unable to annotate to non-existent timing check (RECOVERY RN (posedge CK) (0.255)) of instance testbed.u_ipdc.m_reg_g_reg_1__7_ of module DFFRX1 <./ipdc_pr.sdf, line 7132>.
ncelab: *W,SDFNET: Unable to annotate to non-existent timing check (RECOVERY RN (posedge CK) (0.252)) of instance testbed.u_ipdc.m_reg_r_reg_3__7_ of module DFFRX1 <./ipdc_pr.sdf, line 7154>.
ncelab: *W,SDFNET: Unable to annotate to non-existent timing check (RECOVERY RN (posedge CK) (0.255)) of instance testbed.u_ipdc.m_reg_g_reg_3__7_ of module DFFRX1 <./ipdc_pr.sdf, line 7176>.
ncelab: *W,SDFNET: Unable to annotate to non-existent timing check (RECOVERY RN (posedge CK) (0.255)) of instance testbed.u_ipdc.m_reg_g_reg_2__7_ of module DFFRX1 <./ipdc_pr.sdf, line 7198>.
ncelab: *W,SDFNET: Unable to annotate to non-existent timing check (RECOVERY RN (posedge CK) (0.259)) of instance testbed.u_ipdc.m_reg_g_reg_1__4_ of module DFFRX1 <./ipdc_pr.sdf, line 7220>.
ncelab: *W,SDFNET: Unable to annotate to non-existent timing check (RECOVERY RN (posedge CK) (0.252)) of instance testbed.u_ipdc.m_reg_r_reg_3__5_ of module DFFRX1 <./ipdc_pr.sdf, line 7242>.
ncelab: *W,SDFNET: Unable to annotate to non-existent timing check (RECOVERY RN (posedge CK) (0.252)) of instance testbed.u_ipdc.m_reg_r_reg_3__6_ of module DFFRX1 <./ipdc_pr.sdf, line 7264>.
ncelab: *W,SDFNET: Unable to annotate to non-existent timing check (RECOVERY RN (posedge CK) (0.254)) of instance testbed.u_ipdc.m_reg_b_reg_2__7_ of module DFFRX1 <./ipdc_pr.sdf, line 7286>.
ncelab: *W,SDFNET: Unable to annotate to non-existent timing check (RECOVERY RN (posedge CK) (0.258)) of instance testbed.u_ipdc.m_reg_g_reg_3__5_ of module DFFRX1 <./ipdc_pr.sdf, line 7308>.
ncelab: *W,SDFNET: Unable to annotate to non-existent timing check (RECOVERY RN (posedge CK) (0.259)) of instance testbed.u_ipdc.m_reg_g_reg_2__5_ of module DFFRX1 <./ipdc_pr.sdf, line 7330>.
ncelab: *W,SDFNET: Unable to annotate to non-existent timing check (RECOVERY RN (posedge CK) (0.254)) of instance testbed.u_ipdc.m_reg_b_reg_3__7_ of module DFFRX1 <./ipdc_pr.sdf, line 7352>.
ncelab: *W,SDFNET: Unable to annotate to non-existent timing check (RECOVERY RN (posedge CK) (0.258)) of instance testbed.u_ipdc.m_reg_g_reg_3__4_ of module DFFRX1 <./ipdc_pr.sdf, line 7374>.
ncelab: *W,SDFNET: Unable to annotate to non-existent timing check (RECOVERY RN (posedge CK) (0.259)) of instance testbed.u_ipdc.m_reg_g_reg_2__6_ of module DFFRX1 <./ipdc_pr.sdf, line 7396>.
ncelab: *W,SDFNET: Unable to annotate to non-existent timing check (RECOVERY RN (posedge CK) (0.254)) of instance testbed.u_ipdc.m_reg_b_reg_3__5_ of module DFFRX1 <./ipdc_pr.sdf, line 7418>.
ncelab: *W,SDFNET: Unable to annotate to non-existent timing check (RECOVERY RN (posedge CK) (0.254)) of instance testbed.u_ipdc.m_reg_b_reg_3__6_ of module DFFRX1 <./ipdc_pr.sdf, line 7440>.
ncelab: *W,SDFNET: Unable to annotate to non-existent timing check (RECOVERY RN (posedge CK) (0.252)) of instance testbed.u_ipdc.m_reg_r_reg_3__4_ of module DFFRX1 <./ipdc_pr.sdf, line 7462>.
ncelab: *W,SDFNET: Unable to annotate to non-existent timing check (RECOVERY RN (posedge CK) (0.254)) of instance testbed.u_ipdc.m_reg_b_reg_2__5_ of module DFFRX1 <./ipdc_pr.sdf, line 7484>.
ncelab: *W,SDFNET: Unable to annotate to non-existent timing check (RECOVERY RN (posedge CK) (0.259)) of instance testbed.u_ipdc.m_reg_g_reg_2__4_ of module DFFRX1 <./ipdc_pr.sdf, line 7506>.
ncelab: *W,SDFNET: Unable to annotate to non-existent timing check (RECOVERY RN (posedge CK) (0.255)) of instance testbed.u_ipdc.valid_rr_reg of module DFFRX1 <./ipdc_pr.sdf, line 7528>.
ncelab: *W,SDFNET: Unable to annotate to non-existent timing check (RECOVERY RN (posedge CK) (0.254)) of instance testbed.u_ipdc.m_reg_b_reg_3__4_ of module DFFRX1 <./ipdc_pr.sdf, line 7550>.
ncelab: *W,SDFNET: Unable to annotate to non-existent timing check (RECOVERY RN (posedge CK) (0.254)) of instance testbed.u_ipdc.m_reg_b_reg_2__6_ of module DFFRX1 <./ipdc_pr.sdf, line 7572>.
ncelab: *W,SDFNET: Unable to annotate to non-existent timing check (RECOVERY RN (posedge CK) (0.259)) of instance testbed.u_ipdc.m_reg_g_reg_2__3_ of module DFFRX1 <./ipdc_pr.sdf, line 7594>.
ncelab: *W,SDFNET: Unable to annotate to non-existent timing check (RECOVERY RN (posedge CK) (0.259)) of instance testbed.u_ipdc.m_reg_g_reg_1__3_ of module DFFRX1 <./ipdc_pr.sdf, line 7616>.
ncelab: *W,SDFNET: Unable to annotate to non-existent timing check (RECOVERY RN (posedge CK) (0.258)) of instance testbed.u_ipdc.m_reg_g_reg_3__3_ of module DFFRX1 <./ipdc_pr.sdf, line 7638>.
ncelab: *W,SDFNET: Unable to annotate to non-existent timing check (RECOVERY RN (posedge CK) (0.259)) of instance testbed.u_ipdc.m_reg_g_reg_2__2_ of module DFFRX1 <./ipdc_pr.sdf, line 7660>.
ncelab: *W,SDFNET: Unable to annotate to non-existent timing check (RECOVERY RN (posedge CK) (0.259)) of instance testbed.u_ipdc.m_reg_g_reg_1__2_ of module DFFRX1 <./ipdc_pr.sdf, line 7682>.
ncelab: *W,SDFNET: Unable to annotate to non-existent timing check (RECOVERY RN (posedge CK) (0.254)) of instance testbed.u_ipdc.m_reg_b_reg_2__4_ of module DFFRX1 <./ipdc_pr.sdf, line 7704>.
ncelab: *W,SDFNET: Unable to annotate to non-existent timing check (RECOVERY RN (posedge CK) (0.258)) of instance testbed.u_ipdc.m_reg_g_reg_3__2_ of module DFFRX1 <./ipdc_pr.sdf, line 7726>.
ncelab: *W,SDFNET: Unable to annotate to non-existent timing check (RECOVERY RN (posedge CK) (0.254)) of instance testbed.u_ipdc.m_reg_b_reg_3__3_ of module DFFRX1 <./ipdc_pr.sdf, line 7748>.
ncelab: *W,SDFNET: Unable to annotate to non-existent timing check (RECOVERY RN (posedge CK) (0.211)) of instance testbed.u_ipdc.m_reg_g_reg_1__0_ of module DFFRX1 <./ipdc_pr.sdf, line 7770>.
ncelab: *W,SDFNET: Unable to annotate to non-existent timing check (RECOVERY RN (posedge CK) (0.259)) of instance testbed.u_ipdc.m_reg_b_reg_3__2_ of module DFFRX1 <./ipdc_pr.sdf, line 7792>.
ncelab: *W,SDFNET: Unable to annotate to non-existent timing check (RECOVERY RN (posedge CK) (0.211)) of instance testbed.u_ipdc.m_reg_g_reg_1__1_ of module DFFRX1 <./ipdc_pr.sdf, line 7814>.
ncelab: *W,SDFNET: Unable to annotate to non-existent timing check (RECOVERY RN (posedge CK) (0.257)) of instance testbed.u_ipdc.m_reg_r_reg_3__3_ of module DFFRX1 <./ipdc_pr.sdf, line 7836>.
ncelab: *W,SDFNET: Unable to annotate to non-existent timing check (RECOVERY RN (posedge CK) (0.257)) of instance testbed.u_ipdc.m_reg_r_reg_3__2_ of module DFFRX1 <./ipdc_pr.sdf, line 7858>.
ncelab: *W,SDFNET: Unable to annotate to non-existent timing check (RECOVERY RN (posedge CK) (0.211)) of instance testbed.u_ipdc.m_reg_g_reg_3__1_ of module DFFRX1 <./ipdc_pr.sdf, line 7880>.
ncelab: *W,SDFNET: Unable to annotate to non-existent timing check (RECOVERY RN (posedge CK) (0.252)) of instance testbed.u_ipdc.m_reg_r_reg_3__0_ of module DFFRX1 <./ipdc_pr.sdf, line 7902>.
ncelab: *W,SDFNET: Unable to annotate to non-existent timing check (RECOVERY RN (posedge CK) (0.254)) of instance testbed.u_ipdc.m_reg_b_reg_2__3_ of module DFFRX1 <./ipdc_pr.sdf, line 7924>.
ncelab: *W,SDFNET: Unable to annotate to non-existent timing check (RECOVERY RN (posedge CK) (0.211)) of instance testbed.u_ipdc.m_reg_g_reg_2__0_ of module DFFRX1 <./ipdc_pr.sdf, line 7946>.
ncelab: *W,SDFNET: Unable to annotate to non-existent timing check (RECOVERY RN (posedge CK) (0.255)) of instance testbed.u_ipdc.m_reg_g_reg_0__7_ of module DFFRX1 <./ipdc_pr.sdf, line 7968>.
ncelab: *W,SDFNET: Unable to annotate to non-existent timing check (RECOVERY RN (posedge CK) (0.211)) of instance testbed.u_ipdc.m_reg_g_reg_2__1_ of module DFFRX1 <./ipdc_pr.sdf, line 7990>.
ncelab: *W,SDFNET: Unable to annotate to non-existent timing check (RECOVERY RN (posedge CK) (0.261)) of instance testbed.u_ipdc.m_reg_b_reg_0__7_ of module DFFRX1 <./ipdc_pr.sdf, line 8012>.
ncelab: *W,SDFNET: Unable to annotate to non-existent timing check (RECOVERY RN (posedge CK) (0.259)) of instance testbed.u_ipdc.m_reg_b_reg_2__2_ of module DFFRX1 <./ipdc_pr.sdf, line 8034>.
ncelab: *W,SDFNET: Unable to annotate to non-existent timing check (RECOVERY RN (posedge CK) (0.252)) of instance testbed.u_ipdc.m_reg_r_reg_3__1_ of module DFFRX1 <./ipdc_pr.sdf, line 8056>.
ncelab: *W,SDFNET: Unable to annotate to non-existent timing check (RECOVERY RN (posedge CK) (0.259)) of instance testbed.u_ipdc.m_reg_b_reg_3__0_ of module DFFRX1 <./ipdc_pr.sdf, line 8078>.
ncelab: *W,SDFNET: Unable to annotate to non-existent timing check (RECOVERY RN (posedge CK) (0.259)) of instance testbed.u_ipdc.m_reg_b_reg_3__1_ of module DFFRX1 <./ipdc_pr.sdf, line 8100>.
ncelab: *W,SDFNET: Unable to annotate to non-existent timing check (RECOVERY RN (posedge CK) (0.259)) of instance testbed.u_ipdc.m_reg_b_reg_2__0_ of module DFFRX1 <./ipdc_pr.sdf, line 8122>.
ncelab: *W,SDFNET: Unable to annotate to non-existent timing check (RECOVERY RN (posedge CK) (0.257)) of instance testbed.u_ipdc.m_reg_r_reg_0__0_ of module DFFRX1 <./ipdc_pr.sdf, line 8144>.
ncelab: *W,SDFNET: Unable to annotate to non-existent timing check (RECOVERY RN (posedge CK) (0.211)) of instance testbed.u_ipdc.m_reg_g_reg_0__0_ of module DFFRX1 <./ipdc_pr.sdf, line 8166>.
ncelab: *W,SDFNET: Unable to annotate to non-existent timing check (RECOVERY RN (posedge CK) (0.259)) of instance testbed.u_ipdc.m_reg_b_reg_0__0_ of module DFFRX1 <./ipdc_pr.sdf, line 8188>.
ncelab: *W,SDFNET: Unable to annotate to non-existent timing check (RECOVERY RN (posedge CK) (0.257)) of instance testbed.u_ipdc.m_reg_r_reg_0__5_ of module DFFRX1 <./ipdc_pr.sdf, line 8210>.
ncelab: *W,SDFNET: Unable to annotate to non-existent timing check (RECOVERY RN (posedge CK) (0.261)) of instance testbed.u_ipdc.m_reg_b_reg_0__5_ of module DFFRX1 <./ipdc_pr.sdf, line 8232>.
ncelab: *W,SDFNET: Unable to annotate to non-existent timing check (RECOVERY RN (posedge CK) (0.259)) of instance testbed.u_ipdc.m_reg_g_reg_0__5_ of module DFFRX1 <./ipdc_pr.sdf, line 8254>.
ncelab: *W,SDFNET: Unable to annotate to non-existent timing check (RECOVERY RN (posedge CK) (0.259)) of instance testbed.u_ipdc.m_reg_b_reg_2__1_ of module DFFRX1 <./ipdc_pr.sdf, line 8276>.
ncelab: *W,SDFNET: Unable to annotate to non-existent timing check (RECOVERY RN (posedge CK) (0.257)) of instance testbed.u_ipdc.m_reg_r_reg_0__1_ of module DFFRX1 <./ipdc_pr.sdf, line 8298>.
ncelab: *W,SDFNET: Unable to annotate to non-existent timing check (RECOVERY RN (posedge CK) (0.259)) of instance testbed.u_ipdc.m_reg_b_reg_0__1_ of module DFFRX1 <./ipdc_pr.sdf, line 8320>.
ncelab: *W,SDFNET: Unable to annotate to non-existent timing check (RECOVERY RN (posedge CK) (0.211)) of instance testbed.u_ipdc.m_reg_g_reg_0__1_ of module DFFRX1 <./ipdc_pr.sdf, line 8342>.
ncelab: *W,SDFNET: Unable to annotate to non-existent timing check (RECOVERY RN (posedge CK) (0.257)) of instance testbed.u_ipdc.m_reg_r_reg_0__3_ of module DFFRX1 <./ipdc_pr.sdf, line 8364>.
ncelab: *W,SDFNET: Unable to annotate to non-existent timing check (RECOVERY RN (posedge CK) (0.259)) of instance testbed.u_ipdc.m_reg_g_reg_0__3_ of module DFFRX1 <./ipdc_pr.sdf, line 8386>.
ncelab: *W,SDFNET: Unable to annotate to non-existent timing check (RECOVERY RN (posedge CK) (0.261)) of instance testbed.u_ipdc.m_reg_b_reg_0__3_ of module DFFRX1 <./ipdc_pr.sdf, line 8408>.
ncelab: *W,SDFNET: Unable to annotate to non-existent timing check (RECOVERY RN (posedge CK) (0.259)) of instance testbed.u_ipdc.m_reg_b_reg_0__2_ of module DFFRX1 <./ipdc_pr.sdf, line 8430>.
ncelab: *W,SDFNET: Unable to annotate to non-existent timing check (RECOVERY RN (posedge CK) (0.257)) of instance testbed.u_ipdc.m_reg_r_reg_0__2_ of module DFFRX1 <./ipdc_pr.sdf, line 8452>.
ncelab: *W,SDFNET: Unable to annotate to non-existent timing check (RECOVERY RN (posedge CK) (0.259)) of instance testbed.u_ipdc.m_reg_g_reg_0__2_ of module DFFRX1 <./ipdc_pr.sdf, line 8474>.
ncelab: *W,SDFNET: Unable to annotate to non-existent timing check (RECOVERY RN (posedge CK) (0.257)) of instance testbed.u_ipdc.m_reg_r_reg_0__4_ of module DFFRX1 <./ipdc_pr.sdf, line 8496>.
ncelab: *W,SDFNET: Unable to annotate to non-existent timing check (RECOVERY RN (posedge CK) (0.261)) of instance testbed.u_ipdc.m_reg_b_reg_0__4_ of module DFFRX1 <./ipdc_pr.sdf, line 8518>.
ncelab: *W,SDFNET: Unable to annotate to non-existent timing check (RECOVERY RN (posedge CK) (0.259)) of instance testbed.u_ipdc.m_reg_g_reg_0__4_ of module DFFRX1 <./ipdc_pr.sdf, line 8540>.
ncelab: *W,SDFNET: Unable to annotate to non-existent timing check (RECOVERY RN (posedge CK) (0.257)) of instance testbed.u_ipdc.m_reg_r_reg_0__6_ of module DFFRX1 <./ipdc_pr.sdf, line 8562>.
ncelab: *W,SDFNET: Unable to annotate to non-existent timing check (RECOVERY RN (posedge CK) (0.259)) of instance testbed.u_ipdc.m_reg_g_reg_0__6_ of module DFFRX1 <./ipdc_pr.sdf, line 8584>.
ncelab: *W,SDFNET: Unable to annotate to non-existent timing check (RECOVERY RN (posedge CK) (0.261)) of instance testbed.u_ipdc.m_reg_b_reg_0__6_ of module DFFRX1 <./ipdc_pr.sdf, line 8606>.
ncelab: *W,SDFNET: Unable to annotate to non-existent timing check (RECOVERY RN (posedge CK) (0.257)) of instance testbed.u_ipdc.m_reg_r_reg_0__7_ of module DFFRX1 <./ipdc_pr.sdf, line 8628>.
ncelab: *W,SDFNET: Unable to annotate to non-existent timing check (RECOVERY RN (posedge CK) (0.201)) of instance testbed.u_ipdc.img_size_r_reg_4_ of module DFFRX2 <./ipdc_pr.sdf, line 8707>.
ncelab: *W,SDFNET: Unable to annotate to non-existent timing check (RECOVERY RN (posedge CK) (0.257)) of instance testbed.u_ipdc.counter_r_reg_0_ of module DFFRX1 <./ipdc_pr.sdf, line 8729>.
ncelab: *W,SDFNET: Unable to annotate to non-existent timing check (RECOVERY RN (posedge CK) (0.254)) of instance testbed.u_ipdc.m_reg_b_reg_1__7_ of module DFFRX1 <./ipdc_pr.sdf, line 8751>.
ncelab: *W,SDFNET: Unable to annotate to non-existent timing check (RECOVERY RN (posedge CK) (0.259)) of instance testbed.u_ipdc.m_reg_b_reg_1__4_ of module DFFRX1 <./ipdc_pr.sdf, line 8773>.
ncelab: *W,SDFNET: Unable to annotate to non-existent timing check (RECOVERY RN (posedge CK) (0.259)) of instance testbed.u_ipdc.m_reg_b_reg_1__2_ of module DFFRX1 <./ipdc_pr.sdf, line 8795>.
ncelab: *W,SDFNET: Unable to annotate to non-existent timing check (RECOVERY RN (posedge CK) (0.259)) of instance testbed.u_ipdc.m_reg_b_reg_1__1_ of module DFFRX1 <./ipdc_pr.sdf, line 8817>.
ncelab: *W,SDFNET: Unable to annotate to non-existent timing check (RECOVERY RN (posedge CK) (0.255)) of instance testbed.u_ipdc.ftr_zero_pad_r_reg of module DFFRX1 <./ipdc_pr.sdf, line 8839>.
ncelab: *W,SDFNET: Unable to annotate to non-existent timing check (RECOVERY RN (posedge CK) (0.255)) of instance testbed.u_ipdc.img_origin_r_reg_7_ of module DFFRX1 <./ipdc_pr.sdf, line 8861>.
ncelab: *W,SDFNET: Unable to annotate to non-existent timing check (RECOVERY RN (posedge CK) (0.257)) of instance testbed.u_ipdc.counter_r_reg_1_ of module DFFRX1 <./ipdc_pr.sdf, line 8883>.
ncelab: *W,SDFNET: Unable to annotate to non-existent timing check (RECOVERY RN (posedge CK) (0.257)) of instance testbed.u_ipdc.counter_r_reg_5_ of module DFFRX1 <./ipdc_pr.sdf, line 8905>.
ncelab: *W,SDFNET: Unable to annotate to non-existent timing check (RECOVERY RN (posedge CK) (0.261)) of instance testbed.u_ipdc.cstate_reg_2_ of module DFFRX1 <./ipdc_pr.sdf, line 8927>.
ncelab: *W,SDFNET: Unable to annotate to non-existent timing check (RECOVERY RN (posedge CK) (0.259)) of instance testbed.u_ipdc.m_reg_b_reg_1__5_ of module DFFRX1 <./ipdc_pr.sdf, line 8949>.
ncelab: *W,SDFNET: Unable to annotate to non-existent timing check (RECOVERY RN (posedge CK) (0.254)) of instance testbed.u_ipdc.m_reg_b_reg_1__6_ of module DFFRX1 <./ipdc_pr.sdf, line 8971>.
ncelab: *W,SDFNET: Unable to annotate to non-existent timing check (RECOVERY RN (posedge CK) (0.259)) of instance testbed.u_ipdc.m_reg_b_reg_1__3_ of module DFFRX1 <./ipdc_pr.sdf, line 8993>.
ncelab: *W,SDFNET: Unable to annotate to non-existent timing check (RECOVERY RN (posedge CK) (0.259)) of instance testbed.u_ipdc.m_reg_b_reg_1__0_ of module DFFRX1 <./ipdc_pr.sdf, line 9015>.
ncelab: *W,SDFNET: Unable to annotate to non-existent timing check (RECOVERY RN (posedge CK) (0.261)) of instance testbed.u_ipdc.out_data_r_reg_5_ of module DFFRX1 <./ipdc_pr.sdf, line 9037>.
ncelab: *W,SDFNET: Unable to annotate to non-existent timing check (RECOVERY RN (posedge CK) (0.257)) of instance testbed.u_ipdc.out_data_r_reg_7_ of module DFFRX1 <./ipdc_pr.sdf, line 9059>.
ncelab: *W,SDFNET: Unable to annotate to non-existent timing check (RECOVERY SN (posedge CK) (0)) of instance testbed.u_ipdc.cstate_reg_3_ of module DFFSX1 <./ipdc_pr.sdf, line 9081>.
ncelab: *W,SDFNET: Unable to annotate to non-existent timing check (RECOVERY RN (posedge CK) (0.255)) of instance testbed.u_ipdc.img_origin_r_reg_2_ of module DFFRX1 <./ipdc_pr.sdf, line 9103>.
ncelab: *W,SDFNET: Unable to annotate to non-existent timing check (RECOVERY RN (posedge CK) (0.257)) of instance testbed.u_ipdc.counter_r_reg_3_ of module DFFRX1 <./ipdc_pr.sdf, line 25808>.
ncelab: *W,SDFNET: Unable to annotate to non-existent timing check (RECOVERY RN (posedge CK) (0.255)) of instance testbed.u_ipdc.img_origin_r_reg_1_ of module DFFRX1 <./ipdc_pr.sdf, line 25830>.
	Annotation completed with 0 Errors and 197 Warnings
	SDF statistics: No. of Pathdelays = 8068  Annotated = 67.10% -- No. of Tchecks = 2513  Annotated = 53.52% 
				        Total 	   Annotated	  Percentage
		 Path Delays	        8068	        5414	       67.10
		       $hold	          64	           0	        0.00
		     $period	           3	           3	      100.00
		      $width	         969	         617	       63.67
		  $setuphold	        1477	         725	       49.09
	Building instance overlay tables: .................... Done
	Generating native compiled code:
		worklib.testbed:v <0x170b9b12>
			streams:  20, words: 14382
	Building instance specific data structures.
	Loading native compiled code:     .................... Done
	Design hierarchy summary:
		                    Instances  Unique
		Modules:                 2004     530
		UDPs:                     451      12
		Primitives:              5345      10
		Timing outputs:          2422     541
		Registers:                534     239
		Scalar wires:            2791       -
		Expanded wires:            52       5
		Always blocks:             11       7
		Initial blocks:            10      10
		Cont. assignments:          6       3
		Pseudo assignments:         5       5
		Timing checks:           3990     367
		Interconnect:            4448     134
		Delayed tcheck signals:  1179     833
		Simulation timescale:     1ps
	Writing initial simulation snapshot: worklib.testbed:v
Loading snapshot worklib.testbed:v .................... Done
*Verdi* Loading libsscore_ius152.so
ncsim> source /usr/cad/cadence/INCISIV/cur/tools/inca/files/ncsimrc
ncsim> run
FSDB Dumper for IUS, Release Verdi_R-2020.12, Linux, 11/19/2020
(C) 1996 - 2020 by Synopsys, Inc.
*Verdi* FSDB WARNING: The FSDB file already exists. Overwriting the FSDB file may crash the programs that are using this file.
*Verdi* : Create FSDB file 'ipdc.fsdb'
*Verdi* : Begin traversing the scopes, layer (3).
*Verdi* : Enable +mda dumping.
*Verdi* : End of traversing.
SDF File ipdc_pr.sdf were used for this simulation.
input mode : 1111
input mode : 1111
input mode : 0000
input mode : 0000
input mode : 0100
input mode : 0100
input mode : 0100
input mode : 0100
input mode : 0111
input mode : 0111
input mode : 0100
input mode : 0100
input mode : 1000
input mode : 1000
input mode : 1100
input mode : 1100
input mode : 0111
input mode : 0111
input mode : 0111
input mode : 0111
input mode : 1000
input mode : 1000
input mode : 1101
input mode : 1101
input mode : 0100
input mode : 0100
input mode : 0100
input mode : 0100
input mode : 1001
input mode : 1001
input mode : 0111
input mode : 0111
input mode : 0111
input mode : 0111
input mode : 1110
input mode : 1110
input mode : 1001
input mode : 1001
input mode : 0101
input mode : 0101
success! pass the testbench

Simulation complete via $finish(1) at time 3855600 PS + 0
../00_TESTBED/testbed.v:193         $finish;
ncsim> exit
TOOL:	ncverilog	15.20-s084: Exiting on Dec 29, 2021 at 00:05:21 CST  (total: 00:00:05)
