
Cadence Innovus(TM) Implementation System.
Copyright 2020 Cadence Design Systems, Inc. All rights reserved worldwide.

Version:	v20.10-p004_1, built Thu May 7 20:02:41 PDT 2020
Options:	
Date:		Tue Dec 14 16:36:22 2021
Host:		cad29 (x86_64 w/Linux 2.6.32-754.27.1.el6.x86_64) (10cores*40cpus*Intel(R) Xeon(R) CPU E5-2650 v3 @ 2.30GHz 25600KB)
OS:		CentOS release 6.10 (Final)

License:
		invs	Innovus Implementation System	20.1	checkout succeeded
		8 CPU jobs allowed with the current license(s). Use setMultiCpuUsage to set your required CPU count.
**WARN: (IMPOPT-801):	Genus executable not found in PATH. Install Genus, add the path to the genus executable in the PATH variable and rerun Innovus.
Change the soft stacksize limit to 0.2%RAM (677 mbytes). Set global soft_stack_size_limit to change the value.

**INFO:  MMMC transition support version v31-84 

<CMD> set_global _enable_mmmc_by_default_flow      $CTE::mmmc_default
<CMD> suppressMessage ENCEXT-2799
<CMD> win
<CMD> save_global CHIP.conf
<CMD> set init_gnd_net VSS
<CMD> set init_lef_file {library/lef/tsmc13fsg_8lm_cic.lef library/lef/tpz013g3_8lm_cic.lef library/lef/RF2SH64x16.vclef library/lef/antenna_8.lef}
<CMD> set init_verilog design_data/CHIP.v
<CMD> set init_mmmc_file mmmc.view
<CMD> set init_io_file design_data/CHIP.ioc
<CMD> set init_top_cell CHIP
<CMD> set init_pwr_net VDD
<CMD> init_design
#% Begin Load MMMC data ... (date=12/14 16:44:53, mem=542.8M)
#% End Load MMMC data ... (date=12/14 16:44:53, total cpu=0:00:00.0, real=0:00:00.0, peak res=543.0M, current mem=543.0M)
RC_corner

Loading LEF file library/lef/tsmc13fsg_8lm_cic.lef ...
Set DBUPerIGU to M2 pitch 920.

Loading LEF file library/lef/tpz013g3_8lm_cic.lef ...
WARNING (LEFPARS-2001): No VERSION statement found, using the default value 5.8. See file library/lef/tpz013g3_8lm_cic.lef at line 20304.

Loading LEF file library/lef/RF2SH64x16.vclef ...
WARNING (LEFPARS-2007): NAMESCASESENSITIVE statement is obsolete in version 5.6 and later.
The LEF parser will ignore this statement.
To avoid this warning in the future, remove this statement from the LEF file with version 5.6 or later. See file library/lef/RF2SH64x16.vclef at line 12.
WARNING (LEFPARS-2001): No VERSION statement found, using the default value 5.8. See file library/lef/RF2SH64x16.vclef at line 1855.

Loading LEF file library/lef/antenna_8.lef ...
**WARN: (IMPLF-119):	LAYER 'METAL1' has been found in the database. Its content except ANTENNA* data will be ignored.
Review the LEF files specified in the init_lef_file variable and remove redundant definitions.
Type 'man IMPLF-119' for more detail.
**WARN: (IMPLF-119):	LAYER 'METAL2' has been found in the database. Its content except ANTENNA* data will be ignored.
Review the LEF files specified in the init_lef_file variable and remove redundant definitions.
Type 'man IMPLF-119' for more detail.
**WARN: (IMPLF-119):	LAYER 'METAL3' has been found in the database. Its content except ANTENNA* data will be ignored.
Review the LEF files specified in the init_lef_file variable and remove redundant definitions.
Type 'man IMPLF-119' for more detail.
**WARN: (IMPLF-119):	LAYER 'METAL4' has been found in the database. Its content except ANTENNA* data will be ignored.
Review the LEF files specified in the init_lef_file variable and remove redundant definitions.
Type 'man IMPLF-119' for more detail.
**WARN: (IMPLF-119):	LAYER 'METAL5' has been found in the database. Its content except ANTENNA* data will be ignored.
Review the LEF files specified in the init_lef_file variable and remove redundant definitions.
Type 'man IMPLF-119' for more detail.
**WARN: (IMPLF-119):	LAYER 'METAL6' has been found in the database. Its content except ANTENNA* data will be ignored.
Review the LEF files specified in the init_lef_file variable and remove redundant definitions.
Type 'man IMPLF-119' for more detail.
**WARN: (IMPLF-119):	LAYER 'METAL7' has been found in the database. Its content except ANTENNA* data will be ignored.
Review the LEF files specified in the init_lef_file variable and remove redundant definitions.
Type 'man IMPLF-119' for more detail.
**WARN: (IMPLF-119):	LAYER 'METAL8' has been found in the database. Its content except ANTENNA* data will be ignored.
Review the LEF files specified in the init_lef_file variable and remove redundant definitions.
Type 'man IMPLF-119' for more detail.
**WARN: (IMPLF-119):	LAYER 'VIA12' has been found in the database. Its content except ANTENNA* data will be ignored.
Review the LEF files specified in the init_lef_file variable and remove redundant definitions.
Type 'man IMPLF-119' for more detail.
**WARN: (IMPLF-119):	LAYER 'VIA23' has been found in the database. Its content except ANTENNA* data will be ignored.
Review the LEF files specified in the init_lef_file variable and remove redundant definitions.
Type 'man IMPLF-119' for more detail.
**WARN: (IMPLF-119):	LAYER 'VIA34' has been found in the database. Its content except ANTENNA* data will be ignored.
Review the LEF files specified in the init_lef_file variable and remove redundant definitions.
Type 'man IMPLF-119' for more detail.
**WARN: (IMPLF-119):	LAYER 'VIA45' has been found in the database. Its content except ANTENNA* data will be ignored.
Review the LEF files specified in the init_lef_file variable and remove redundant definitions.
Type 'man IMPLF-119' for more detail.
**WARN: (IMPLF-119):	LAYER 'VIA56' has been found in the database. Its content except ANTENNA* data will be ignored.
Review the LEF files specified in the init_lef_file variable and remove redundant definitions.
Type 'man IMPLF-119' for more detail.
**WARN: (IMPLF-119):	LAYER 'VIA67' has been found in the database. Its content except ANTENNA* data will be ignored.
Review the LEF files specified in the init_lef_file variable and remove redundant definitions.
Type 'man IMPLF-119' for more detail.
**WARN: (IMPLF-119):	LAYER 'VIA78' has been found in the database. Its content except ANTENNA* data will be ignored.
Review the LEF files specified in the init_lef_file variable and remove redundant definitions.
Type 'man IMPLF-119' for more detail.
**WARN: (IMPLF-44):	Macro 'PDC0102CDG' has no SIZE statement or a zero SIZE
statement and it is a class CORE macro so it needs a correct SIZE. There
is no SITE statement, so a useful SIZE cannot be computed, so this macro
is not loaded in the Innovus database and cannot be used in the
netlist.
**WARN: (IMPLF-44):	Macro 'PDC0204CDG' has no SIZE statement or a zero SIZE
statement and it is a class CORE macro so it needs a correct SIZE. There
is no SITE statement, so a useful SIZE cannot be computed, so this macro
is not loaded in the Innovus database and cannot be used in the
netlist.
**WARN: (IMPLF-44):	Macro 'PDC0408CDG' has no SIZE statement or a zero SIZE
statement and it is a class CORE macro so it needs a correct SIZE. There
is no SITE statement, so a useful SIZE cannot be computed, so this macro
is not loaded in the Innovus database and cannot be used in the
netlist.
**WARN: (IMPLF-44):	Macro 'PDC1216CDG' has no SIZE statement or a zero SIZE
statement and it is a class CORE macro so it needs a correct SIZE. There
is no SITE statement, so a useful SIZE cannot be computed, so this macro
is not loaded in the Innovus database and cannot be used in the
netlist.
**WARN: (IMPLF-44):	Macro 'PDS0102CDG' has no SIZE statement or a zero SIZE
statement and it is a class CORE macro so it needs a correct SIZE. There
is no SITE statement, so a useful SIZE cannot be computed, so this macro
is not loaded in the Innovus database and cannot be used in the
netlist.
**WARN: (IMPLF-44):	Macro 'PDS0204CDG' has no SIZE statement or a zero SIZE
statement and it is a class CORE macro so it needs a correct SIZE. There
is no SITE statement, so a useful SIZE cannot be computed, so this macro
is not loaded in the Innovus database and cannot be used in the
netlist.
**WARN: (IMPLF-44):	Macro 'PDS0408CDG' has no SIZE statement or a zero SIZE
statement and it is a class CORE macro so it needs a correct SIZE. There
is no SITE statement, so a useful SIZE cannot be computed, so this macro
is not loaded in the Innovus database and cannot be used in the
netlist.
**WARN: (IMPLF-44):	Macro 'PDS1216CDG' has no SIZE statement or a zero SIZE
statement and it is a class CORE macro so it needs a correct SIZE. There
is no SITE statement, so a useful SIZE cannot be computed, so this macro
is not loaded in the Innovus database and cannot be used in the
netlist.
**WARN: (IMPLF-44):	Macro 'PRC0102CDG' has no SIZE statement or a zero SIZE
statement and it is a class CORE macro so it needs a correct SIZE. There
is no SITE statement, so a useful SIZE cannot be computed, so this macro
is not loaded in the Innovus database and cannot be used in the
netlist.
**WARN: (IMPLF-44):	Macro 'PRC0204CDG' has no SIZE statement or a zero SIZE
statement and it is a class CORE macro so it needs a correct SIZE. There
is no SITE statement, so a useful SIZE cannot be computed, so this macro
is not loaded in the Innovus database and cannot be used in the
netlist.
**WARN: (IMPLF-44):	Macro 'PRC0408CDG' has no SIZE statement or a zero SIZE
statement and it is a class CORE macro so it needs a correct SIZE. There
is no SITE statement, so a useful SIZE cannot be computed, so this macro
is not loaded in the Innovus database and cannot be used in the
netlist.
**WARN: (IMPLF-44):	Macro 'PRC1216CDG' has no SIZE statement or a zero SIZE
statement and it is a class CORE macro so it needs a correct SIZE. There
is no SITE statement, so a useful SIZE cannot be computed, so this macro
is not loaded in the Innovus database and cannot be used in the
netlist.
**WARN: (IMPLF-44):	Macro 'PRS0102CDG' has no SIZE statement or a zero SIZE
statement and it is a class CORE macro so it needs a correct SIZE. There
is no SITE statement, so a useful SIZE cannot be computed, so this macro
is not loaded in the Innovus database and cannot be used in the
netlist.
**WARN: (IMPLF-44):	Macro 'PRS0204CDG' has no SIZE statement or a zero SIZE
statement and it is a class CORE macro so it needs a correct SIZE. There
is no SITE statement, so a useful SIZE cannot be computed, so this macro
is not loaded in the Innovus database and cannot be used in the
netlist.
**WARN: (IMPLF-44):	Macro 'PRS0408CDG' has no SIZE statement or a zero SIZE
statement and it is a class CORE macro so it needs a correct SIZE. There
is no SITE statement, so a useful SIZE cannot be computed, so this macro
is not loaded in the Innovus database and cannot be used in the
netlist.
**WARN: (IMPLF-44):	Macro 'PRS1216CDG' has no SIZE statement or a zero SIZE
statement and it is a class CORE macro so it needs a correct SIZE. There
is no SITE statement, so a useful SIZE cannot be computed, so this macro
is not loaded in the Innovus database and cannot be used in the
netlist.
**WARN: (IMPLF-44):	Macro 'PVDD1CDG' has no SIZE statement or a zero SIZE
statement and it is a class CORE macro so it needs a correct SIZE. There
is no SITE statement, so a useful SIZE cannot be computed, so this macro
is not loaded in the Innovus database and cannot be used in the
netlist.
**WARN: (IMPLF-44):	Macro 'PVSS1CDG' has no SIZE statement or a zero SIZE
statement and it is a class CORE macro so it needs a correct SIZE. There
is no SITE statement, so a useful SIZE cannot be computed, so this macro
is not loaded in the Innovus database and cannot be used in the
netlist.
**WARN: (IMPLF-44):	Macro 'PVSS3CDG' has no SIZE statement or a zero SIZE
statement and it is a class CORE macro so it needs a correct SIZE. There
is no SITE statement, so a useful SIZE cannot be computed, so this macro
is not loaded in the Innovus database and cannot be used in the
netlist.
**WARN: (IMPLF-44):	Macro 'PXOE1CDG' has no SIZE statement or a zero SIZE
statement and it is a class CORE macro so it needs a correct SIZE. There
is no SITE statement, so a useful SIZE cannot be computed, so this macro
is not loaded in the Innovus database and cannot be used in the
netlist.
**WARN: (EMS-27):	Message (IMPLF-44) has exceeded the current message display limit of 20.
To increase the message display limit, refer to the product command reference manual.
WARNING (LEFPARS-2001): No VERSION statement found, using the default value 5.8. See file library/lef/antenna_8.lef at line 606.
**WARN: (IMPLF-200):	Pin 'AA[0]' in macro 'RF2SH64x16' has no ANTENNAGATEAREA value defined. The library data is incomplete and some process antenna rules will not be checked correctly.
Type 'man IMPLF-200' for more detail.
**WARN: (IMPLF-200):	Pin 'AA[1]' in macro 'RF2SH64x16' has no ANTENNAGATEAREA value defined. The library data is incomplete and some process antenna rules will not be checked correctly.
Type 'man IMPLF-200' for more detail.
**WARN: (IMPLF-200):	Pin 'AA[2]' in macro 'RF2SH64x16' has no ANTENNAGATEAREA value defined. The library data is incomplete and some process antenna rules will not be checked correctly.
Type 'man IMPLF-200' for more detail.
**WARN: (IMPLF-200):	Pin 'AA[3]' in macro 'RF2SH64x16' has no ANTENNAGATEAREA value defined. The library data is incomplete and some process antenna rules will not be checked correctly.
Type 'man IMPLF-200' for more detail.
**WARN: (IMPLF-200):	Pin 'AA[4]' in macro 'RF2SH64x16' has no ANTENNAGATEAREA value defined. The library data is incomplete and some process antenna rules will not be checked correctly.
Type 'man IMPLF-200' for more detail.
**WARN: (IMPLF-200):	Pin 'AA[5]' in macro 'RF2SH64x16' has no ANTENNAGATEAREA value defined. The library data is incomplete and some process antenna rules will not be checked correctly.
Type 'man IMPLF-200' for more detail.
**WARN: (IMPLF-200):	Pin 'AB[0]' in macro 'RF2SH64x16' has no ANTENNAGATEAREA value defined. The library data is incomplete and some process antenna rules will not be checked correctly.
Type 'man IMPLF-200' for more detail.
**WARN: (IMPLF-200):	Pin 'AB[1]' in macro 'RF2SH64x16' has no ANTENNAGATEAREA value defined. The library data is incomplete and some process antenna rules will not be checked correctly.
Type 'man IMPLF-200' for more detail.
**WARN: (IMPLF-200):	Pin 'AB[2]' in macro 'RF2SH64x16' has no ANTENNAGATEAREA value defined. The library data is incomplete and some process antenna rules will not be checked correctly.
Type 'man IMPLF-200' for more detail.
**WARN: (IMPLF-200):	Pin 'AB[3]' in macro 'RF2SH64x16' has no ANTENNAGATEAREA value defined. The library data is incomplete and some process antenna rules will not be checked correctly.
Type 'man IMPLF-200' for more detail.
**WARN: (IMPLF-200):	Pin 'AB[4]' in macro 'RF2SH64x16' has no ANTENNAGATEAREA value defined. The library data is incomplete and some process antenna rules will not be checked correctly.
Type 'man IMPLF-200' for more detail.
**WARN: (IMPLF-200):	Pin 'AB[5]' in macro 'RF2SH64x16' has no ANTENNAGATEAREA value defined. The library data is incomplete and some process antenna rules will not be checked correctly.
Type 'man IMPLF-200' for more detail.
**WARN: (IMPLF-200):	Pin 'CENA' in macro 'RF2SH64x16' has no ANTENNAGATEAREA value defined. The library data is incomplete and some process antenna rules will not be checked correctly.
Type 'man IMPLF-200' for more detail.
**WARN: (IMPLF-200):	Pin 'CENB' in macro 'RF2SH64x16' has no ANTENNAGATEAREA value defined. The library data is incomplete and some process antenna rules will not be checked correctly.
Type 'man IMPLF-200' for more detail.
**WARN: (IMPLF-200):	Pin 'CLKA' in macro 'RF2SH64x16' has no ANTENNAGATEAREA value defined. The library data is incomplete and some process antenna rules will not be checked correctly.
Type 'man IMPLF-200' for more detail.
**WARN: (IMPLF-200):	Pin 'CLKB' in macro 'RF2SH64x16' has no ANTENNAGATEAREA value defined. The library data is incomplete and some process antenna rules will not be checked correctly.
Type 'man IMPLF-200' for more detail.
**WARN: (IMPLF-200):	Pin 'DB[0]' in macro 'RF2SH64x16' has no ANTENNAGATEAREA value defined. The library data is incomplete and some process antenna rules will not be checked correctly.
Type 'man IMPLF-200' for more detail.
**WARN: (IMPLF-200):	Pin 'DB[10]' in macro 'RF2SH64x16' has no ANTENNAGATEAREA value defined. The library data is incomplete and some process antenna rules will not be checked correctly.
Type 'man IMPLF-200' for more detail.
**WARN: (IMPLF-200):	Pin 'DB[11]' in macro 'RF2SH64x16' has no ANTENNAGATEAREA value defined. The library data is incomplete and some process antenna rules will not be checked correctly.
Type 'man IMPLF-200' for more detail.
**WARN: (IMPLF-200):	Pin 'DB[12]' in macro 'RF2SH64x16' has no ANTENNAGATEAREA value defined. The library data is incomplete and some process antenna rules will not be checked correctly.
Type 'man IMPLF-200' for more detail.
**WARN: (EMS-27):	Message (IMPLF-200) has exceeded the current message display limit of 20.
To increase the message display limit, refer to the product command reference manual.
**WARN: (IMPLF-201):	Pin 'QA[0]' in macro 'RF2SH64x16' has no ANTENNADIFFAREA value defined. The library data is incomplete and some process antenna rules will not be checked correctly.
Type 'man IMPLF-201' for more detail.
**WARN: (IMPLF-201):	Pin 'QA[10]' in macro 'RF2SH64x16' has no ANTENNADIFFAREA value defined. The library data is incomplete and some process antenna rules will not be checked correctly.
Type 'man IMPLF-201' for more detail.
**WARN: (IMPLF-201):	Pin 'QA[11]' in macro 'RF2SH64x16' has no ANTENNADIFFAREA value defined. The library data is incomplete and some process antenna rules will not be checked correctly.
Type 'man IMPLF-201' for more detail.
**WARN: (IMPLF-201):	Pin 'QA[12]' in macro 'RF2SH64x16' has no ANTENNADIFFAREA value defined. The library data is incomplete and some process antenna rules will not be checked correctly.
Type 'man IMPLF-201' for more detail.
**WARN: (IMPLF-201):	Pin 'QA[13]' in macro 'RF2SH64x16' has no ANTENNADIFFAREA value defined. The library data is incomplete and some process antenna rules will not be checked correctly.
Type 'man IMPLF-201' for more detail.
**WARN: (IMPLF-201):	Pin 'QA[14]' in macro 'RF2SH64x16' has no ANTENNADIFFAREA value defined. The library data is incomplete and some process antenna rules will not be checked correctly.
Type 'man IMPLF-201' for more detail.
**WARN: (IMPLF-201):	Pin 'QA[15]' in macro 'RF2SH64x16' has no ANTENNADIFFAREA value defined. The library data is incomplete and some process antenna rules will not be checked correctly.
Type 'man IMPLF-201' for more detail.
**WARN: (IMPLF-201):	Pin 'QA[1]' in macro 'RF2SH64x16' has no ANTENNADIFFAREA value defined. The library data is incomplete and some process antenna rules will not be checked correctly.
Type 'man IMPLF-201' for more detail.
**WARN: (IMPLF-201):	Pin 'QA[2]' in macro 'RF2SH64x16' has no ANTENNADIFFAREA value defined. The library data is incomplete and some process antenna rules will not be checked correctly.
Type 'man IMPLF-201' for more detail.
**WARN: (IMPLF-201):	Pin 'QA[3]' in macro 'RF2SH64x16' has no ANTENNADIFFAREA value defined. The library data is incomplete and some process antenna rules will not be checked correctly.
Type 'man IMPLF-201' for more detail.
**WARN: (IMPLF-201):	Pin 'QA[4]' in macro 'RF2SH64x16' has no ANTENNADIFFAREA value defined. The library data is incomplete and some process antenna rules will not be checked correctly.
Type 'man IMPLF-201' for more detail.
**WARN: (IMPLF-201):	Pin 'QA[5]' in macro 'RF2SH64x16' has no ANTENNADIFFAREA value defined. The library data is incomplete and some process antenna rules will not be checked correctly.
Type 'man IMPLF-201' for more detail.
**WARN: (IMPLF-201):	Pin 'QA[6]' in macro 'RF2SH64x16' has no ANTENNADIFFAREA value defined. The library data is incomplete and some process antenna rules will not be checked correctly.
Type 'man IMPLF-201' for more detail.
**WARN: (IMPLF-201):	Pin 'QA[7]' in macro 'RF2SH64x16' has no ANTENNADIFFAREA value defined. The library data is incomplete and some process antenna rules will not be checked correctly.
Type 'man IMPLF-201' for more detail.
**WARN: (IMPLF-201):	Pin 'QA[8]' in macro 'RF2SH64x16' has no ANTENNADIFFAREA value defined. The library data is incomplete and some process antenna rules will not be checked correctly.
Type 'man IMPLF-201' for more detail.
**WARN: (IMPLF-201):	Pin 'QA[9]' in macro 'RF2SH64x16' has no ANTENNADIFFAREA value defined. The library data is incomplete and some process antenna rules will not be checked correctly.
Type 'man IMPLF-201' for more detail.
**WARN: (IMPLF-201):	Pin 'PAD' in macro 'PRUW24DGZ' has no ANTENNADIFFAREA value defined. The library data is incomplete and some process antenna rules will not be checked correctly.
Type 'man IMPLF-201' for more detail.
**WARN: (IMPLF-201):	Pin 'C' in macro 'PRUW24DGZ' has no ANTENNADIFFAREA value defined. The library data is incomplete and some process antenna rules will not be checked correctly.
Type 'man IMPLF-201' for more detail.
**WARN: (IMPLF-201):	Pin 'PAD' in macro 'PRUW16DGZ' has no ANTENNADIFFAREA value defined. The library data is incomplete and some process antenna rules will not be checked correctly.
Type 'man IMPLF-201' for more detail.
**WARN: (IMPLF-201):	Pin 'C' in macro 'PRUW16DGZ' has no ANTENNADIFFAREA value defined. The library data is incomplete and some process antenna rules will not be checked correctly.
Type 'man IMPLF-201' for more detail.
**WARN: (EMS-27):	Message (IMPLF-201) has exceeded the current message display limit of 20.
To increase the message display limit, refer to the product command reference manual.

viaInitial starts at Tue Dec 14 16:44:56 2021
**WARN: (IMPPP-557):	A single-layer VIARULE GENERATE for turn-vias is obsolete and is being ignored. Remove this statement from the technology file: VIARULE TURNM1 GENERATE.
Type 'man IMPPP-557' for more detail.
**WARN: (IMPPP-557):	A single-layer VIARULE GENERATE for turn-vias is obsolete and is being ignored. Remove this statement from the technology file: VIARULE TURNM2 GENERATE.
Type 'man IMPPP-557' for more detail.
**WARN: (IMPPP-557):	A single-layer VIARULE GENERATE for turn-vias is obsolete and is being ignored. Remove this statement from the technology file: VIARULE TURNM3 GENERATE.
Type 'man IMPPP-557' for more detail.
**WARN: (IMPPP-557):	A single-layer VIARULE GENERATE for turn-vias is obsolete and is being ignored. Remove this statement from the technology file: VIARULE TURNM4 GENERATE.
Type 'man IMPPP-557' for more detail.
**WARN: (IMPPP-557):	A single-layer VIARULE GENERATE for turn-vias is obsolete and is being ignored. Remove this statement from the technology file: VIARULE TURNM5 GENERATE.
Type 'man IMPPP-557' for more detail.
**WARN: (IMPPP-557):	A single-layer VIARULE GENERATE for turn-vias is obsolete and is being ignored. Remove this statement from the technology file: VIARULE TURNM6 GENERATE.
Type 'man IMPPP-557' for more detail.
**WARN: (IMPPP-557):	A single-layer VIARULE GENERATE for turn-vias is obsolete and is being ignored. Remove this statement from the technology file: VIARULE TURNM7 GENERATE.
Type 'man IMPPP-557' for more detail.
**WARN: (IMPPP-557):	A single-layer VIARULE GENERATE for turn-vias is obsolete and is being ignored. Remove this statement from the technology file: VIARULE TURNM8 GENERATE.
Type 'man IMPPP-557' for more detail.
viaInitial ends at Tue Dec 14 16:44:56 2021

##  Check design process and node:  
##  Both design process and tech node are not set.

Loading view definition file from mmmc.view
Reading lib_max timing library '/home/raid7_1/userd/d10013/CVSD/lab6/Lab6/library/lib/slow.lib' ...
**WARN: (TECHLIB-302):	No function defined for cell 'HOLDX1'. The cell will only be used for analysis. (File /home/raid7_1/userd/d10013/CVSD/lab6/Lab6/library/lib/slow.lib)
Read 527 cells in library 'slow' 
Reading lib_max timing library '/home/raid7_1/userd/d10013/CVSD/lab6/Lab6/library/lib/RF2SH64x16_slow_syn.lib' ...
Read 1 cells in library 'USERLIB' 
Reading lib_max timing library '/home/raid7_1/userd/d10013/CVSD/lab6/Lab6/library/lib/tpz013g3wc.lib' ...
**WARN: (TECHLIB-302):	No function defined for cell 'PVSS3DGZ'. The cell will only be used for analysis. (File /home/raid7_1/userd/d10013/CVSD/lab6/Lab6/library/lib/tpz013g3wc.lib)
**WARN: (TECHLIB-302):	No function defined for cell 'PVSS2DGZ'. The cell will only be used for analysis. (File /home/raid7_1/userd/d10013/CVSD/lab6/Lab6/library/lib/tpz013g3wc.lib)
**WARN: (TECHLIB-302):	No function defined for cell 'PVSS1DGZ'. The cell will only be used for analysis. (File /home/raid7_1/userd/d10013/CVSD/lab6/Lab6/library/lib/tpz013g3wc.lib)
**WARN: (TECHLIB-302):	No function defined for cell 'PVDD2POC'. The cell will only be used for analysis. (File /home/raid7_1/userd/d10013/CVSD/lab6/Lab6/library/lib/tpz013g3wc.lib)
**WARN: (TECHLIB-302):	No function defined for cell 'PVDD2DGZ'. The cell will only be used for analysis. (File /home/raid7_1/userd/d10013/CVSD/lab6/Lab6/library/lib/tpz013g3wc.lib)
**WARN: (TECHLIB-302):	No function defined for cell 'PVDD1DGZ'. The cell will only be used for analysis. (File /home/raid7_1/userd/d10013/CVSD/lab6/Lab6/library/lib/tpz013g3wc.lib)
Read 124 cells in library 'tpz013g3wc' 
Reading lib_min timing library '/home/raid7_1/userd/d10013/CVSD/lab6/Lab6/library/lib/fast.lib' ...
**WARN: (TECHLIB-302):	No function defined for cell 'HOLDX1'. The cell will only be used for analysis. (File /home/raid7_1/userd/d10013/CVSD/lab6/Lab6/library/lib/fast.lib)
Read 527 cells in library 'fast' 
Reading lib_min timing library '/home/raid7_1/userd/d10013/CVSD/lab6/Lab6/library/lib/RF2SH64x16_fast@0C_syn.lib' ...
Read 1 cells in library 'USERLIB' 
Reading lib_min timing library '/home/raid7_1/userd/d10013/CVSD/lab6/Lab6/library/lib/tpz013g3lt.lib' ...
**WARN: (TECHLIB-302):	No function defined for cell 'PVSS3DGZ'. The cell will only be used for analysis. (File /home/raid7_1/userd/d10013/CVSD/lab6/Lab6/library/lib/tpz013g3lt.lib)
**WARN: (TECHLIB-302):	No function defined for cell 'PVSS2DGZ'. The cell will only be used for analysis. (File /home/raid7_1/userd/d10013/CVSD/lab6/Lab6/library/lib/tpz013g3lt.lib)
**WARN: (TECHLIB-302):	No function defined for cell 'PVSS1DGZ'. The cell will only be used for analysis. (File /home/raid7_1/userd/d10013/CVSD/lab6/Lab6/library/lib/tpz013g3lt.lib)
**WARN: (TECHLIB-302):	No function defined for cell 'PVDD2POC'. The cell will only be used for analysis. (File /home/raid7_1/userd/d10013/CVSD/lab6/Lab6/library/lib/tpz013g3lt.lib)
**WARN: (TECHLIB-302):	No function defined for cell 'PVDD2DGZ'. The cell will only be used for analysis. (File /home/raid7_1/userd/d10013/CVSD/lab6/Lab6/library/lib/tpz013g3lt.lib)
**WARN: (TECHLIB-302):	No function defined for cell 'PVDD1DGZ'. The cell will only be used for analysis. (File /home/raid7_1/userd/d10013/CVSD/lab6/Lab6/library/lib/tpz013g3lt.lib)
Read 124 cells in library 'tpz013g3lt' 
*** End library_loading (cpu=0.06min, real=0.05min, mem=12.4M, fe_cpu=1.85min, fe_real=8.62min, fe_mem=887.7M) ***
#% Begin Load netlist data ... (date=12/14 16:44:59, mem=563.3M)
*** Begin netlist parsing (mem=887.7M) ***
**WARN: (IMPVL-159):	Pin 'VSS' of cell 'XOR3XL' is defined in LEF but not in the timing library.
Type 'man IMPVL-159' for more detail.
**WARN: (IMPVL-159):	Pin 'VDD' of cell 'XOR3XL' is defined in LEF but not in the timing library.
Type 'man IMPVL-159' for more detail.
**WARN: (IMPVL-159):	Pin 'VSS' of cell 'XOR3X4' is defined in LEF but not in the timing library.
Type 'man IMPVL-159' for more detail.
**WARN: (IMPVL-159):	Pin 'VDD' of cell 'XOR3X4' is defined in LEF but not in the timing library.
Type 'man IMPVL-159' for more detail.
**WARN: (IMPVL-159):	Pin 'VSS' of cell 'XOR3X2' is defined in LEF but not in the timing library.
Type 'man IMPVL-159' for more detail.
**WARN: (IMPVL-159):	Pin 'VDD' of cell 'XOR3X2' is defined in LEF but not in the timing library.
Type 'man IMPVL-159' for more detail.
**WARN: (IMPVL-159):	Pin 'VSS' of cell 'XOR3X1' is defined in LEF but not in the timing library.
Type 'man IMPVL-159' for more detail.
**WARN: (IMPVL-159):	Pin 'VDD' of cell 'XOR3X1' is defined in LEF but not in the timing library.
Type 'man IMPVL-159' for more detail.
**WARN: (IMPVL-159):	Pin 'VSS' of cell 'XOR2XL' is defined in LEF but not in the timing library.
Type 'man IMPVL-159' for more detail.
**WARN: (IMPVL-159):	Pin 'VDD' of cell 'XOR2XL' is defined in LEF but not in the timing library.
Type 'man IMPVL-159' for more detail.
**WARN: (IMPVL-159):	Pin 'VSS' of cell 'XOR2X4' is defined in LEF but not in the timing library.
Type 'man IMPVL-159' for more detail.
**WARN: (IMPVL-159):	Pin 'VDD' of cell 'XOR2X4' is defined in LEF but not in the timing library.
Type 'man IMPVL-159' for more detail.
**WARN: (IMPVL-159):	Pin 'VSS' of cell 'XOR2X2' is defined in LEF but not in the timing library.
Type 'man IMPVL-159' for more detail.
**WARN: (IMPVL-159):	Pin 'VDD' of cell 'XOR2X2' is defined in LEF but not in the timing library.
Type 'man IMPVL-159' for more detail.
**WARN: (IMPVL-159):	Pin 'VSS' of cell 'XOR2X1' is defined in LEF but not in the timing library.
Type 'man IMPVL-159' for more detail.
**WARN: (IMPVL-159):	Pin 'VDD' of cell 'XOR2X1' is defined in LEF but not in the timing library.
Type 'man IMPVL-159' for more detail.
**WARN: (IMPVL-159):	Pin 'VSS' of cell 'XNOR3XL' is defined in LEF but not in the timing library.
Type 'man IMPVL-159' for more detail.
**WARN: (IMPVL-159):	Pin 'VDD' of cell 'XNOR3XL' is defined in LEF but not in the timing library.
Type 'man IMPVL-159' for more detail.
**WARN: (IMPVL-159):	Pin 'VSS' of cell 'XNOR3X4' is defined in LEF but not in the timing library.
Type 'man IMPVL-159' for more detail.
**WARN: (IMPVL-159):	Pin 'VDD' of cell 'XNOR3X4' is defined in LEF but not in the timing library.
Type 'man IMPVL-159' for more detail.
**WARN: (EMS-27):	Message (IMPVL-159) has exceeded the current message display limit of 20.
To increase the message display limit, refer to the product command reference manual.
Pin 'VSS' of cell 'PVSS3DGZ' is declared as power/ground in LEF but as signal in timing library.  Treat it as power/ground.
Pin 'VSS' of cell 'PVSS1DGZ' is declared as power/ground in LEF but as signal in timing library.  Treat it as power/ground.
Pin 'VDD' of cell 'PVDD1DGZ' is declared as power/ground in LEF but as signal in timing library.  Treat it as power/ground.
Created 652 new cells from 6 timing libraries.
Reading netlist ...
Backslashed names will retain backslash and a trailing blank character.
Reading verilog netlist 'design_data/CHIP.v'

*** Memory Usage v#1 (Current mem = 890.656M, initial mem = 274.973M) ***
*** End netlist parsing (cpu=0:00:00.1, real=0:00:01.0, mem=890.7M) ***
#% End Load netlist data ... (date=12/14 16:45:00, total cpu=0:00:00.1, real=0:00:01.0, peak res=577.5M, current mem=577.5M)
Set top cell to CHIP.
Hooked 1304 DB cells to tlib cells.
Starting recursive module instantiation check.
No recursion found.
Building hierarchical netlist for Cell CHIP ...
*** Netlist is unique.
** info: there are 1417 modules.
** info: there are 4408 stdCell insts.
** info: there are 32 Pad insts.
** info: there are 1 macros.

*** Memory Usage v#1 (Current mem = 936.078M, initial mem = 274.973M) ***
Reading IO assignment file "design_data/CHIP.ioc" ...
Adjusting Core to Left to: 0.1000.
**WARN: (IMPFP-3961):	The techSite 'corner' has no related standard cells in LEF/OA library. Cannot make calculations for this site type unless standard cell models of this type exist in the LEF/OA library. If the SITE is not used by the library you can ignore this warning or remove the SITE definition from the LEF/OA to avoid this message.
Type 'man IMPFP-3961' for more detail.
**WARN: (IMPFP-3961):	The techSite 'pad' has no related standard cells in LEF/OA library. Cannot make calculations for this site type unless standard cell models of this type exist in the LEF/OA library. If the SITE is not used by the library you can ignore this warning or remove the SITE definition from the LEF/OA to avoid this message.
Type 'man IMPFP-3961' for more detail.
Generated pitch 0.41 in METAL7 is different from 0.615 defined in technology file in preferred direction.
Set Default Net Delay as 1000 ps.
Set Default Net Load as 0.5 pF. 
Set Default Input Pin Transition as 0.1 ps.
Extraction setup Started 
Initializing multi-corner RC extraction with 1 active RC Corners ...
**WARN: (IMPEXT-6202):	In addition to the technology file, the capacitance table file is specified for all the RC corners. If the technology file  is already specified for all the RC corners, the capacitance table file is not required for preRoute and postRoute extraction. In a new session, the capacitance table files can be removed from the create_rc_corner command to enable the technology file to be used for preRoute and postRoute (effort level medium/high/signoff) extraction engines.
Type 'man IMPEXT-6202' for more detail.
Reading Capacitance Table File library/tsmc013.capTbl ...
Cap table was created using Encounter 04.20-s274_1.
Process name: t013s8ml_fsg.
Importing multi-corner RC tables ... 
Summary of Active RC-Corners : 
 
 Analysis View: av_func_mode_max
    RC-Corner Name        : RC_corner
    RC-Corner Index       : 0
    RC-Corner Temperature : 25 Celsius
    RC-Corner Cap Table   : 'library/tsmc013.capTbl'
    RC-Corner PreRoute Res Factor         : 1
    RC-Corner PreRoute Cap Factor         : 1
    RC-Corner PostRoute Res Factor        : 1 {1 1 1}
    RC-Corner PostRoute Cap Factor        : 1 {1 1 1}
    RC-Corner PostRoute XCap Factor       : 1 {1 1 1}
    RC-Corner PreRoute Clock Res Factor   : 1	[Derived from postRoute_res (effortLevel low)]
    RC-Corner PreRoute Clock Cap Factor   : 1	[Derived from postRoute_cap (effortLevel low)]
    RC-Corner PostRoute Clock Cap Factor  : 1 {1 1 1} 	[Derived from postRoute_cap (effortLevel low)]
    RC-Corner PostRoute Clock Res Factor  : 1 {1 1 1} 	[Derived from postRoute_res (effortLevel low)]
    RC-Corner Technology file: 'library/tsmc13_8lm.cl/icecaps_8lm.tch'
 
 Analysis View: av_scan_mode_max
    RC-Corner Name        : RC_corner
    RC-Corner Index       : 0
    RC-Corner Temperature : 25 Celsius
    RC-Corner Cap Table   : 'library/tsmc013.capTbl'
    RC-Corner PreRoute Res Factor         : 1
    RC-Corner PreRoute Cap Factor         : 1
    RC-Corner PostRoute Res Factor        : 1 {1 1 1}
    RC-Corner PostRoute Cap Factor        : 1 {1 1 1}
    RC-Corner PostRoute XCap Factor       : 1 {1 1 1}
    RC-Corner PreRoute Clock Res Factor   : 1	[Derived from postRoute_res (effortLevel low)]
    RC-Corner PreRoute Clock Cap Factor   : 1	[Derived from postRoute_cap (effortLevel low)]
    RC-Corner PostRoute Clock Cap Factor  : 1 {1 1 1} 	[Derived from postRoute_cap (effortLevel low)]
    RC-Corner PostRoute Clock Res Factor  : 1 {1 1 1} 	[Derived from postRoute_res (effortLevel low)]
    RC-Corner Technology file: 'library/tsmc13_8lm.cl/icecaps_8lm.tch'
 
 Analysis View: av_func_mode_min
    RC-Corner Name        : RC_corner
    RC-Corner Index       : 0
    RC-Corner Temperature : 25 Celsius
    RC-Corner Cap Table   : 'library/tsmc013.capTbl'
    RC-Corner PreRoute Res Factor         : 1
    RC-Corner PreRoute Cap Factor         : 1
    RC-Corner PostRoute Res Factor        : 1 {1 1 1}
    RC-Corner PostRoute Cap Factor        : 1 {1 1 1}
    RC-Corner PostRoute XCap Factor       : 1 {1 1 1}
    RC-Corner PreRoute Clock Res Factor   : 1	[Derived from postRoute_res (effortLevel low)]
    RC-Corner PreRoute Clock Cap Factor   : 1	[Derived from postRoute_cap (effortLevel low)]
    RC-Corner PostRoute Clock Cap Factor  : 1 {1 1 1} 	[Derived from postRoute_cap (effortLevel low)]
    RC-Corner PostRoute Clock Res Factor  : 1 {1 1 1} 	[Derived from postRoute_res (effortLevel low)]
    RC-Corner Technology file: 'library/tsmc13_8lm.cl/icecaps_8lm.tch'
 
 Analysis View: av_scan_mode_min
    RC-Corner Name        : RC_corner
    RC-Corner Index       : 0
    RC-Corner Temperature : 25 Celsius
    RC-Corner Cap Table   : 'library/tsmc013.capTbl'
    RC-Corner PreRoute Res Factor         : 1
    RC-Corner PreRoute Cap Factor         : 1
    RC-Corner PostRoute Res Factor        : 1 {1 1 1}
    RC-Corner PostRoute Cap Factor        : 1 {1 1 1}
    RC-Corner PostRoute XCap Factor       : 1 {1 1 1}
    RC-Corner PreRoute Clock Res Factor   : 1	[Derived from postRoute_res (effortLevel low)]
    RC-Corner PreRoute Clock Cap Factor   : 1	[Derived from postRoute_cap (effortLevel low)]
    RC-Corner PostRoute Clock Cap Factor  : 1 {1 1 1} 	[Derived from postRoute_cap (effortLevel low)]
    RC-Corner PostRoute Clock Res Factor  : 1 {1 1 1} 	[Derived from postRoute_res (effortLevel low)]
    RC-Corner Technology file: 'library/tsmc13_8lm.cl/icecaps_8lm.tch'
Updating RC grid for preRoute extraction ...
Initializing multi-corner capacitance tables ... 
Initializing multi-corner resistance tables ...
*Info: initialize multi-corner CTS.
Reading timing constraints file 'design_data/CHIP.sdc' ...
Current (total cpu=0:01:59, real=0:08:45, peak res=790.0M, current mem=790.0M)
CHIP
INFO (CTE): Constraints read successfully.
Ending "Constraint file reading stats" (total cpu=0:00:00.1, real=0:00:00.0, peak res=830.3M, current mem=830.3M)
Current (total cpu=0:01:59, real=0:08:45, peak res=830.3M, current mem=830.3M)
Reading timing constraints file 'design_data/CHIP_scan_ideal.sdc' ...
Current (total cpu=0:01:59, real=0:08:45, peak res=830.3M, current mem=830.3M)
CHIP
INFO (CTE): Constraints read successfully.
Ending "Constraint file reading stats" (total cpu=0:00:00.0, real=0:00:00.0, peak res=830.7M, current mem=830.7M)
Current (total cpu=0:01:59, real=0:08:45, peak res=830.7M, current mem=830.7M)
Total number of combinational cells: 363
Total number of sequential cells: 154
Total number of tristate cells: 10
Total number of level shifter cells: 0
Total number of power gating cells: 0
Total number of isolation cells: 0
Total number of power switch cells: 0
Total number of pulse generator cells: 0
Total number of always on buffers: 0
Total number of retention cells: 0
List of usable buffers: BUFX2 BUFX12 BUFX16 BUFX20 BUFX3 CLKBUFX2 BUFX4 BUFX6 BUFX8 CLKBUFX12 CLKBUFX16 CLKBUFX20 CLKBUFX3 CLKBUFX4 CLKBUFX6 CLKBUFX8
Total number of usable buffers: 16
List of unusable buffers:
Total number of unusable buffers: 0
List of usable inverters: CLKINVX1 CLKINVX2 CLKINVX12 CLKINVX16 CLKINVX20 CLKINVX3 CLKINVX4 CLKINVX6 CLKINVX8 INVX1 INVX2 INVX12 INVX16 INVX20 INVXL INVX3 INVX4 INVX6 INVX8
Total number of usable inverters: 19
List of unusable inverters: RFRDX2 RFRDX1 RFRDX4
Total number of unusable inverters: 3
List of identified usable delay cells: DLY1X1 DLY1X4 DLY2X1 DLY2X4 DLY3X1 DLY3X4 DLY4X1 DLY4X4
Total number of identified usable delay cells: 8
List of identified unusable delay cells:
Total number of identified unusable delay cells: 0

*** Summary of all messages that are not suppressed in this session:
Severity  ID               Count  Summary                                  
WARNING   IMPLF-44            21  Macro '%s' has no SIZE statement or a ze...
WARNING   IMPLF-200          355  Pin '%s' in macro '%s' has no ANTENNAGAT...
WARNING   IMPLF-201          225  Pin '%s' in macro '%s' has no ANTENNADIF...
WARNING   IMPLF-119           15  LAYER '%s' has been found in the databas...
WARNING   IMPFP-3961           2  The techSite '%s' has no related standar...
WARNING   IMPEXT-6202          1  In addition to the technology file, the ...
WARNING   IMPVL-159         1056  Pin '%s' of cell '%s' is defined in LEF ...
WARNING   IMPPP-557            8  A single-layer VIARULE GENERATE for turn...
WARNING   TECHLIB-302         14  No function defined for cell '%s'. The c...
*** Message Summary: 1697 warning(s), 0 error(s)

<CMD> zoomBox -571.67000 -94.58500 1818.14000 1272.46000
<CMD> zoomBox -495.84450 -70.40150 1535.49400 1091.58700
<CMD> clearGlobalNets
<CMD> globalNetConnect VDD -type pgpin -pin VDD -instanceBasename *
<CMD> globalNetConnect VDD -type net -net VDD
<CMD> globalNetConnect VSS -type pgpin -pin VSS -instanceBasename *
<CMD> globalNetConnect VSS -type net -net VSS
Warning: term SN of inst DCT/tposemem/Bisted_RF2SH64x16/BistCtrl_i0/S43/S5_reg_5_ is not connect to global special net.
Warning: term RN of inst DCT/tposemem/Bisted_RF2SH64x16/BistCtrl_i0/S43/S5_reg_5_ is not connect to global special net.
Warning: term SN of inst DCT/tposemem/Bisted_RF2SH64x16/BistCtrl_i0/S43/S5_reg_4_ is not connect to global special net.
Warning: term RN of inst DCT/tposemem/Bisted_RF2SH64x16/BistCtrl_i0/S43/S5_reg_4_ is not connect to global special net.
Warning: term SN of inst DCT/tposemem/Bisted_RF2SH64x16/BistCtrl_i0/S43/S5_reg_3_ is not connect to global special net.
Warning: term RN of inst DCT/tposemem/Bisted_RF2SH64x16/BistCtrl_i0/S43/S5_reg_3_ is not connect to global special net.
Warning: term SN of inst DCT/tposemem/Bisted_RF2SH64x16/BistCtrl_i0/S43/S5_reg_2_ is not connect to global special net.
Warning: term RN of inst DCT/tposemem/Bisted_RF2SH64x16/BistCtrl_i0/S43/S5_reg_2_ is not connect to global special net.
Warning: term SN of inst DCT/tposemem/Bisted_RF2SH64x16/BistCtrl_i0/S43/S5_reg_1_ is not connect to global special net.
Warning: term RN of inst DCT/tposemem/Bisted_RF2SH64x16/BistCtrl_i0/S43/S5_reg_1_ is not connect to global special net.
Warning: term SN of inst DCT/tposemem/Bisted_RF2SH64x16/BistCtrl_i0/S43/S5_reg_0_ is not connect to global special net.
Warning: term RN of inst DCT/tposemem/Bisted_RF2SH64x16/BistCtrl_i0/S43/S5_reg_0_ is not connect to global special net.
Warning: term SN of inst DCT/tposemem/Bisted_RF2SH64x16/BistCtrl_i0/ST_MAL_i0/S17_reg is not connect to global special net.
Warning: term RN of inst DCT/tposemem/Bisted_RF2SH64x16/BistCtrl_i0/ST_MAL_i0/S17_reg is not connect to global special net.
Warning: term SN of inst DCT/tposemem/Bisted_RF2SH64x16/BistCtrl_i0/ST_MAL_i0/S16_reg is not connect to global special net.
Warning: term RN of inst DCT/tposemem/Bisted_RF2SH64x16/BistCtrl_i0/ST_MAL_i0/S16_reg is not connect to global special net.
Warning: term SN of inst DCT/tposemem/Bisted_RF2SH64x16/BistCtrl_i0/S44/Finish_reg is not connect to global special net.
Warning: term RN of inst DCT/tposemem/Bisted_RF2SH64x16/BistCtrl_i0/S44/Finish_reg is not connect to global special net.
Warning: term SN of inst DCT/tposemem/Bisted_RF2SH64x16/BistCtrl_i0/S44/S20_reg_1_ is not connect to global special net.
Warning: term RN of inst DCT/tposemem/Bisted_RF2SH64x16/BistCtrl_i0/S44/S20_reg_1_ is not connect to global special net.
Warning: term SN of inst DCT/tposemem/Bisted_RF2SH64x16/BistCtrl_i0/S44/S20_reg_0_ is not connect to global special net.
Warning: term RN of inst DCT/tposemem/Bisted_RF2SH64x16/BistCtrl_i0/S44/S20_reg_0_ is not connect to global special net.
Warning: term SN of inst DCT/tposemem/Bisted_RF2SH64x16/BistCtrl_i0/S44/State_reg_0_ is not connect to global special net.
Warning: term RN of inst DCT/tposemem/Bisted_RF2SH64x16/BistCtrl_i0/S44/State_reg_0_ is not connect to global special net.
Warning: term SN of inst DCT/tposemem/Bisted_RF2SH64x16/BistCtrl_i0/S44/State_reg_1_ is not connect to global special net.
Warning: term RN of inst DCT/tposemem/Bisted_RF2SH64x16/BistCtrl_i0/S44/State_reg_1_ is not connect to global special net.
Warning: term SN of inst DCT/tposemem/Bisted_RF2SH64x16/BistCtrl_i0/S44/State_reg_2_ is not connect to global special net.
Warning: term RN of inst DCT/tposemem/Bisted_RF2SH64x16/BistCtrl_i0/S44/State_reg_2_ is not connect to global special net.
Warning: term SN of inst DCT/tposemem/Bisted_RF2SH64x16/BistCtrl_i0/S44/State_reg_3_ is not connect to global special net.
Warning: term RN of inst DCT/tposemem/Bisted_RF2SH64x16/BistCtrl_i0/S44/State_reg_3_ is not connect to global special net.
<CMD> panPage 1 0
<CMD> panPage 1 0
<CMD> panPage -1 0
<CMD> saveDesign DBS/init
#% Begin save design ... (date=12/14 16:54:59, mem=864.2M)
% Begin Save ccopt configuration ... (date=12/14 16:55:01, mem=866.8M)
% End Save ccopt configuration ... (date=12/14 16:55:01, total cpu=0:00:00.1, real=0:00:00.0, peak res=867.6M, current mem=867.6M)
% Begin Save netlist data ... (date=12/14 16:55:01, mem=867.6M)
Writing Binary DB to DBS/init.dat/CHIP.v.bin in single-threaded mode...
% End Save netlist data ... (date=12/14 16:55:01, total cpu=0:00:00.0, real=0:00:00.0, peak res=868.0M, current mem=868.0M)
Saving symbol-table file ...
Saving congestion map file DBS/init.dat/CHIP.route.congmap.gz ...
% Begin Save AAE data ... (date=12/14 16:55:01, mem=868.6M)
Saving AAE Data ...
% End Save AAE data ... (date=12/14 16:55:02, total cpu=0:00:00.0, real=0:00:00.0, peak res=868.7M, current mem=868.7M)
Saving preference file DBS/init.dat/gui.pref.tcl ...
Saving mode setting ...
Saving global file ...
% Begin Save floorplan data ... (date=12/14 16:55:02, mem=871.6M)
Saving floorplan file ...
% End Save floorplan data ... (date=12/14 16:55:03, total cpu=0:00:01.1, real=0:00:01.0, peak res=876.2M, current mem=876.2M)
Saving PG file DBS/init.dat/CHIP.pg.gz, version#2, (Created by Innovus v20.10-p004_1 on Tue Dec 14 16:55:03 2021)
*** Completed savePGFile (cpu=0:00:00.0 real=0:00:00.0 mem=1212.7M) ***
Saving Drc markers ...
... No Drc file written since there is no markers found.
% Begin Save placement data ... (date=12/14 16:55:03, mem=876.4M)
** Saving stdCellPlacement_binary (version# 2) ...
Save Adaptive View Pruning View Names to Binary file
% End Save placement data ... (date=12/14 16:55:03, total cpu=0:00:00.0, real=0:00:00.0, peak res=876.6M, current mem=876.6M)
% Begin Save routing data ... (date=12/14 16:55:03, mem=876.6M)
Saving route file ...
*** Completed saveRoute (cpu=0:00:00.0 real=0:00:00.0 mem=1213.7M) ***
% End Save routing data ... (date=12/14 16:55:03, total cpu=0:00:00.0, real=0:00:01.0, peak res=876.8M, current mem=876.8M)
Saving property file DBS/init.dat/CHIP.prop
*** Completed saveProperty (cpu=0:00:00.0 real=0:00:00.0 mem=1216.7M) ***
% Begin Save power constraints data ... (date=12/14 16:55:04, mem=877.4M)
% End Save power constraints data ... (date=12/14 16:55:04, total cpu=0:00:00.0, real=0:00:00.0, peak res=877.5M, current mem=877.5M)
RC_corner
RC_corner
RC_corner
Generated self-contained design init.dat
#% End save design ... (date=12/14 16:55:09, total cpu=0:00:08.1, real=0:00:10.0, peak res=902.2M, current mem=880.2M)
*** Message Summary: 0 warning(s), 0 error(s)

<CMD> setDesignMode -process 130
##  Process: 130           (User Set)               
##     Node: (not set)                           

##  Check design process and node:  
##  Design tech node is not set.

Applying the recommended capacitance filtering threshold values for 130nm process node: total_c_th=0, relative_c_th=1 and coupling_c_th=0.4.
	These values will be used by all post-route extraction engines, including TQuantus, IQuantus and Quantus QRC extraction.
	Capacitance filtering mode(-capFilterMode option of the setExtractRCMode) is 'relAndCoup' for all engines.
	The accuracy mode for postRoute effortLevel low extraction will be set to 'standard'.
	Default value for EffortLevel(-effortLevel option of the setExtractRCMode) in postRoute extraction mode is 'low'.
<CMD> specifyScanChain scan1 -start ipad_SCAN_IN/C -stop opad_SCAN_OUT/I
<CMD> scanTrace
*** Scan Trace Summary (runtime: cpu: 0:00:02.0 , real: 0:00:02.0): 
Successfully traced 1 scan chain  (total 1574 scan bits).
*** Scan Sanity Check Summary:
*** 1 scan chain  passed sanity check.
<CMD> getIoFlowFlag
<CMD> setIoFlowFlag 0
<CMD> floorPlan -site TSM13SITE -r 1 0.7 80 80 80 80
Adjusting Core to Left to: 80.1400.
**WARN: (IMPFP-3961):	The techSite 'corner' has no related standard cells in LEF/OA library. Cannot make calculations for this site type unless standard cell models of this type exist in the LEF/OA library. If the SITE is not used by the library you can ignore this warning or remove the SITE definition from the LEF/OA to avoid this message.
Type 'man IMPFP-3961' for more detail.
**WARN: (IMPFP-3961):	The techSite 'pad' has no related standard cells in LEF/OA library. Cannot make calculations for this site type unless standard cell models of this type exist in the LEF/OA library. If the SITE is not used by the library you can ignore this warning or remove the SITE definition from the LEF/OA to avoid this message.
Type 'man IMPFP-3961' for more detail.
Generated pitch 0.41 in METAL7 is different from 0.615 defined in technology file in preferred direction.
<CMD> uiSetTool select
<CMD> getIoFlowFlag
<CMD> fit
<CMD> setDrawView fplan
<CMD> ::mp::clearAllSeed
<CMD> setPlanDesignMode -effort high -incremental false -boundaryPlace true -fixPlacedMacros false -noColorize false
<CMD> planDesign
**WARN: (IMPAFP-9024):	planDesign is obsolete. This command will be removed from the next release.
Deleted 0 physical inst  (cell - / prefix -).
***** New seed flow = 1. *****  
Auto Macro Seed: DCT
Ignore PD Guides: numIgnoredGuide = 0 
INFO: #ExclusiveGroups=0
INFO: There are no Exclusive Groups.
Extracting standard cell pins and blockage ...... 
Pin and blockage extraction finished
Extracting macro/IO cell pins and blockage ...... 
Pin and blockage extraction finished
*** Starting "NanoPlace(TM) placement v#2 (mem=1258.2M)" ...
*** Build Buffered Sizing Timing Model
(cpu=0:00:04.3 mem=1304.4M) ***
*** Build Virtual Sizing Timing Model
(cpu=0:00:04.6 mem=1316.4M) ***
No user-set net weight.
Net fanout histogram:
2		: 3855 (65.3%) nets
3		: 980 (16.6%) nets
4     -	14	: 976 (16.5%) nets
15    -	39	: 91 (1.5%) nets
40    -	79	: 3 (0.1%) nets
80    -	159	: 0 (0.0%) nets
160   -	319	: 0 (0.0%) nets
320   -	639	: 0 (0.0%) nets
640   -	1279	: 0 (0.0%) nets
1280  -	2559	: 2 (0.0%) nets
2560  -	5119	: 0 (0.0%) nets
5120+		: 0 (0.0%) nets
Options: timingDriven clkGateAware pinGuide congEffort=auto gpeffort=medium 
#std cell=4408 (0 fixed + 4408 movable) #buf cell=193 #inv cell=485 #block=1 (1 floating + 0 preplaced)
#ioInst=44 #net=5907 #term=20654 #term/net=3.50, #fixedIo=44, #floatIo=0, #fixedPin=32, #floatPin=0
stdCell: 4408 single + 0 double + 0 multi
Total standard cell length = 27.2357 (mm), area = 0.1005 (mm^2)
Estimated cell power/ground rail width = 0.461 um
Average module density = 0.759.
Density for the design = 0.759.
       = (stdcell_area 59208 sites (100500 um^2) + block_area 14576 sites (24742 um^2)) / alloc_area 97220 sites (165022 um^2).
Pin Density = 0.2124.
            = total # of pins 20654 / total area 97240.
Fence Initialization: numPrefixFence = 0,  numAutoFence = 0, numPrefixGuide = 0  numAutoGuide = 0 numNoCon = 0 
=== lastAutoLevel = 8 
Iteration  1: Total net bbox = 2.548e+04 (1.23e+04 1.32e+04)
              Est.  stn bbox = 3.059e+04 (1.42e+04 1.64e+04)
              cpu = 0:00:00.0 real = 0:00:00.0 mem = 1383.9M
User specified -module_cluster_mode =  0 
Iteration  2: Total net bbox = 2.552e+04 (1.23e+04 1.32e+04)
              Est.  stn bbox = 3.074e+04 (1.42e+04 1.66e+04)
              cpu = 0:00:00.0 real = 0:00:00.0 mem = 1383.9M
Iteration  3: Total net bbox = 3.219e+04 (1.48e+04 1.74e+04)
              Est.  stn bbox = 3.773e+04 (1.68e+04 2.10e+04)
              cpu = 0:00:01.8 real = 0:00:02.0 mem = 1390.3M
Iteration  4: Total net bbox = 1.233e+05 (7.00e+04 5.33e+04)
              Est.  stn bbox = 1.370e+05 (7.70e+04 6.00e+04)
              cpu = 0:00:01.3 real = 0:00:01.0 mem = 1390.3M
Iteration  5: Total net bbox = 1.360e+05 (7.51e+04 6.10e+04)
              Est.  stn bbox = 1.510e+05 (8.26e+04 6.84e+04)
              cpu = 0:00:01.1 real = 0:00:01.0 mem = 1390.3M
 RelinkConst: Total constraint = 0, Relinked 0 constraints . 
User specified -fenceSpacing =  -1.0000 
User specified fence spacing: -1.0000 um
*** The nonConstraint instance area ratio is 0.634948 
*** The prefixed-fenceArea/coreBoxArea is 0.000000, The auto-ConstraintArea/coreBoxArea is 0.000000 
Start Auto fence creation, hasNoConInst = 1  .

================== Start Auto-Fence Creation ==================
User define fence spacing: -1.0000 um
Number of Movable Guide      : 0
Number of Movable Region     : 0
Number of Movable Fence      : 0
Number of Movable Soft Guide : 0
Total Movable Objects        : 0 (non-group: 0, group: 0)
Total Prefixed Objects       : 0
Total Partition Cut Objects  : 0



Number of Nested Objects    : 0
Number of Non-Nested Objects: 0
Number of Nested Sets       : 0
Number of Master&Clone Pairs: 0

Fence Spacing: 2.0000 um
Snap Spacing: X(0.4600 um), Y(3.6900 um)
Fence2Core Spaceing: 0.0000 um

==== Design Information ====
Core site: (652280, 652720) - (1465560, 1464520)
Design Whitespace% : 100.00%
Maximum Logical Level: 0
Has Non-constraint Instance: 1
Allow Disjoint Whitespace: 0

==To Place Non-Nested Objects==
Targets: 
Number of Total Targets: 0

================== Finished Auto-Fence Creation ===============
*** Done Auto-Fence Creation, (cpu = 0:00:02.4, mem = 1395.8M, mem_delta = 11.5M) ***
End Auto fence creation 1.
New Seed Flow: add DCT as hinst seed
MacroPlacer: Options: -pathConnWeight 1.000000 -bp 6 
MacroPlacer: Reading Data for Block Placer
MacroPlacer: total number of seeds contain macros: 1
MacroPlacer: total number of seeds:                1
MacroPlacer: total number of macros:               1
MacroPlacer: total number of clusters:             1
MacroPlacer: total number of ios:                  44
MacroPlacer: total number of nets:                 47
MacroPlacer: total number of keepouts:             0
MacroPlacer: total number of fences:               0
MacroPlacer: total number of fixed macros:         0
MacroPlacer:             46 2-pins nets
MacroPlacer:              0 3-pins nets
MacroPlacer:              1 4-pins nets
MacroPlacer:              0 5-pins nets
MacroPlacer: Merging nets.
MacroPlacer: total number of merged nets: 3
-maxRouteLayer is specified which turned on auto macro spacing estimation.
Macro spacing is determined by macro halo, auto spacing estimation, ..., see documentation for details.
MacroPlacer: Finished data reading for Block Placer
... in Multi-Level Module Mode...
Start generating contour.
Completed data preparation.

================== Start to Place This Module ===============

==== Design Information ====
Core site: (652280, 652720) - (1465560, 1464520)
Num of Blocks 1 (M: 1, F: 0, O: 0)
...
Calling Macro Packer
...
	 Packing whole design.

== Macro Placement Stage 0 (1)==

---Succeed on placing blocks!
*** Done Macro Placing, (cpu = 0:00:00.0, mem = 1427.8M, mem_delta = 0.0M) ***
Num of placed blocks:   1 / 1
Num of unplaced blocks: 0

================== Done Placing This Module ===============
Placing Macro with -bp mode 6.
*** Done refineMacro, (cpu = 0:00:00.5, mem = 1427.8M, mem_delta = 32.0M) ***
$$$$ RefineAll Successacros
Iteration  6: Total net bbox = 1.503e+05 (8.43e+04 6.60e+04)
              Est.  stn bbox = 1.653e+05 (9.19e+04 7.35e+04)
              cpu = 0:00:07.4 real = 0:00:09.0 mem = 1427.8M
*** cost = 1.503e+05 (8.43e+04 6.60e+04) (cpu for global=0:00:07.4) real=455409:00:10***
Solver runtime cpu: 0:00:02.4 real: 0:00:02.4
Core Placement runtime cpu: 0:00:04.4 real: 0:00:05.0
*** Free Virtual Timing Model ...(mem=1427.8M)
checkFence: found no fence violation.
Checking routing tracks.....
Checking other grids.....
Checking FINFET Grid is on Manufacture Grid.....
Checking core/die box is on Grid.....
**WARN: (IMPFP-7236):	DIE's corner: (1058.8200000000 , 1058.6200000000) is NOT on PlacementGrid,  Please use command getFPlanMode to check current Grid settings, use command setFPlanMode to change which grid to snap to. And use command get_snap_grid_info to get grids' offset and pitch. Command floorplan can be used to fix this issue.
Checking snap rule ......
Checking Row is on grid......
Checking AreaIO row.....
Checking row out of die ...
Checking routing blockage.....
Checking components.....
**WARN: (IMPFP-10013):	Halo should be created around block DCT/tposemem/Bisted_RF2SH64x16/RF2SH64x16_u0/SRAM_i0 and snapping rules are not checked since it's width is not multiple of default tech site's width.
**WARN: (IMPFP-10013):	Halo should be created around block DCT/tposemem/Bisted_RF2SH64x16/RF2SH64x16_u0/SRAM_i0 and snapping rules are not checked since it's height is not multiple of default tech site's height.
Checking IO Pads out of die...
Checking constraints (guide/region/fence).....
Checking groups.....

Checking Preroutes.....
No. of regular pre-routes not on tracks : 0 

Reporting Utilizations.....

Core utilization  = 70.027118
Effective Utilizations
Average module density = 0.759.
Density for the design = 0.759.
       = (stdcell_area 59208 sites (100500 um^2) + block_area 14576 sites (24742 um^2)) / alloc_area 97240 sites (165055 um^2).
Pin Density = 0.2124.
            = total # of pins 20654 / total area 97240.

*** Summary of all messages that are not suppressed in this session:
Severity  ID               Count  Summary                                  
WARNING   IMPFP-7236           1  DIE's corner: %s is NOT on %s,  Please u...
WARNING   IMPFP-10013          2  Halo should be created around block %s a...
*** Message Summary: 3 warning(s), 0 error(s)

<CMD> setLayerPreference layoutObj -isVisible 1
<CMD> setLayerPreference layoutObj -isVisible 0
<CMD> setLayerPreference layoutObj -isVisible 1
<CMD> setLayerPreference layoutObj -isVisible 0
<CMD> zoomBox 19.57450 64.27850 959.39350 905.61700
<CMD> setLayerPreference layoutObj -isVisible 1
<CMD> setLayerPreference layoutObj -isVisible 0
<CMD> zoomBox -75.25850 0.98500 1030.41100 990.79500
<CMD> zoomBox -187.33150 -73.47800 1113.45600 1091.00450
<CMD> setLayerPreference layoutObj -isVisible 1
<CMD> setLayerPreference layoutObj -isVisible 0
<CMD> setLayerPreference pinObj -isVisible 1
<CMD> addHaloToBlock {30 30 30 30} -allBlock
<CMD> saveDesign DBS/floorplan
#% Begin save design ... (date=12/14 17:03:01, mem=954.5M)
% Begin Save ccopt configuration ... (date=12/14 17:03:01, mem=954.5M)
% End Save ccopt configuration ... (date=12/14 17:03:01, total cpu=0:00:00.0, real=0:00:00.0, peak res=954.7M, current mem=954.7M)
% Begin Save netlist data ... (date=12/14 17:03:01, mem=954.7M)
Writing Binary DB to DBS/floorplan.dat/CHIP.v.bin in single-threaded mode...
% End Save netlist data ... (date=12/14 17:03:01, total cpu=0:00:00.0, real=0:00:00.0, peak res=954.7M, current mem=954.7M)
Saving symbol-table file ...
Saving congestion map file DBS/floorplan.dat/CHIP.route.congmap.gz ...
% Begin Save AAE data ... (date=12/14 17:03:02, mem=955.2M)
Saving AAE Data ...
% End Save AAE data ... (date=12/14 17:03:02, total cpu=0:00:00.0, real=0:00:00.0, peak res=955.2M, current mem=955.2M)
Saving preference file DBS/floorplan.dat/gui.pref.tcl ...
Saving mode setting ...
Saving global file ...
% Begin Save floorplan data ... (date=12/14 17:03:07, mem=955.7M)
Saving floorplan file ...
% End Save floorplan data ... (date=12/14 17:03:09, total cpu=0:00:00.0, real=0:00:02.0, peak res=955.7M, current mem=955.7M)
Saving PG file DBS/floorplan.dat/CHIP.pg.gz, version#2, (Created by Innovus v20.10-p004_1 on Tue Dec 14 17:03:10 2021)
*** Completed savePGFile (cpu=0:00:00.0 real=0:00:01.0 mem=1422.3M) ***
Saving Drc markers ...
... 1 markers are saved ...
... 0 geometry drc markers are saved ...
... 0 antenna drc markers are saved ...
% Begin Save placement data ... (date=12/14 17:03:10, mem=955.8M)
** Saving stdCellPlacement_binary (version# 2) ...
Save Adaptive View Pruning View Names to Binary file
% End Save placement data ... (date=12/14 17:03:10, total cpu=0:00:00.0, real=0:00:00.0, peak res=955.8M, current mem=955.8M)
% Begin Save routing data ... (date=12/14 17:03:10, mem=955.8M)
Saving route file ...
*** Completed saveRoute (cpu=0:00:00.0 real=0:00:00.0 mem=1422.3M) ***
% End Save routing data ... (date=12/14 17:03:10, total cpu=0:00:00.0, real=0:00:01.0, peak res=956.0M, current mem=956.0M)
Saving property file DBS/floorplan.dat/CHIP.prop
*** Completed saveProperty (cpu=0:00:00.0 real=0:00:00.0 mem=1425.3M) ***
% Begin Save power constraints data ... (date=12/14 17:03:11, mem=956.0M)
% End Save power constraints data ... (date=12/14 17:03:11, total cpu=0:00:00.0, real=0:00:00.0, peak res=956.0M, current mem=956.0M)
RC_corner
RC_corner
RC_corner
Generated self-contained design floorplan.dat
#% End save design ... (date=12/14 17:03:16, total cpu=0:00:06.4, real=0:00:15.0, peak res=957.9M, current mem=957.9M)
*** Message Summary: 0 warning(s), 0 error(s)

<CMD> zoomBox -71.97750 0.48000 2306.71450 1207.70550
<CMD> zoomBox 26.07400 63.34450 2047.96200 1089.48600
<CMD> panPage -1 0

--------------------------------------------------------------------------------
Exiting Innovus on Tue Dec 14 17:20:47 2021
  Total CPU time:     0:05:50
  Total real time:    0:44:34
  Peak memory (main): 1014.79MB


*** Memory Usage v#1 (Current mem = 1469.762M, initial mem = 274.973M) ***
*** Message Summary: 1704 warning(s), 0 error(s)

--- Ending "Innovus" (totcpu=0:05:45, real=0:44:25, mem=1469.8M) ---
