
                           Design Compiler Graphical 
                                 DC Ultra (TM)
                                  DFTMAX (TM)
                              Power Compiler (TM)
                                 DesignWare (R)
                                 DC Expert (TM)
                               Design Vision (TM)
                               HDL Compiler (TM)
                               VHDL Compiler (TM)
                                  DFT Compiler
                               Design Compiler(R)

               Version R-2020.09-SP5 for linux64 - Apr 23, 2021 

                    Copyright (c) 1988 - 2021 Synopsys, Inc.
   This software and the associated documentation are proprietary to Synopsys,
 Inc. This software may only be used in accordance with the terms and conditions
 of a written license agreement with Synopsys, Inc. All other use, reproduction,
   or distribution of this software is strictly prohibited.  Licensed Products
     communicate with Synopsys servers for the purpose of providing software
    updates, detecting software piracy and verifying that customers are using
    Licensed Products in conformity with the applicable License Key for such
  Licensed Products. Synopsys will use information gathered in connection with
    this process to deliver software updates and pursue software pirates and
                                   infringers.

 Inclusivity & Diversity - Visit SolvNetPlus to read the "Synopsys Statement on
            Inclusivity and Diversity" (Refer to article 000036315 at
                        https://solvnetplus.synopsys.com)
Initializing...
# Setting environment
sh mkdir -p Netlist
sh mkdir -p Report
set company {NTUGIEE}
NTUGIEE
set designer {Student}
Student
set search_path      ". /home/raid7_2/course/cvsd/CBDK_IC_Contest/CIC/SynopsysDC/db  $search_path ../ ./"
. /home/raid7_2/course/cvsd/CBDK_IC_Contest/CIC/SynopsysDC/db  . /usr/cad/synopsys/synthesis/cur/libraries/syn /usr/cad/synopsys/synthesis/cur/dw/syn_ver /usr/cad/synopsys/synthesis/cur/dw/sim_ver ../ ./
set target_library   "slow.db                                      "
slow.db                                      
set link_library     "* $target_library dw_foundation.sldb"
* slow.db                                       dw_foundation.sldb
set symbol_library   "tsmc13.sdb generic.sdb"
tsmc13.sdb generic.sdb
set synthetic_library "dw_foundation.sldb"
dw_foundation.sldb
set default_schematic_options {-size infinite}
-size infinite
# Import Design
set DESIGN "IOTDF"
IOTDF
set hdlin_translate_off_skip_text "TRUE"
Information: Variable 'hdlin_translate_off_skip_text' is obsolete and is being ignored. (INFO-100)
TRUE
set edifout_netlist_only "TRUE"
TRUE
set verilogout_no_tri true
true
set hdlin_enable_presto_for_vhdl "TRUE"
Information: Variable 'hdlin_enable_presto_for_vhdl' is obsolete and is being ignored. (INFO-100)
Information: Variable 'hdlin_enable_presto_for_vhdl' is obsolete and is being ignored. (INFO-100)
TRUE
set sh_enable_line_editing true
true
set sh_line_editing_mode emacs
emacs
history keep 100
100
alias h history
read_file -format verilog  "../$DESIGN.v"
Loading db file '/home/raid7_2/course/cvsd/CBDK_IC_Contest/CIC/SynopsysDC/db/slow.db'
Loading db file '/usr/cad/synopsys/synthesis/cur/libraries/syn/dw_foundation.sldb'
Loading db file '/usr/cad/synopsys/synthesis/cur/libraries/syn/gtech.db'
Loading db file '/usr/cad/synopsys/synthesis/cur/libraries/syn/standard.sldb'
  Loading link library 'slow'
  Loading link library 'gtech'
Loading verilog file '/home/raid7_1/userd/d10013/CVSD/hw4/1101_hw4/IOTDF.v'
Detecting input file type automatically (-rtl or -netlist).
Reading with Presto HDL Compiler (equivalent to -rtl option).
Running PRESTO HDLC
Compiling source file /home/raid7_1/userd/d10013/CVSD/hw4/1101_hw4/IOTDF.v

Statistics for case statements in always block at line 56 in file
	'/home/raid7_1/userd/d10013/CVSD/hw4/1101_hw4/IOTDF.v'
===============================================
|           Line           |  full/ parallel  |
===============================================
|            59            |    auto/auto     |
===============================================

Statistics for case statements in always block at line 100 in file
	'/home/raid7_1/userd/d10013/CVSD/hw4/1101_hw4/IOTDF.v'
===============================================
|           Line           |  full/ parallel  |
===============================================
|           112            |    auto/auto     |
===============================================

Inferred memory devices in process
	in routine IOTDF line 248 in file
		'/home/raid7_1/userd/d10013/CVSD/hw4/1101_hw4/IOTDF.v'.
===============================================================================
|    Register Name    |   Type    | Width | Bus | MB | AR | AS | SR | SS | ST |
===============================================================================
|   last_extre_reg    | Flip-flop |  128  |  Y  | N  | Y  | N  | N  | N  | N  |
|   count_data_reg    | Flip-flop |   3   |  Y  | N  | Y  | N  | N  | N  | N  |
|    iot_out_r_reg    | Flip-flop |  128  |  Y  | N  | Y  | N  | N  | N  | N  |
|     valid_r_reg     | Flip-flop |   1   |  N  | N  | Y  | N  | N  | N  | N  |
|     busy_r_reg      | Flip-flop |   1   |  N  | N  | Y  | N  | N  | N  | N  |
|   count_cycle_reg   | Flip-flop |   4   |  Y  | N  | Y  | N  | N  | N  | N  |
|    cur_state_reg    | Flip-flop |   3   |  Y  | N  | Y  | N  | N  | N  | N  |
|      data_reg       | Flip-flop | 1024  |  Y  | N  | Y  | N  | N  | N  | N  |
|     compare_reg     | Flip-flop |  128  |  Y  | N  | Y  | N  | N  | N  | N  |
|       sum_reg       | Flip-flop |  143  |  Y  | N  | Y  | N  | N  | N  | N  |
|    data_idx_reg     | Flip-flop |   3   |  Y  | N  | Y  | N  | N  | N  | N  |
|   count_round_reg   | Flip-flop |   4   |  Y  | N  | Y  | N  | N  | N  | N  |
===============================================================================
Statistics for MUX_OPs
======================================================
| block name/line  | Inputs | Outputs | # sel inputs |
======================================================
|    IOTDF/117     |   8    |   128   |      3       |
======================================================
Presto compilation completed successfully.
Current design is now '/home/raid7_1/userd/d10013/CVSD/hw4/1101_hw4/IOTDF.db:IOTDF'
Loaded 1 design.
Current design is 'IOTDF'.
IOTDF
current_design [get_designs $DESIGN]
Current design is 'IOTDF'.
{IOTDF}
link

  Linking design 'IOTDF'
  Using the following designs and libraries:
  --------------------------------------------------------------------------
  IOTDF                       /home/raid7_1/userd/d10013/CVSD/hw4/1101_hw4/IOTDF.db
  slow (library)              /home/raid7_2/course/cvsd/CBDK_IC_Contest/CIC/SynopsysDC/db/slow.db
  dw_foundation.sldb (library) /usr/cad/synopsys/synthesis/cur/libraries/syn/dw_foundation.sldb

1
source -echo -verbose ../IOTDF_DC.sdc
# operating conditions and boundary conditions #
create_clock -name clk  -period 10.0   [get_ports  clk]      ;#Modify period by yourself
1
set_dont_touch_network      [all_clocks]
1
set_fix_hold                [all_clocks]
1
set_clock_uncertainty  0.1  [all_clocks]
1
set_clock_latency      1.0  [all_clocks]
1
set_ideal_network           [get_ports clk]
1
#Don't touch the basic env setting as below
set_input_delay  -max 1.0   -clock clk [remove_from_collection [all_inputs]  {clk}]  
1
set_input_delay  -min 0.0   -clock clk [remove_from_collection [all_inputs]  {clk}] 
1
set_output_delay -max 1.0   -clock clk [all_outputs]
1
set_output_delay -min 0.0   -clock clk [all_outputs] 
1
set_load         0.01  [all_outputs]
1
set_drive        0.1   [all_inputs]
1
set_operating_conditions -max_library slow -max slow
Using operating conditions 'slow' found in library 'slow'.
1
set_max_fanout 10 [all_inputs]
1
1
# Compile Design
current_design [get_designs ${DESIGN}]
Current design is 'IOTDF'.
{IOTDF}
check_design > Report/check_design.txt
check_timing > Report/check_timing.txt
#set high_fanout_net_threshold 0
uniquify
1
set_fix_multiple_port_nets -all -buffer_constants [get_designs *]
1
#compile
compile_ultra
Information: Performing power optimization. (PWR-850)
Alib files are up-to-date.
Information: Evaluating DesignWare library utilization. (UISN-27)

============================================================================
| DesignWare Building Block Library  |         Version         | Available |
============================================================================
| Basic DW Building Blocks           | R-2020.09-DWBB_202009.5 |     *     |
| Licensed DW Building Blocks        | R-2020.09-DWBB_202009.5 |     *     |
============================================================================

Information: Sequential output inversion is enabled.  SVF file must be used for formal verification. (OPT-1208)

Information: There are 22 potential problems in your design. Please run 'check_design' for more information. (LINT-99)

  Simplifying Design 'IOTDF'

Loaded alib file './alib-52/slow.db.alib'
  Building model 'DW01_NAND2'
Information: Ungrouping 0 of 1 hierarchies before Pass 1 (OPT-775)
Information: State dependent leakage is now switched from on to off.

  Beginning Pass 1 Mapping
  ------------------------
  Processing 'IOTDF'
Information: Added key list 'DesignWare' to design 'IOTDF'. (DDB-72)
Information: The register 'busy_r_reg' is a constant and will be removed. (OPT-1206)
 Implement Synthetic for 'IOTDF'.

  Updating timing information
Information: Updating design information... (UID-85)
Information: The library cell 'HOLDX1' in the library 'slow' is not characterized for internal power. (PWR-536)
Information: The target library(s) contains cell(s), other than black boxes, that are not characterized for internal power. (PWR-24)

  Beginning Mapping Optimizations  (Ultra High effort)
  -------------------------------
  Mapping Optimization (Phase 1)
Information: The register 'sum_reg[142]' will be removed. (OPT-1207)
Information: The register 'sum_reg[141]' will be removed. (OPT-1207)
Information: The register 'sum_reg[140]' will be removed. (OPT-1207)
Information: The register 'sum_reg[139]' will be removed. (OPT-1207)
Information: The register 'sum_reg[138]' will be removed. (OPT-1207)
Information: The register 'sum_reg[137]' will be removed. (OPT-1207)
Information: The register 'sum_reg[136]' will be removed. (OPT-1207)
Information: The register 'sum_reg[135]' will be removed. (OPT-1207)
Information: The register 'sum_reg[134]' will be removed. (OPT-1207)
Information: The register 'sum_reg[133]' will be removed. (OPT-1207)
Information: The register 'sum_reg[132]' will be removed. (OPT-1207)
Information: The register 'sum_reg[131]' will be removed. (OPT-1207)

                                  TOTAL                                                            
   ELAPSED            WORST NEG   SETUP    DESIGN                              LEAKAGE   MIN DELAY 
    TIME      AREA      SLACK     COST    RULE COST         ENDPOINT            POWER      COST    
  --------- --------- --------- --------- --------- ------------------------- --------- -----------
    0:00:37  249188.5      0.00       0.0     122.4                           197758416.0000      0.00  
    0:00:38  248770.9      0.00       0.0     122.4                           197513024.0000      0.00  

  Beginning Constant Register Removal
  -----------------------------------
    0:00:39  248770.9      0.00       0.0     122.4                           197513024.0000      0.00  
    0:00:40  248770.9      0.00       0.0     122.4                           197513024.0000      0.00  

  Beginning Global Optimizations
  ------------------------------
  Numerical Synthesis (Phase 1)
  Numerical Synthesis (Phase 2)
  Global Optimization (Phase 1)
  Global Optimization (Phase 2)
  Global Optimization (Phase 3)
  Global Optimization (Phase 4)
  Global Optimization (Phase 5)
  Global Optimization (Phase 6)
  Global Optimization (Phase 7)
  Global Optimization (Phase 8)
  Global Optimization (Phase 9)
  Global Optimization (Phase 10)
  Global Optimization (Phase 11)
  Global Optimization (Phase 12)
  Global Optimization (Phase 13)
  Global Optimization (Phase 14)
  Global Optimization (Phase 15)
  Global Optimization (Phase 16)
  Global Optimization (Phase 17)
  Global Optimization (Phase 18)
  Global Optimization (Phase 19)
  Global Optimization (Phase 20)
  Global Optimization (Phase 21)
  Global Optimization (Phase 22)
  Global Optimization (Phase 23)
  Global Optimization (Phase 24)
  Global Optimization (Phase 25)
  Global Optimization (Phase 26)
  Global Optimization (Phase 27)
  Global Optimization (Phase 28)
  Global Optimization (Phase 29)
  Global Optimization (Phase 30)
  Global Optimization (Phase 31)

  Beginning Isolate Ports
  -----------------------

  Beginning Delay Optimization
  ----------------------------
    0:00:46  110271.6      1.10       4.6       0.1                           80736984.0000      0.00  
    0:00:46  110398.9      0.00       0.0       0.1                           80799296.0000      0.00  
    0:00:46  110398.9      0.00       0.0       0.1                           80799296.0000      0.00  
    0:00:46  110398.9      0.00       0.0       0.1                           80799296.0000      0.00  
    0:00:49  110398.9      0.00       0.0       0.1                           80799296.0000      0.00  
    0:00:50  110398.9      0.00       0.0       0.1                           80799296.0000      0.00  

  Beginning WLM Backend Optimization
  --------------------------------------
    0:00:56  105936.4      0.00       0.0       0.0                           76066968.0000      0.00  
    0:00:56  105936.4      0.00       0.0       0.0                           76066968.0000      0.00  
    0:00:56  105936.4      0.00       0.0       0.0                           76066968.0000      0.00  
    0:00:57  105793.8      0.00       0.0       0.0                           74114072.0000      0.00  
    0:00:57  105793.8      0.00       0.0       0.0                           74114072.0000      0.00  
    0:00:57  105793.8      0.00       0.0       0.0                           74114072.0000      0.00  
    0:00:57  105793.8      0.00       0.0       0.0                           74114072.0000      0.00  
    0:00:57  105793.8      0.00       0.0       0.0                           74114072.0000      0.00  
    0:00:57  105793.8      0.00       0.0       0.0                           74114072.0000      0.00  
    0:00:57  105793.8      0.00       0.0       0.0                           74114072.0000      0.00  
    0:00:57  105793.8      0.00       0.0       0.0                           74114072.0000      0.00  
    0:00:57  105793.8      0.00       0.0       0.0                           74114072.0000      0.00  
    0:00:57  105793.8      0.00       0.0       0.0                           74114072.0000      0.00  
    0:00:57  105793.8      0.00       0.0       0.0                           74114072.0000      0.00  
    0:00:57  105793.8      0.00       0.0       0.0                           74114072.0000      0.00  
    0:00:57  105793.8      0.00       0.0       0.0                           74114072.0000      0.00  
    0:00:57  105793.8      0.00       0.0       0.0                           74114072.0000      0.00  
    0:00:57  105793.8      0.00       0.0       0.0                           74114072.0000      0.00  
    0:00:57  105793.8      0.00       0.0       0.0                           74114072.0000      0.00  
    0:00:57  105793.8      0.00       0.0       0.0                           74114072.0000      0.00  
    0:00:57  105793.8      0.00       0.0       0.0                           74114072.0000      0.00  
    0:00:57  105793.8      0.00       0.0       0.0                           74114072.0000      0.00  
    0:00:57  105793.8      0.00       0.0       0.0                           74114072.0000      0.00  
    0:00:57  105793.8      0.00       0.0       0.0                           74114072.0000      0.00  


  Beginning Leakage Power Optimization  (max_leakage_power 0)
  ------------------------------------

                                  TOTAL                                                            
   ELAPSED            WORST NEG   SETUP    DESIGN                              LEAKAGE   MIN DELAY 
    TIME      AREA      SLACK     COST    RULE COST         ENDPOINT            POWER      COST    
  --------- --------- --------- --------- --------- ------------------------- --------- -----------
    0:00:57  105793.8      0.00       0.0       0.0                           74114072.0000      0.00  
  Global Optimization (Phase 32)
  Global Optimization (Phase 33)
  Global Optimization (Phase 34)
  Global Optimization (Phase 35)
  Global Optimization (Phase 36)
  Global Optimization (Phase 37)
  Global Optimization (Phase 38)
  Global Optimization (Phase 39)
  Global Optimization (Phase 40)
  Global Optimization (Phase 41)
  Global Optimization (Phase 42)
  Global Optimization (Phase 43)
  Global Optimization (Phase 44)
  Global Optimization (Phase 45)
  Global Optimization (Phase 46)
    0:01:01  103656.8      0.00       0.0       0.0                           70667224.0000      0.00  
    0:01:01  103656.8      0.00       0.0       0.0                           70667224.0000      0.00  
    0:01:01  103656.8      0.00       0.0       0.0                           70667224.0000      0.00  
    0:01:02  103064.4      0.00       0.0       0.0                           69839056.0000      0.00  
    0:01:02  103064.4      0.00       0.0       0.0                           69839056.0000      0.00  
    0:01:02  103064.4      0.00       0.0       0.0                           69839056.0000      0.00  
    0:01:02  103064.4      0.00       0.0       0.0                           69839056.0000      0.00  
    0:01:02  103064.4      0.00       0.0       0.0                           69839056.0000      0.00  
    0:01:02  103064.4      0.00       0.0       0.0                           69839056.0000      0.00  
    0:01:02  103064.4      0.00       0.0       0.0                           69839056.0000      0.00  
    0:01:02  103064.4      0.00       0.0       0.0                           69839056.0000      0.00  
    0:01:02  103064.4      0.00       0.0       0.0                           69839056.0000      0.00  
    0:01:02  103064.4      0.00       0.0       0.0                           69839056.0000      0.00  
    0:01:02  103064.4      0.00       0.0       0.0                           69839056.0000      0.00  
    0:01:02  103064.4      0.00       0.0       0.0                           69839056.0000      0.00  
    0:01:02  103064.4      0.00       0.0       0.0                           69839056.0000      0.00  
    0:01:02  103064.4      0.00       0.0       0.0                           69839056.0000      0.00  
    0:01:02  103064.4      0.00       0.0       0.0                           69839056.0000      0.00  
    0:01:02  103064.4      0.00       0.0       0.0                           69839056.0000      0.00  
    0:01:02  103064.4      0.00       0.0       0.0                           69839056.0000      0.00  
    0:01:02  103064.4      0.00       0.0       0.0                           69839056.0000      0.00  
    0:01:02  103064.4      0.00       0.0       0.0                           69839056.0000      0.00  

                                  TOTAL                                                            
   ELAPSED            WORST NEG   SETUP    DESIGN                              LEAKAGE   MIN DELAY 
    TIME      AREA      SLACK     COST    RULE COST         ENDPOINT            POWER      COST    
  --------- --------- --------- --------- --------- ------------------------- --------- -----------
    0:01:02  103067.8      0.00       0.0       0.0                           69839616.0000      0.00  
    0:01:03  102628.2      0.00       0.0       0.0                           69865080.0000      0.00  
    0:01:03  102628.2      0.00       0.0       0.0                           69865080.0000      0.00  
    0:01:03  102628.2      0.00       0.0       0.0                           69865080.0000      0.00  
    0:01:04  102635.0      0.00       0.0       0.0                           69859816.0000      0.00  
    0:01:05  102594.2      0.00       0.0       0.0                           69507880.0000      0.00  
    0:01:05  102594.2      0.00       0.0       0.0                           69507880.0000      0.00  
    0:01:05  102594.2      0.00       0.0       0.0                           69507880.0000      0.00  
    0:01:05  102594.2      0.00       0.0       0.0                           69507880.0000      0.00  
    0:01:05  102594.2      0.00       0.0       0.0                           69507880.0000      0.00  
    0:01:05  102594.2      0.00       0.0       0.0                           69507880.0000      0.00  
    0:01:08  102468.6      0.00       0.0       0.0                           69682904.0000      0.00  
Loading db file '/home/raid7_2/course/cvsd/CBDK_IC_Contest/CIC/SynopsysDC/db/slow.db'


Note: Symbol # after min delay cost means estimated hold TNS across all active scenarios 


  Optimization Complete
  ---------------------
Warning: Design 'IOTDF' contains 1 high-fanout nets. A fanout number of 1000 will be used for delay calculations involving these nets. (TIM-134)
     Net 'clk': 1557 load(s), 1 driver(s)
Information: State dependent leakage is now switched from off to on.
Information: Propagating switching activity (low effort zero delay simulation). (PWR-6)
1
optimize_netlist -area
Information: Performing power optimization. (PWR-850)
Alib files are up-to-date.


  Updating timing information
Information: The library cell 'HOLDX1' in the library 'slow' is not characterized for internal power. (PWR-536)
Information: The target library(s) contains cell(s), other than black boxes, that are not characterized for internal power. (PWR-24)


  Beginning Area Optimization
  -----------------------------

                                  TOTAL                                                            
   ELAPSED            WORST NEG   SETUP    DESIGN                              LEAKAGE   MIN DELAY 
    TIME      AREA      SLACK     COST    RULE COST         ENDPOINT            POWER      COST    
  --------- --------- --------- --------- --------- ------------------------- --------- -----------
    0:00:01  102468.6      0.00       0.0       0.0                           69682904.0000      0.00  
    0:00:18  102261.6      0.00       0.0       0.0                           69613616.0000      0.00  
Loading db file '/home/raid7_2/course/cvsd/CBDK_IC_Contest/CIC/SynopsysDC/db/slow.db'


Note: Symbol # after min delay cost means estimated hold TNS across all active scenarios 


  Optimization Complete
  ---------------------
Warning: Design 'IOTDF' contains 1 high-fanout nets. A fanout number of 1000 will be used for delay calculations involving these nets. (TIM-134)
     Net 'clk': 1557 load(s), 1 driver(s)
1
# Report Output
current_design [get_designs ${DESIGN}]
Current design is 'IOTDF'.
{IOTDF}
report_timing > "./Report/${DESIGN}_syn.timing"
report_area > "./Report/${DESIGN}_syn.area"
# Output Design
current_design [get_designs ${DESIGN}]
Current design is 'IOTDF'.
{IOTDF}
set bus_inference_style {%s[%d]}
%s[%d]
set bus_naming_style {%s[%d]}
%s[%d]
set hdlout_internal_busses true
true
change_names -hierarchy -rule verilog
1
define_name_rules name_rule -allowed {a-z A-Z 0-9 _} -max_length 255 -type cell
1
define_name_rules name_rule -allowed {a-z A-Z 0-9 _[]} -max_length 255 -type net
1
define_name_rules name_rule -map {{"\\*cell\\*" "cell"}}
1
define_name_rules name_rule -case_insensitive
1
change_names -hierarchy -rules name_rule
1
remove_unconnected_ports -blast_buses [get_cells -hierarchical *]
1
set verilogout_higher_designs_first true
true
write -format ddc     -hierarchy -output "./Netlist/${DESIGN}_syn.ddc"
Writing ddc file './Netlist/IOTDF_syn.ddc'.
1
write -format verilog -hierarchy -output "./Netlist/${DESIGN}_syn.v"
Writing verilog file '/home/raid7_1/userd/d10013/CVSD/hw4/1101_hw4/02_SYN/Netlist/IOTDF_syn.v'.
1
write_sdf -version 2.1  -context verilog -load_delay cell ./Netlist/${DESIGN}_syn.sdf
Information: Writing timing information to file '/home/raid7_1/userd/d10013/CVSD/hw4/1101_hw4/02_SYN/Netlist/IOTDF_syn.sdf'. (WT-3)
1
write_sdc  ./Netlist/${DESIGN}_syn.sdc -version 1.8
1
report_timing
 
****************************************
Report : timing
        -path full
        -delay max
        -max_paths 1
Design : IOTDF
Version: R-2020.09-SP5
Date   : Mon Dec 20 16:19:59 2021
****************************************

 # A fanout number of 1000 was used for high fanout net computations.

Operating Conditions: slow   Library: slow
Wire Load Model Mode: top

  Startpoint: data_idx_reg_1_
              (rising edge-triggered flip-flop clocked by clk)
  Endpoint: iot_out_r_reg_127_
            (rising edge-triggered flip-flop clocked by clk)
  Path Group: clk
  Path Type: max

  Point                                    Incr       Path
  -----------------------------------------------------------
  clock clk (rise edge)                    0.00       0.00
  clock network delay (ideal)              1.00       1.00
  data_idx_reg_1_/CK (DFFRX1)              0.00 #     1.00 r
  data_idx_reg_1_/Q (DFFRX1)               0.53       1.53 f
  U4048/Y (NAND2XL)                        0.13       1.67 r
  U5978/Y (NOR2X1)                         0.15       1.82 f
  U3904/Y (CLKBUFX3)                       0.78       2.60 f
  U4415/Y (AOI22XL)                        0.36       2.96 r
  U6318/Y (NAND3XL)                        0.37       3.33 f
  U4180/Y (NOR2XL)                         0.30       3.63 r
  U4086/Y (NOR2XL)                         0.09       3.72 f
  U3919/Y (AOI21XL)                        0.21       3.93 r
  U4304/Y (OAI21XL)                        0.12       4.05 f
  U3916/Y (AOI21XL)                        0.19       4.24 r
  U4166/Y (OAI21XL)                        0.12       4.37 f
  U3981/Y (AOI21XL)                        0.17       4.54 r
  U8083/Y (OAI21X1)                        0.12       4.66 f
  U8084/Y (AOI21X1)                        0.17       4.83 r
  U8152/Y (OAI21X1)                        0.11       4.94 f
  U8153/Y (AOI21X1)                        0.15       5.09 r
  U3980/Y (OAI21XL)                        0.13       5.22 f
  U4223/Y (AOI21XL)                        0.26       5.49 r
  U3979/Y (OAI21X1)                        0.13       5.61 f
  U6256/Y (AOI21XL)                        0.26       5.87 r
  U4222/Y (OAI21X1)                        0.13       5.99 f
  U4220/Y (AOI21XL)                        0.26       6.25 r
  U3974/Y (OAI21X1)                        0.13       6.38 f
  U8221/Y (AOI21X1)                        0.17       6.55 r
  U4219/Y (OAI21X1)                        0.11       6.66 f
  U4217/Y (AOI21XL)                        0.26       6.91 r
  U3973/Y (OAI21X1)                        0.13       7.05 f
  U8237/Y (AOI21X1)                        0.17       7.21 r
  U4216/Y (OAI21X1)                        0.11       7.33 f
  U3912/Y (AOI21X1)                        0.17       7.49 r
  U3971/Y (OAI21X1)                        0.11       7.61 f
  U8247/Y (AOI21X1)                        0.17       7.77 r
  U4214/Y (OAI21X1)                        0.11       7.89 f
  U3911/Y (AOI21X1)                        0.15       8.04 r
  U6254/Y (OAI21XL)                        0.13       8.17 f
  U3897/Y (AOI21XL)                        0.26       8.43 r
  U4212/Y (OAI21X1)                        0.13       8.57 f
  U3970/Y (AOI21X1)                        0.17       8.73 r
  U3969/Y (OAI21X1)                        0.11       8.85 f
  U8251/Y (AOI21X1)                        0.17       9.01 r
  U3968/Y (OAI21X1)                        0.11       9.13 f
  U8254/Y (AOI21X1)                        0.20       9.33 r
  U8255/Y (OAI21X2)                        0.10       9.42 f
  U8258/Y (AOI21X1)                        0.16       9.59 r
  U4210/Y (OAI21X1)                        0.11       9.70 f
  U3910/Y (AOI21X1)                        0.17       9.87 r
  U3909/Y (OAI21X1)                        0.11       9.98 f
  U10909/Y (AOI21X1)                       0.16      10.14 r
  U10913/Y (NOR2X1)                        0.09      10.23 f
  U3908/Y (NAND2XL)                        0.10      10.33 r
  U10917/Y (XOR2X1)                        0.15      10.48 f
  U5870/Y (NAND2XL)                        0.09      10.58 r
  U10919/Y (OAI211XL)                      0.09      10.67 f
  iot_out_r_reg_127_/D (DFFRX1)            0.00      10.67 f
  data arrival time                                  10.67

  clock clk (rise edge)                   10.00      10.00
  clock network delay (ideal)              1.00      11.00
  clock uncertainty                       -0.10      10.90
  iot_out_r_reg_127_/CK (DFFRX1)           0.00      10.90 r
  library setup time                      -0.23      10.67
  data required time                                 10.67
  -----------------------------------------------------------
  data required time                                 10.67
  data arrival time                                 -10.67
  -----------------------------------------------------------
  slack (MET)                                         0.00


1
report_area
 
****************************************
Report : area
Design : IOTDF
Version: R-2020.09-SP5
Date   : Mon Dec 20 16:19:59 2021
****************************************

Library(s) Used:

    slow (File: /home/raid7_2/course/cvsd/CBDK_IC_Contest/CIC/SynopsysDC/db/slow.db)

Number of ports:                          144
Number of nets:                          9431
Number of cells:                         8722
Number of combinational cells:           7164
Number of sequential cells:              1557
Number of macros/black boxes:               0
Number of buf/inv:                        608
Number of references:                      62

Combinational area:              52047.375405
Buf/Inv area:                     2237.173171
Noncombinational area:           50214.182499
Macro/Black Box area:                0.000000
Net Interconnect area:      undefined  (No wire load specified)

Total cell area:                102261.557904
Total area:                 undefined
1
check_design
1
exit

Memory usage for this session 246 Mbytes.
Memory usage for this session including child processes 269 Mbytes.
CPU usage for this session 96 seconds ( 0.03 hours ).
Elapsed time for this session 102 seconds ( 0.03 hours ).

Thank you...
